2018-11-09 23:34:38,994 INFO  [SoapUI] Adding [c:\CodeChallenge\soapui\bin\ext\ready-mqtt-plugin-dist_N.jar] to extensions classpath
2018-11-09 23:34:38,995 INFO  [SoapUI] Adding [c:\CodeChallenge\soapui\bin\ext\ready-uxm-plugin-1.0.1-dist_N.jar] to extensions classpath
2018-11-09 23:34:38,998 INFO  [SoapUI] Adding [c:\CodeChallenge\soapui\bin\ext\readyapi-postman-1.0.1.jar] to extensions classpath
2018-11-09 23:34:38,998 INFO  [SoapUI] Adding [c:\CodeChallenge\soapui\bin\ext\readyapi-swaggerhub-plugin_NotInUse1.0.jar] to extensions classpath
2018-11-09 23:34:38,998 INFO  [SoapUI] Adding [c:\CodeChallenge\soapui\bin\ext\soapui-swagger-plugin-2.2-dist.jar] to extensions classpath
2018-11-09 23:34:39,191 INFO  [DefaultSoapUICore] initialized soapui-settings from [C:\Users\admin\soapui-settings.xml]
2018-11-09 23:34:39,825 INFO  [PluginManager] 0 plugins loaded in 2 ms
2018-11-09 23:34:39,825 INFO  [DefaultSoapUICore] All plugins loaded
2018-11-09 23:34:41,317 INFO  [WsdlProject] Loaded project from [file:/C:/CodeChallenge/App/AirWallexTest-soapui-project.xml]
2018-11-09 23:34:41,322 INFO  [SoapUITestCaseRunner] Setting project property [URL] to [http://preview.airwallex.com:30001]
2018-11-09 23:34:41,330 INFO  [SoapUITestCaseRunner] Running SoapUI tests in project [AirWallexTest]
2018-11-09 23:34:41,333 INFO  [SoapUITestCaseRunner] Running Project [AirWallexTest], runType = SEQUENTIAL
2018-11-09 23:34:41,355 INFO  [SoapUITestCaseRunner] Running SoapUI testcase [BankDetails_Verify_All_Valid_Data]
2018-11-09 23:34:41,362 INFO  [SoapUITestCaseRunner] running step [SetProperty_Logic]
2018-11-09 23:34:41,765 INFO  [SoapUITestCaseRunner] running step [BankDetails]
2018-11-09 23:34:42,442 INFO  [SoapUITestCaseRunner] Assertion [Valid HTTP Status Codes] has status VALID
2018-11-09 23:34:42,442 INFO  [SoapUITestCaseRunner] Assertion [Contains] has status VALID
2018-11-09 23:34:42,447 INFO  [SoapUITestCaseRunner] Finished running SoapUI testcase [BankDetails_Verify_All_Valid_Data], time taken: 795ms, status: FINISHED
2018-11-09 23:34:42,461 INFO  [SoapUITestCaseRunner] Running SoapUI testcase [BankDetails_Verify_DuplicateEntry]
2018-11-09 23:34:42,461 INFO  [SoapUITestCaseRunner] running step [SetProperty_Logic]
2018-11-09 23:34:42,542 INFO  [SoapUITestCaseRunner] running step [BankDetails]
2018-11-09 23:34:42,609 INFO  [SoapUITestCaseRunner] Assertion [Valid HTTP Status Codes] has status VALID
2018-11-09 23:34:42,609 INFO  [SoapUITestCaseRunner] Assertion [Contains] has status VALID
2018-11-09 23:34:42,609 INFO  [SoapUITestCaseRunner] running step [BankDetails_Duplicate]
2018-11-09 23:34:42,658 INFO  [SoapUITestCaseRunner] Assertion [Valid HTTP Status Codes] has status FAILED
2018-11-09 23:34:42,660 ERROR [SoapUITestCaseRunner] ASSERTION FAILED -> Response status code:200 is not in acceptable list of status codes
2018-11-09 23:34:42,661 INFO  [SoapUITestCaseRunner] Assertion [Contains] has status FAILED
2018-11-09 23:34:42,664 ERROR [SoapUITestCaseRunner] ASSERTION FAILED -> Missing token [Bank details already registered] in Response
2018-11-09 23:34:42,665 ERROR [SoapUITestCaseRunner] BankDetails_Duplicate failed, exporting to [C:\CodeChallenge\Results\TestCustomerBankDetails-BankDetails_Verify_DuplicateEntry-BankDetails_Duplicate-0-FAILED.txt]
2018-11-09 23:34:42,709 INFO  [SoapUITestCaseRunner] Finished running SoapUI testcase [BankDetails_Verify_DuplicateEntry], time taken: 170ms, status: FAILED
2018-11-09 23:34:42,736 INFO  [SoapUITestCaseRunner] Running SoapUI testcase [BankDetails_Verify_ContryCode_is_Mandatory]
2018-11-09 23:34:42,736 INFO  [SoapUITestCaseRunner] running step [SetProperty_Logic]
2018-11-09 23:34:42,873 INFO  [SoapUITestCaseRunner] running step [BankDetails]
2018-11-09 23:34:42,935 INFO  [SoapUITestCaseRunner] Assertion [Valid HTTP Status Codes] has status VALID
2018-11-09 23:34:42,936 INFO  [SoapUITestCaseRunner] Assertion [Contains] has status VALID
2018-11-09 23:34:42,938 INFO  [SoapUITestCaseRunner] Finished running SoapUI testcase [BankDetails_Verify_ContryCode_is_Mandatory], time taken: 184ms, status: FINISHED
2018-11-09 23:34:42,971 INFO  [SoapUITestCaseRunner] Running SoapUI testcase [BankDetails_Verify_PaymentMethod_is_Mandatory]
2018-11-09 23:34:42,972 INFO  [SoapUITestCaseRunner] running step [SetProperty_Logic]
2018-11-09 23:34:43,158 INFO  [SoapUITestCaseRunner] running step [BankDetails]
2018-11-09 23:34:43,271 INFO  [SoapUITestCaseRunner] Assertion [Valid HTTP Status Codes] has status VALID
2018-11-09 23:34:43,272 INFO  [SoapUITestCaseRunner] Assertion [Contains] has status VALID
2018-11-09 23:34:43,274 INFO  [SoapUITestCaseRunner] Finished running SoapUI testcase [BankDetails_Verify_PaymentMethod_is_Mandatory], time taken: 282ms, status: FINISHED
2018-11-09 23:34:43,304 INFO  [SoapUITestCaseRunner] Running SoapUI testcase [BankDetails_Verify_CCode_US_With_LOCAL]
2018-11-09 23:34:43,305 INFO  [SoapUITestCaseRunner] running step [SetProperty_Logic]
2018-11-09 23:34:43,449 INFO  [SoapUITestCaseRunner] running step [BankDetails]
2018-11-09 23:34:43,527 INFO  [SoapUITestCaseRunner] Assertion [Valid HTTP Status Codes] has status VALID
2018-11-09 23:34:43,527 INFO  [SoapUITestCaseRunner] Assertion [Contains] has status VALID
2018-11-09 23:34:43,531 INFO  [SoapUITestCaseRunner] Finished running SoapUI testcase [BankDetails_Verify_CCode_US_With_LOCAL], time taken: 197ms, status: FINISHED
2018-11-09 23:34:43,567 INFO  [SoapUITestCaseRunner] Running SoapUI testcase [BankDetails_Verify_CCode_CN_With_LOCAL]
2018-11-09 23:34:43,569 INFO  [SoapUITestCaseRunner] running step [SetProperty_Logic]
2018-11-09 23:34:43,728 INFO  [SoapUITestCaseRunner] running step [BankDetails]
2018-11-09 23:34:43,776 INFO  [SoapUITestCaseRunner] Assertion [Valid HTTP Status Codes] has status VALID
2018-11-09 23:34:43,776 INFO  [SoapUITestCaseRunner] Assertion [Contains] has status VALID
2018-11-09 23:34:43,777 INFO  [SoapUITestCaseRunner] Finished running SoapUI testcase [BankDetails_Verify_CCode_CN_With_LOCAL], time taken: 194ms, status: FINISHED
2018-11-09 23:34:43,791 INFO  [SoapUITestCaseRunner] Running SoapUI testcase [BankDetails_Verify_CCode_AU_With_LOCAL]
2018-11-09 23:34:43,791 INFO  [SoapUITestCaseRunner] running step [SetProperty_Logic]
2018-11-09 23:34:43,855 INFO  [SoapUITestCaseRunner] running step [BankDetails]
2018-11-09 23:34:43,908 INFO  [SoapUITestCaseRunner] Assertion [Valid HTTP Status Codes] has status VALID
2018-11-09 23:34:43,909 INFO  [SoapUITestCaseRunner] Assertion [Contains] has status VALID
2018-11-09 23:34:43,910 INFO  [SoapUITestCaseRunner] Finished running SoapUI testcase [BankDetails_Verify_CCode_AU_With_LOCAL], time taken: 109ms, status: FINISHED
2018-11-09 23:34:43,922 INFO  [SoapUITestCaseRunner] Running SoapUI testcase [BankDetails_Verify_CCode_US_With_SwiftCode]
2018-11-09 23:34:43,922 INFO  [SoapUITestCaseRunner] running step [SetProperty_Logic]
2018-11-09 23:34:43,967 INFO  [SoapUITestCaseRunner] running step [BankDetails]
2018-11-09 23:34:44,022 INFO  [SoapUITestCaseRunner] Assertion [Valid HTTP Status Codes] has status VALID
2018-11-09 23:34:44,022 INFO  [SoapUITestCaseRunner] Assertion [Contains] has status VALID
2018-11-09 23:34:44,023 INFO  [SoapUITestCaseRunner] Finished running SoapUI testcase [BankDetails_Verify_CCode_US_With_SwiftCode], time taken: 94ms, status: FINISHED
2018-11-09 23:34:44,032 INFO  [SoapUITestCaseRunner] Running SoapUI testcase [BankDetails_Verify_CCode_AU_With_SwiftCode]
2018-11-09 23:34:44,032 INFO  [SoapUITestCaseRunner] running step [SetProperty_Logic]
2018-11-09 23:34:44,085 INFO  [SoapUITestCaseRunner] running step [BankDetails]
2018-11-09 23:34:44,141 INFO  [SoapUITestCaseRunner] Assertion [Valid HTTP Status Codes] has status VALID
2018-11-09 23:34:44,141 INFO  [SoapUITestCaseRunner] Assertion [Contains] has status VALID
2018-11-09 23:34:44,142 INFO  [SoapUITestCaseRunner] Finished running SoapUI testcase [BankDetails_Verify_CCode_AU_With_SwiftCode], time taken: 103ms, status: FINISHED
2018-11-09 23:34:44,152 INFO  [SoapUITestCaseRunner] Running SoapUI testcase [BankDetails_Verify_CCode_CN_With_SwiftCode]
2018-11-09 23:34:44,152 INFO  [SoapUITestCaseRunner] running step [SetProperty_Logic]
2018-11-09 23:34:44,189 INFO  [SoapUITestCaseRunner] running step [BankDetails]
2018-11-09 23:34:44,250 INFO  [SoapUITestCaseRunner] Assertion [Valid HTTP Status Codes] has status VALID
2018-11-09 23:34:44,251 INFO  [SoapUITestCaseRunner] Assertion [Contains] has status VALID
2018-11-09 23:34:44,257 INFO  [SoapUITestCaseRunner] Finished running SoapUI testcase [BankDetails_Verify_CCode_CN_With_SwiftCode], time taken: 87ms, status: FINISHED
2018-11-09 23:34:44,293 INFO  [SoapUITestCaseRunner] Running SoapUI testcase [BankDetails_Verify_With_Invalid_SwiftCode_Length]
2018-11-09 23:34:44,295 INFO  [SoapUITestCaseRunner] running step [SetProperty_Logic]
2018-11-09 23:34:44,437 INFO  [SoapUITestCaseRunner] running step [BankDetails_CC_AU]
2018-11-09 23:34:44,487 INFO  [SoapUITestCaseRunner] Assertion [Valid HTTP Status Codes] has status VALID
2018-11-09 23:34:44,488 INFO  [SoapUITestCaseRunner] Assertion [Contains] has status VALID
2018-11-09 23:34:44,490 INFO  [SoapUITestCaseRunner] running step [Change CC_To_CN]
2018-11-09 23:34:44,612 INFO  [SoapUITestCaseRunner] running step [BankDetails_CC_CN]
2018-11-09 23:34:44,667 INFO  [SoapUITestCaseRunner] Assertion [Valid HTTP Status Codes] has status VALID
2018-11-09 23:34:44,667 INFO  [SoapUITestCaseRunner] Assertion [Contains] has status VALID
2018-11-09 23:34:44,668 INFO  [SoapUITestCaseRunner] running step [Change CC_To_US]
2018-11-09 23:34:44,706 INFO  [SoapUITestCaseRunner] running step [BankDetails_CC_US]
2018-11-09 23:34:44,758 INFO  [SoapUITestCaseRunner] Assertion [Valid HTTP Status Codes] has status VALID
2018-11-09 23:34:44,758 INFO  [SoapUITestCaseRunner] Assertion [Contains] has status VALID
2018-11-09 23:34:44,760 INFO  [SoapUITestCaseRunner] Finished running SoapUI testcase [BankDetails_Verify_With_Invalid_SwiftCode_Length], time taken: 433ms, status: FINISHED
2018-11-09 23:34:44,770 INFO  [SoapUITestCaseRunner] Running SoapUI testcase [BankDetails_Verify_With_Invalid_SwiftCode_Char]
2018-11-09 23:34:44,771 INFO  [SoapUITestCaseRunner] running step [SetProperty_Logic]
2018-11-09 23:34:44,822 INFO  [SoapUITestCaseRunner] running step [BankDetails_CC_AU]
2018-11-09 23:34:44,881 INFO  [SoapUITestCaseRunner] Assertion [Valid HTTP Status Codes] has status VALID
2018-11-09 23:34:44,881 INFO  [SoapUITestCaseRunner] Assertion [Contains] has status VALID
2018-11-09 23:34:44,881 INFO  [SoapUITestCaseRunner] running step [Change CC_To_CN]
2018-11-09 23:34:44,924 INFO  [SoapUITestCaseRunner] running step [BankDetails_CC_CN]
2018-11-09 23:34:44,966 INFO  [SoapUITestCaseRunner] Assertion [Valid HTTP Status Codes] has status VALID
2018-11-09 23:34:44,966 INFO  [SoapUITestCaseRunner] Assertion [Contains] has status VALID
2018-11-09 23:34:44,966 INFO  [SoapUITestCaseRunner] running step [Change CC_To_US]
2018-11-09 23:34:45,025 INFO  [SoapUITestCaseRunner] running step [BankDetails_CC_US]
2018-11-09 23:34:45,059 INFO  [SoapUITestCaseRunner] Assertion [Valid HTTP Status Codes] has status VALID
2018-11-09 23:34:45,059 INFO  [SoapUITestCaseRunner] Assertion [Contains] has status VALID
2018-11-09 23:34:45,060 INFO  [SoapUITestCaseRunner] Finished running SoapUI testcase [BankDetails_Verify_With_Invalid_SwiftCode_Char], time taken: 254ms, status: FINISHED
2018-11-09 23:34:45,072 INFO  [SoapUITestCaseRunner] Running SoapUI testcase [BankDetails_Verify_With_Invalid_SwiftCode_SpecialChar]
2018-11-09 23:34:45,072 INFO  [SoapUITestCaseRunner] running step [SetProperty_Logic]
2018-11-09 23:34:45,262 INFO  [SoapUITestCaseRunner] running step [BankDetails_CC_AU]
2018-11-09 23:34:45,311 INFO  [SoapUITestCaseRunner] Assertion [Valid HTTP Status Codes] has status FAILED
2018-11-09 23:34:45,312 ERROR [SoapUITestCaseRunner] ASSERTION FAILED -> Response status code:200 is not in acceptable list of status codes
2018-11-09 23:34:45,312 INFO  [SoapUITestCaseRunner] Assertion [Contains] has status FAILED
2018-11-09 23:34:45,312 ERROR [SoapUITestCaseRunner] ASSERTION FAILED -> Missing token [The swift code is not valid for the given bank country code: AU] in Response
2018-11-09 23:34:45,312 ERROR [SoapUITestCaseRunner] BankDetails_CC_AU failed, exporting to [C:\CodeChallenge\Results\TestCustomerBankDetails-BankDetails_Verify_With_Invalid_SwiftCode_SpecialChar-BankDetails_CC_AU-0-FAILED.txt]
2018-11-09 23:34:45,320 INFO  [SoapUITestCaseRunner] Finished running SoapUI testcase [BankDetails_Verify_With_Invalid_SwiftCode_SpecialChar], time taken: 233ms, status: FAILED
2018-11-09 23:34:45,333 INFO  [SoapUITestCaseRunner] Running SoapUI testcase [BankDetails_Verify_SwiftCode_is_Mandatory_For_Swift_Payment_US]
2018-11-09 23:34:45,333 INFO  [SoapUITestCaseRunner] running step [SetProperty_Logic]
2018-11-09 23:34:45,369 INFO  [SoapUITestCaseRunner] running step [BankDetails]
2018-11-09 23:34:45,414 INFO  [SoapUITestCaseRunner] Assertion [Valid HTTP Status Codes] has status VALID
2018-11-09 23:34:45,415 INFO  [SoapUITestCaseRunner] Assertion [Contains] has status VALID
2018-11-09 23:34:45,415 INFO  [SoapUITestCaseRunner] Finished running SoapUI testcase [BankDetails_Verify_SwiftCode_is_Mandatory_For_Swift_Payment_US], time taken: 75ms, status: FINISHED
2018-11-09 23:34:45,426 INFO  [SoapUITestCaseRunner] Running SoapUI testcase [BankDetails_Verify_SwiftCode_is_Mandatory_For_Swift_Payment_CN]
2018-11-09 23:34:45,426 INFO  [SoapUITestCaseRunner] running step [SetProperty_Logic]
2018-11-09 23:34:45,463 INFO  [SoapUITestCaseRunner] running step [BankDetails]
2018-11-09 23:34:45,516 INFO  [SoapUITestCaseRunner] Assertion [Valid HTTP Status Codes] has status VALID
2018-11-09 23:34:45,516 INFO  [SoapUITestCaseRunner] Assertion [Contains] has status VALID
2018-11-09 23:34:45,517 INFO  [SoapUITestCaseRunner] Finished running SoapUI testcase [BankDetails_Verify_SwiftCode_is_Mandatory_For_Swift_Payment_CN], time taken: 85ms, status: FINISHED
2018-11-09 23:34:45,529 INFO  [SoapUITestCaseRunner] Running SoapUI testcase [BankDetails_Verify_SwiftCode_is_Mandatory_For_Swift_Payment_AU]
2018-11-09 23:34:45,530 INFO  [SoapUITestCaseRunner] running step [SetProperty_Logic]
2018-11-09 23:34:45,576 INFO  [SoapUITestCaseRunner] running step [BankDetails]
2018-11-09 23:34:45,619 INFO  [SoapUITestCaseRunner] Assertion [Valid HTTP Status Codes] has status VALID
2018-11-09 23:34:45,619 INFO  [SoapUITestCaseRunner] Assertion [Contains] has status VALID
2018-11-09 23:34:45,620 INFO  [SoapUITestCaseRunner] Finished running SoapUI testcase [BankDetails_Verify_SwiftCode_is_Mandatory_For_Swift_Payment_AU], time taken: 83ms, status: FINISHED
2018-11-09 23:34:45,636 INFO  [SoapUITestCaseRunner] Running SoapUI testcase [BankDetails_Verify_Invalid_BSB_Length_For_AU]
2018-11-09 23:34:45,637 INFO  [SoapUITestCaseRunner] running step [SetProperty_Logic]
2018-11-09 23:34:45,682 INFO  [SoapUITestCaseRunner] running step [BankDetails]
2018-11-09 23:34:45,721 INFO  [SoapUITestCaseRunner] Assertion [Valid HTTP Status Codes] has status VALID
2018-11-09 23:34:45,721 INFO  [SoapUITestCaseRunner] Assertion [Contains] has status VALID
2018-11-09 23:34:45,722 INFO  [SoapUITestCaseRunner] Finished running SoapUI testcase [BankDetails_Verify_Invalid_BSB_Length_For_AU], time taken: 79ms, status: FINISHED
2018-11-09 23:34:45,733 INFO  [SoapUITestCaseRunner] Running SoapUI testcase [BankDetails_Verify_Invalid_BSB_AU_SpecialChar]
2018-11-09 23:34:45,733 INFO  [SoapUITestCaseRunner] running step [SetProperty_Logic]
2018-11-09 23:34:45,784 INFO  [SoapUITestCaseRunner] running step [BankDetails]
2018-11-09 23:34:45,833 INFO  [SoapUITestCaseRunner] Assertion [Valid HTTP Status Codes] has status FAILED
2018-11-09 23:34:45,841 ERROR [SoapUITestCaseRunner] ASSERTION FAILED -> Response status code:200 is not in acceptable list of status codes
2018-11-09 23:34:45,851 INFO  [SoapUITestCaseRunner] Assertion [Contains] has status FAILED
2018-11-09 23:34:45,853 ERROR [SoapUITestCaseRunner] ASSERTION FAILED -> Missing token [Invalid 'bsb' for country code: AU] in Response
2018-11-09 23:34:45,854 ERROR [SoapUITestCaseRunner] BankDetails failed, exporting to [C:\CodeChallenge\Results\TestCustomerBankDetails-BankDetails_Verify_Invalid_BSB_AU_SpecialChar-BankDetails-0-FAILED.txt]
2018-11-09 23:34:45,887 INFO  [SoapUITestCaseRunner] Finished running SoapUI testcase [BankDetails_Verify_Invalid_BSB_AU_SpecialChar], time taken: 88ms, status: FAILED
2018-11-09 23:34:45,932 INFO  [SoapUITestCaseRunner] Running SoapUI testcase [BankDetails_Verify_BSB_is_Mandatory_For_AU]
2018-11-09 23:34:45,933 INFO  [SoapUITestCaseRunner] running step [SetProperty_Logic]
2018-11-09 23:34:46,081 INFO  [SoapUITestCaseRunner] running step [BankDetails]
2018-11-09 23:34:46,139 INFO  [SoapUITestCaseRunner] Assertion [Valid HTTP Status Codes] has status VALID
2018-11-09 23:34:46,139 INFO  [SoapUITestCaseRunner] Assertion [Contains] has status VALID
2018-11-09 23:34:46,141 INFO  [SoapUITestCaseRunner] Finished running SoapUI testcase [BankDetails_Verify_BSB_is_Mandatory_For_AU], time taken: 187ms, status: FINISHED
2018-11-09 23:34:46,207 INFO  [SoapUITestCaseRunner] Running SoapUI testcase [BankDetails_Verify_ABA_For_CN_is_Not Mandatory]
2018-11-09 23:34:46,208 INFO  [SoapUITestCaseRunner] running step [SetProperty_Logic_LOCAL]
2018-11-09 23:34:46,326 INFO  [SoapUITestCaseRunner] running step [BankDetails_CC_US_PM_LOCAL]
2018-11-09 23:34:46,394 INFO  [SoapUITestCaseRunner] Assertion [Valid HTTP Status Codes] has status VALID
2018-11-09 23:34:46,396 INFO  [SoapUITestCaseRunner] Assertion [Contains] has status VALID
2018-11-09 23:34:46,396 INFO  [SoapUITestCaseRunner] running step [SetProperty_Logic_SWIFT]
2018-11-09 23:34:46,534 INFO  [SoapUITestCaseRunner] running step [BankDetails_CC_US_PM_SWIFT]
2018-11-09 23:34:46,590 INFO  [SoapUITestCaseRunner] Assertion [Valid HTTP Status Codes] has status VALID
2018-11-09 23:34:46,590 INFO  [SoapUITestCaseRunner] Assertion [Contains] has status VALID
2018-11-09 23:34:46,590 INFO  [SoapUITestCaseRunner] Finished running SoapUI testcase [BankDetails_Verify_ABA_For_CN_is_Not Mandatory], time taken: 359ms, status: FINISHED
2018-11-09 23:34:46,604 INFO  [SoapUITestCaseRunner] Running SoapUI testcase [BankDetails_Verify_Invalid_ABA_Length_US_SpecialChar]
2018-11-09 23:34:46,604 INFO  [SoapUITestCaseRunner] running step [SetProperty_Logic_LOCAL]
2018-11-09 23:34:46,637 INFO  [SoapUITestCaseRunner] running step [BankDetails_CC_US_PM_LOCAL]
2018-11-09 23:34:46,690 INFO  [SoapUITestCaseRunner] Assertion [Valid HTTP Status Codes] has status FAILED
2018-11-09 23:34:46,691 ERROR [SoapUITestCaseRunner] ASSERTION FAILED -> Response status code:200 is not in acceptable list of status codes
2018-11-09 23:34:46,691 INFO  [SoapUITestCaseRunner] Assertion [Contains] has status FAILED
2018-11-09 23:34:46,691 ERROR [SoapUITestCaseRunner] ASSERTION FAILED -> Missing token [Invalid 'aba' for country code 'US'] in Response
2018-11-09 23:34:46,691 ERROR [SoapUITestCaseRunner] BankDetails_CC_US_PM_LOCAL failed, exporting to [C:\CodeChallenge\Results\TestCustomerBankDetails-BankDetails_Verify_Invalid_ABA_Length_US_SpecialChar-BankDetails_CC_US_PM_LOCAL-0-FAILED.txt]
2018-11-09 23:34:46,703 INFO  [SoapUITestCaseRunner] Finished running SoapUI testcase [BankDetails_Verify_Invalid_ABA_Length_US_SpecialChar], time taken: 82ms, status: FAILED
2018-11-09 23:34:46,714 INFO  [SoapUITestCaseRunner] Running SoapUI testcase [BankDetails_Verify_ABA_For_US_is_Mandatory]
2018-11-09 23:34:46,714 INFO  [SoapUITestCaseRunner] running step [SetProperty_Logic_LOCAL]
2018-11-09 23:34:46,751 INFO  [SoapUITestCaseRunner] running step [BankDetails_CC_US_PM_LOCAL]
2018-11-09 23:34:46,827 INFO  [SoapUITestCaseRunner] Assertion [Valid HTTP Status Codes] has status FAILED
2018-11-09 23:34:46,828 ERROR [SoapUITestCaseRunner] ASSERTION FAILED -> Response status code:200 is not in acceptable list of status codes
2018-11-09 23:34:46,833 INFO  [SoapUITestCaseRunner] Assertion [Contains] has status FAILED
2018-11-09 23:34:46,833 ERROR [SoapUITestCaseRunner] ASSERTION FAILED -> Missing token [‘aba’ is required when the country code is: US] in Response
2018-11-09 23:34:46,836 ERROR [SoapUITestCaseRunner] BankDetails_CC_US_PM_LOCAL failed, exporting to [C:\CodeChallenge\Results\TestCustomerBankDetails-BankDetails_Verify_ABA_For_US_is_Mandatory-BankDetails_CC_US_PM_LOCAL-0-FAILED.txt]
2018-11-09 23:34:46,869 INFO  [SoapUITestCaseRunner] Finished running SoapUI testcase [BankDetails_Verify_ABA_For_US_is_Mandatory], time taken: 91ms, status: FAILED
2018-11-09 23:34:46,928 INFO  [SoapUITestCaseRunner] Running SoapUI testcase [BankDetails_Verify_Invalid_ABA_Length_For_US]
2018-11-09 23:34:46,930 INFO  [SoapUITestCaseRunner] running step [SetProperty_Logic_LOCAL]
2018-11-09 23:34:47,023 INFO  [SoapUITestCaseRunner] running step [BankDetails_CC_US_PM_LOCAL]
2018-11-09 23:34:47,081 INFO  [SoapUITestCaseRunner] Assertion [Valid HTTP Status Codes] has status VALID
2018-11-09 23:34:47,082 INFO  [SoapUITestCaseRunner] Assertion [Contains] has status VALID
2018-11-09 23:34:47,082 INFO  [SoapUITestCaseRunner] running step [SetProperty_Logic_SWIFT]
2018-11-09 23:34:47,126 INFO  [SoapUITestCaseRunner] running step [BankDetails_CC_US_PM_SWIFT]
2018-11-09 23:34:47,179 INFO  [SoapUITestCaseRunner] Assertion [Valid HTTP Status Codes] has status VALID
2018-11-09 23:34:47,179 INFO  [SoapUITestCaseRunner] Assertion [Contains] has status VALID
2018-11-09 23:34:47,180 INFO  [SoapUITestCaseRunner] Finished running SoapUI testcase [BankDetails_Verify_Invalid_ABA_Length_For_US], time taken: 233ms, status: FINISHED
2018-11-09 23:34:47,190 INFO  [SoapUITestCaseRunner] Running SoapUI testcase [BankDetails_Verify_Invalid_AccountNumber_SpecChar]
2018-11-09 23:34:47,191 INFO  [SoapUITestCaseRunner] running step [SetProperty_Logic_CC_AU_LOCAL]
2018-11-09 23:34:47,225 INFO  [SoapUITestCaseRunner] running step [BankDetails_AU_LOCAL]
2018-11-09 23:34:47,260 INFO  [SoapUITestCaseRunner] Assertion [Valid HTTP Status Codes] has status FAILED
2018-11-09 23:34:47,261 ERROR [SoapUITestCaseRunner] ASSERTION FAILED -> Response status code:200 is not in acceptable list of status codes
2018-11-09 23:34:47,261 INFO  [SoapUITestCaseRunner] Assertion [Contains] has status FAILED
2018-11-09 23:34:47,261 ERROR [SoapUITestCaseRunner] ASSERTION FAILED -> Missing token [Invalid account number] in Response
2018-11-09 23:34:47,261 ERROR [SoapUITestCaseRunner] BankDetails_AU_LOCAL failed, exporting to [C:\CodeChallenge\Results\TestCustomerBankDetails-BankDetails_Verify_Invalid_AccountNumber_SpecChar-BankDetails_AU_LOCAL-0-FAILED.txt]
2018-11-09 23:34:47,271 INFO  [SoapUITestCaseRunner] Finished running SoapUI testcase [BankDetails_Verify_Invalid_AccountNumber_SpecChar], time taken: 62ms, status: FAILED
2018-11-09 23:34:47,281 INFO  [SoapUITestCaseRunner] Running SoapUI testcase [BankDetails_Verify_Valid_AccountNumber_AU]
2018-11-09 23:34:47,282 INFO  [SoapUITestCaseRunner] running step [SetProperty_CC_AU_LOCAL]
2018-11-09 23:34:47,322 INFO  [SoapUITestCaseRunner] running step [BankDetails_AU_6-digit_AcctNo]
2018-11-09 23:34:47,359 INFO  [SoapUITestCaseRunner] Assertion [Valid HTTP Status Codes] has status VALID
2018-11-09 23:34:47,359 INFO  [SoapUITestCaseRunner] Assertion [Contains] has status VALID
2018-11-09 23:34:47,360 INFO  [SoapUITestCaseRunner] running step [BankDetails_AU_7-digit_AcctNo]
2018-11-09 23:34:47,411 INFO  [SoapUITestCaseRunner] Assertion [Valid HTTP Status Codes] has status VALID
2018-11-09 23:34:47,411 INFO  [SoapUITestCaseRunner] Assertion [Contains] has status VALID
2018-11-09 23:34:47,412 INFO  [SoapUITestCaseRunner] running step [BankDetails_AU_8-digit_AcctNo]
2018-11-09 23:34:47,462 INFO  [SoapUITestCaseRunner] Assertion [Valid HTTP Status Codes] has status VALID
2018-11-09 23:34:47,462 INFO  [SoapUITestCaseRunner] Assertion [Contains] has status VALID
2018-11-09 23:34:47,463 INFO  [SoapUITestCaseRunner] running step [BankDetails_AU_9-digit_AcctNo]
2018-11-09 23:34:47,514 INFO  [SoapUITestCaseRunner] Assertion [Valid HTTP Status Codes] has status VALID
2018-11-09 23:34:47,515 INFO  [SoapUITestCaseRunner] Assertion [Contains] has status VALID
2018-11-09 23:34:47,515 INFO  [SoapUITestCaseRunner] running step [SetProperty_CC_AU_SWIFT]
2018-11-09 23:34:47,551 INFO  [SoapUITestCaseRunner] running step [BankDetails_AU_6-digit_AcctNo 1]
2018-11-09 23:34:47,604 INFO  [SoapUITestCaseRunner] Assertion [Valid HTTP Status Codes] has status VALID
2018-11-09 23:34:47,604 INFO  [SoapUITestCaseRunner] Assertion [Contains] has status VALID
2018-11-09 23:34:47,605 INFO  [SoapUITestCaseRunner] running step [BankDetails_AU_7-digit_AcctNo 1]
2018-11-09 23:34:47,655 INFO  [SoapUITestCaseRunner] Assertion [Valid HTTP Status Codes] has status VALID
2018-11-09 23:34:47,655 INFO  [SoapUITestCaseRunner] Assertion [Contains] has status VALID
2018-11-09 23:34:47,656 INFO  [SoapUITestCaseRunner] running step [BankDetails_AU_8-digit_AcctNo 1]
2018-11-09 23:34:47,711 INFO  [SoapUITestCaseRunner] Assertion [Valid HTTP Status Codes] has status VALID
2018-11-09 23:34:47,712 INFO  [SoapUITestCaseRunner] Assertion [Contains] has status VALID
2018-11-09 23:34:47,713 INFO  [SoapUITestCaseRunner] running step [BankDetails_AU_9-digit_AcctNo 1]
2018-11-09 23:34:47,777 INFO  [SoapUITestCaseRunner] Assertion [Valid HTTP Status Codes] has status VALID
2018-11-09 23:34:47,777 INFO  [SoapUITestCaseRunner] Assertion [Contains] has status VALID
2018-11-09 23:34:47,780 INFO  [SoapUITestCaseRunner] Finished running SoapUI testcase [BankDetails_Verify_Valid_AccountNumber_AU], time taken: 453ms, status: FINISHED
2018-11-09 23:34:47,837 INFO  [SoapUITestCaseRunner] Running SoapUI testcase [BankDetails_Verify_Invalid_AccountNumber_For_AU]
2018-11-09 23:34:47,839 INFO  [SoapUITestCaseRunner] running step [SetProperty_CC_AU_LOCAL]
2018-11-09 23:34:47,966 INFO  [SoapUITestCaseRunner] running step [BankDetails_AU_5-digit_AcctNo]
2018-11-09 23:34:48,023 INFO  [SoapUITestCaseRunner] Assertion [Valid HTTP Status Codes] has status VALID
2018-11-09 23:34:48,024 INFO  [SoapUITestCaseRunner] Assertion [Contains] has status FAILED
2018-11-09 23:34:48,024 ERROR [SoapUITestCaseRunner] ASSERTION FAILED -> Missing token [Length of account_number should be between 6 and 9 when bank_country_code is 'AU'] in Response
2018-11-09 23:34:48,024 ERROR [SoapUITestCaseRunner] BankDetails_AU_5-digit_AcctNo failed, exporting to [C:\CodeChallenge\Results\TestCustomerBankDetails-BankDetails_Verify_Invalid_AccountNumber_For_AU-BankDetails_AU_5digit_AcctNo-0-FAILED.txt]
2018-11-09 23:34:48,032 INFO  [SoapUITestCaseRunner] Finished running SoapUI testcase [BankDetails_Verify_Invalid_AccountNumber_For_AU], time taken: 175ms, status: FAILED
2018-11-09 23:34:48,043 INFO  [SoapUITestCaseRunner] Running SoapUI testcase [BankDetails_Verify_Valid_AccountNumber_For_CN]
2018-11-09 23:34:48,043 INFO  [SoapUITestCaseRunner] running step [SetProperty_CC_CN_LOCAL]
2018-11-09 23:34:48,080 INFO  [SoapUITestCaseRunner] running step [BankDetails_CC_CN_8-digitAcctNo]
2018-11-09 23:34:48,134 INFO  [SoapUITestCaseRunner] Assertion [Valid HTTP Status Codes] has status VALID
2018-11-09 23:34:48,134 INFO  [SoapUITestCaseRunner] Assertion [Contains] has status VALID
2018-11-09 23:34:48,134 INFO  [SoapUITestCaseRunner] running step [BankDetails_CC_CN_9-digitAcctNo]
2018-11-09 23:34:48,177 INFO  [SoapUITestCaseRunner] Assertion [Valid HTTP Status Codes] has status VALID
2018-11-09 23:34:48,178 INFO  [SoapUITestCaseRunner] Assertion [Contains] has status VALID
2018-11-09 23:34:48,178 INFO  [SoapUITestCaseRunner] running step [BankDetails_CC_CN_10-digitAcctNo]
2018-11-09 23:34:48,231 INFO  [SoapUITestCaseRunner] Assertion [Valid HTTP Status Codes] has status FAILED
2018-11-09 23:34:48,231 ERROR [SoapUITestCaseRunner] ASSERTION FAILED -> Response status code:400 is not in acceptable list of status codes
2018-11-09 23:34:48,231 INFO  [SoapUITestCaseRunner] Assertion [Contains] has status FAILED
2018-11-09 23:34:48,231 ERROR [SoapUITestCaseRunner] ASSERTION FAILED -> Missing token [Bank details saved] in Response
2018-11-09 23:34:48,231 ERROR [SoapUITestCaseRunner] BankDetails_CC_CN_10-digitAcctNo failed, exporting to [C:\CodeChallenge\Results\TestCustomerBankDetails-BankDetails_Verify_Valid_AccountNumber_For_CN-BankDetails_CC_CN_10digitAcctNo-0-FAILED.txt]
2018-11-09 23:34:48,243 INFO  [SoapUITestCaseRunner] Finished running SoapUI testcase [BankDetails_Verify_Valid_AccountNumber_For_CN], time taken: 174ms, status: FAILED
2018-11-09 23:34:48,259 INFO  [SoapUITestCaseRunner] Running SoapUI testcase [BankDetails_Verify_Invalid_AccountNumber_For_CN]
2018-11-09 23:34:48,259 INFO  [SoapUITestCaseRunner] running step [SetProperty_CC_CN_LOCAL]
2018-11-09 23:34:48,308 INFO  [SoapUITestCaseRunner] running step [BankDetails_CC_CN_7-digitAcctNo]
2018-11-09 23:34:48,364 INFO  [SoapUITestCaseRunner] Assertion [Valid HTTP Status Codes] has status FAILED
2018-11-09 23:34:48,364 ERROR [SoapUITestCaseRunner] ASSERTION FAILED -> Response status code:200 is not in acceptable list of status codes
2018-11-09 23:34:48,364 INFO  [SoapUITestCaseRunner] Assertion [Contains] has status FAILED
2018-11-09 23:34:48,365 ERROR [SoapUITestCaseRunner] ASSERTION FAILED -> Missing token ["Length of account_number should be between 8 and 20 when bank_country_code is 'CN'] in Response
2018-11-09 23:34:48,365 ERROR [SoapUITestCaseRunner] BankDetails_CC_CN_7-digitAcctNo failed, exporting to [C:\CodeChallenge\Results\TestCustomerBankDetails-BankDetails_Verify_Invalid_AccountNumber_For_CN-BankDetails_CC_CN_7digitAcctNo-0-FAILED.txt]
2018-11-09 23:34:48,382 INFO  [SoapUITestCaseRunner] Finished running SoapUI testcase [BankDetails_Verify_Invalid_AccountNumber_For_CN], time taken: 98ms, status: FAILED
2018-11-09 23:34:48,397 INFO  [SoapUITestCaseRunner] Running SoapUI testcase [BankDetails_Verify_Valid_AccountNumber_For_US]
2018-11-09 23:34:48,397 INFO  [SoapUITestCaseRunner] running step [SetProperty_CC_US_LOCAL]
2018-11-09 23:34:48,432 INFO  [SoapUITestCaseRunner] running step [BankDetails_1-digitAccountNo]
2018-11-09 23:34:48,472 INFO  [SoapUITestCaseRunner] Assertion [Valid HTTP Status Codes] has status VALID
2018-11-09 23:34:48,472 INFO  [SoapUITestCaseRunner] Assertion [Contains] has status VALID
2018-11-09 23:34:48,472 INFO  [SoapUITestCaseRunner] running step [BankDetails_2-digitAccountNo]
2018-11-09 23:34:48,522 INFO  [SoapUITestCaseRunner] Assertion [Valid HTTP Status Codes] has status VALID
2018-11-09 23:34:48,523 INFO  [SoapUITestCaseRunner] Assertion [Contains] has status VALID
2018-11-09 23:34:48,523 INFO  [SoapUITestCaseRunner] running step [BankDetails_3-digitAccountNo]
2018-11-09 23:34:48,572 INFO  [SoapUITestCaseRunner] Assertion [Valid HTTP Status Codes] has status VALID
2018-11-09 23:34:48,572 INFO  [SoapUITestCaseRunner] Assertion [Contains] has status VALID
2018-11-09 23:34:48,572 INFO  [SoapUITestCaseRunner] running step [BankDetails_4-digitAccountNo]
2018-11-09 23:34:48,623 INFO  [SoapUITestCaseRunner] Assertion [Valid HTTP Status Codes] has status VALID
2018-11-09 23:34:48,623 INFO  [SoapUITestCaseRunner] Assertion [Contains] has status VALID
2018-11-09 23:34:48,623 INFO  [SoapUITestCaseRunner] running step [BankDetails_5-digitAccountNo]
2018-11-09 23:34:48,674 INFO  [SoapUITestCaseRunner] Assertion [Valid HTTP Status Codes] has status VALID
2018-11-09 23:34:48,675 INFO  [SoapUITestCaseRunner] Assertion [Contains] has status VALID
2018-11-09 23:34:48,675 INFO  [SoapUITestCaseRunner] running step [BankDetails_6-digitAccountNo]
2018-11-09 23:34:48,729 INFO  [SoapUITestCaseRunner] Assertion [Valid HTTP Status Codes] has status VALID
2018-11-09 23:34:48,729 INFO  [SoapUITestCaseRunner] Assertion [Contains] has status VALID
2018-11-09 23:34:48,729 INFO  [SoapUITestCaseRunner] running step [BankDetails_7-digitAccountNo]
2018-11-09 23:34:48,775 INFO  [SoapUITestCaseRunner] Assertion [Valid HTTP Status Codes] has status VALID
2018-11-09 23:34:48,776 INFO  [SoapUITestCaseRunner] Assertion [Contains] has status VALID
2018-11-09 23:34:48,776 INFO  [SoapUITestCaseRunner] running step [BankDetails_8-digitAccountNo]
2018-11-09 23:34:48,835 INFO  [SoapUITestCaseRunner] Assertion [Valid HTTP Status Codes] has status VALID
2018-11-09 23:34:48,835 INFO  [SoapUITestCaseRunner] Assertion [Contains] has status VALID
2018-11-09 23:34:48,841 INFO  [SoapUITestCaseRunner] running step [BankDetails_9-digitAccountNo]
2018-11-09 23:34:48,904 INFO  [SoapUITestCaseRunner] Assertion [Valid HTTP Status Codes] has status VALID
2018-11-09 23:34:48,904 INFO  [SoapUITestCaseRunner] Assertion [Contains] has status VALID
2018-11-09 23:34:48,906 INFO  [SoapUITestCaseRunner] running step [BankDetails_10-digitAccountNo]
2018-11-09 23:34:48,976 INFO  [SoapUITestCaseRunner] Assertion [Valid HTTP Status Codes] has status VALID
2018-11-09 23:34:48,977 INFO  [SoapUITestCaseRunner] Assertion [Contains] has status VALID
2018-11-09 23:34:48,979 INFO  [SoapUITestCaseRunner] running step [BankDetails_11-digitAccountNo]
2018-11-09 23:34:49,047 INFO  [SoapUITestCaseRunner] Assertion [Valid HTTP Status Codes] has status VALID
2018-11-09 23:34:49,047 INFO  [SoapUITestCaseRunner] Assertion [Contains] has status VALID
2018-11-09 23:34:49,049 INFO  [SoapUITestCaseRunner] running step [BankDetails_12-digitAccountNo]
2018-11-09 23:34:49,104 INFO  [SoapUITestCaseRunner] Assertion [Valid HTTP Status Codes] has status VALID
2018-11-09 23:34:49,105 INFO  [SoapUITestCaseRunner] Assertion [Contains] has status VALID
2018-11-09 23:34:49,106 INFO  [SoapUITestCaseRunner] running step [BankDetails_13-digitAccountNo]
2018-11-09 23:34:49,175 INFO  [SoapUITestCaseRunner] Assertion [Valid HTTP Status Codes] has status VALID
2018-11-09 23:34:49,176 INFO  [SoapUITestCaseRunner] Assertion [Contains] has status VALID
2018-11-09 23:34:49,178 INFO  [SoapUITestCaseRunner] running step [BankDetails_14-digitAccountNo]
2018-11-09 23:34:49,251 INFO  [SoapUITestCaseRunner] Assertion [Valid HTTP Status Codes] has status VALID
2018-11-09 23:34:49,253 INFO  [SoapUITestCaseRunner] Assertion [Contains] has status VALID
2018-11-09 23:34:49,254 INFO  [SoapUITestCaseRunner] running step [BankDetails_15-digitAccountNo]
2018-11-09 23:34:49,314 INFO  [SoapUITestCaseRunner] Assertion [Valid HTTP Status Codes] has status VALID
2018-11-09 23:34:49,314 INFO  [SoapUITestCaseRunner] Assertion [Contains] has status VALID
2018-11-09 23:34:49,315 INFO  [SoapUITestCaseRunner] running step [BankDetails_16-digitAccountNo]
2018-11-09 23:34:49,407 INFO  [SoapUITestCaseRunner] Assertion [Valid HTTP Status Codes] has status VALID
2018-11-09 23:34:49,408 INFO  [SoapUITestCaseRunner] Assertion [Contains] has status VALID
2018-11-09 23:34:49,409 INFO  [SoapUITestCaseRunner] running step [BankDetails_17-digitAccountNo]
2018-11-09 23:34:49,481 INFO  [SoapUITestCaseRunner] Assertion [Valid HTTP Status Codes] has status VALID
2018-11-09 23:34:49,488 INFO  [SoapUITestCaseRunner] Assertion [Contains] has status VALID
2018-11-09 23:34:49,497 INFO  [SoapUITestCaseRunner] running step [SetProperty_CC_US_SWIFT]
2018-11-09 23:34:49,582 INFO  [SoapUITestCaseRunner] running step [BankDetails_1-digitAccountNo 1]
2018-11-09 23:34:49,635 INFO  [SoapUITestCaseRunner] Assertion [Valid HTTP Status Codes] has status VALID
2018-11-09 23:34:49,635 INFO  [SoapUITestCaseRunner] Assertion [Contains] has status VALID
2018-11-09 23:34:49,636 INFO  [SoapUITestCaseRunner] running step [BankDetails_2-digitAccountNo 1]
2018-11-09 23:34:49,686 INFO  [SoapUITestCaseRunner] Assertion [Valid HTTP Status Codes] has status VALID
2018-11-09 23:34:49,686 INFO  [SoapUITestCaseRunner] Assertion [Contains] has status VALID
2018-11-09 23:34:49,687 INFO  [SoapUITestCaseRunner] running step [BankDetails_3-digitAccountNo 1]
2018-11-09 23:34:49,716 INFO  [SoapUITestCaseRunner] Assertion [Valid HTTP Status Codes] has status VALID
2018-11-09 23:34:49,716 INFO  [SoapUITestCaseRunner] Assertion [Contains] has status VALID
2018-11-09 23:34:49,716 INFO  [SoapUITestCaseRunner] running step [BankDetails_4-digitAccountNo 1]
2018-11-09 23:34:49,758 INFO  [SoapUITestCaseRunner] Assertion [Valid HTTP Status Codes] has status VALID
2018-11-09 23:34:49,758 INFO  [SoapUITestCaseRunner] Assertion [Contains] has status VALID
2018-11-09 23:34:49,759 INFO  [SoapUITestCaseRunner] running step [BankDetails_5-digitAccountNo 1]
2018-11-09 23:34:49,808 INFO  [SoapUITestCaseRunner] Assertion [Valid HTTP Status Codes] has status VALID
2018-11-09 23:34:49,809 INFO  [SoapUITestCaseRunner] Assertion [Contains] has status VALID
2018-11-09 23:34:49,809 INFO  [SoapUITestCaseRunner] running step [BankDetails_6-digitAccountNo 1]
2018-11-09 23:34:49,859 INFO  [SoapUITestCaseRunner] Assertion [Valid HTTP Status Codes] has status VALID
2018-11-09 23:34:49,860 INFO  [SoapUITestCaseRunner] Assertion [Contains] has status VALID
2018-11-09 23:34:49,860 INFO  [SoapUITestCaseRunner] running step [BankDetails_7-digitAccountNo 1]
2018-11-09 23:34:49,910 INFO  [SoapUITestCaseRunner] Assertion [Valid HTTP Status Codes] has status VALID
2018-11-09 23:34:49,910 INFO  [SoapUITestCaseRunner] Assertion [Contains] has status VALID
2018-11-09 23:34:49,910 INFO  [SoapUITestCaseRunner] running step [BankDetails_8-digitAccountNo 1]
2018-11-09 23:34:49,965 INFO  [SoapUITestCaseRunner] Assertion [Valid HTTP Status Codes] has status VALID
2018-11-09 23:34:49,966 INFO  [SoapUITestCaseRunner] Assertion [Contains] has status VALID
2018-11-09 23:34:49,966 INFO  [SoapUITestCaseRunner] running step [BankDetails_9-digitAccountNo 1]
2018-11-09 23:34:50,021 INFO  [SoapUITestCaseRunner] Assertion [Valid HTTP Status Codes] has status VALID
2018-11-09 23:34:50,021 INFO  [SoapUITestCaseRunner] Assertion [Contains] has status VALID
2018-11-09 23:34:50,022 INFO  [SoapUITestCaseRunner] running step [BankDetails_10-digitAccountNo 1]
2018-11-09 23:34:50,081 INFO  [SoapUITestCaseRunner] Assertion [Valid HTTP Status Codes] has status VALID
2018-11-09 23:34:50,082 INFO  [SoapUITestCaseRunner] Assertion [Contains] has status VALID
2018-11-09 23:34:50,083 INFO  [SoapUITestCaseRunner] running step [BankDetails_11-digitAccountNo 1]
2018-11-09 23:34:50,156 INFO  [SoapUITestCaseRunner] Assertion [Valid HTTP Status Codes] has status VALID
2018-11-09 23:34:50,157 INFO  [SoapUITestCaseRunner] Assertion [Contains] has status VALID
2018-11-09 23:34:50,158 INFO  [SoapUITestCaseRunner] running step [BankDetails_12-digitAccountNo 1]
2018-11-09 23:34:50,228 INFO  [SoapUITestCaseRunner] Assertion [Valid HTTP Status Codes] has status VALID
2018-11-09 23:34:50,229 INFO  [SoapUITestCaseRunner] Assertion [Contains] has status VALID
2018-11-09 23:34:50,231 INFO  [SoapUITestCaseRunner] running step [BankDetails_13-digitAccountNo 1]
2018-11-09 23:34:50,313 INFO  [SoapUITestCaseRunner] Assertion [Valid HTTP Status Codes] has status VALID
2018-11-09 23:34:50,320 INFO  [SoapUITestCaseRunner] Assertion [Contains] has status VALID
2018-11-09 23:34:50,323 INFO  [SoapUITestCaseRunner] running step [BankDetails_14-digitAccountNo 1]
2018-11-09 23:34:50,404 INFO  [SoapUITestCaseRunner] Assertion [Valid HTTP Status Codes] has status VALID
2018-11-09 23:34:50,404 INFO  [SoapUITestCaseRunner] Assertion [Contains] has status VALID
2018-11-09 23:34:50,404 INFO  [SoapUITestCaseRunner] running step [BankDetails_15-digitAccountNo 1]
2018-11-09 23:34:50,465 INFO  [SoapUITestCaseRunner] Assertion [Valid HTTP Status Codes] has status VALID
2018-11-09 23:34:50,466 INFO  [SoapUITestCaseRunner] Assertion [Contains] has status VALID
2018-11-09 23:34:50,474 INFO  [SoapUITestCaseRunner] running step [BankDetails_16-digitAccountNo 1]
2018-11-09 23:34:50,543 INFO  [SoapUITestCaseRunner] Assertion [Valid HTTP Status Codes] has status VALID
2018-11-09 23:34:50,543 INFO  [SoapUITestCaseRunner] Assertion [Contains] has status VALID
2018-11-09 23:34:50,545 INFO  [SoapUITestCaseRunner] running step [BankDetails_17-digitAccountNo 1]
2018-11-09 23:34:50,619 INFO  [SoapUITestCaseRunner] Assertion [Valid HTTP Status Codes] has status VALID
2018-11-09 23:34:50,619 INFO  [SoapUITestCaseRunner] Assertion [Contains] has status VALID
2018-11-09 23:34:50,625 INFO  [SoapUITestCaseRunner] Finished running SoapUI testcase [BankDetails_Verify_Valid_AccountNumber_For_US], time taken: 1885ms, status: FINISHED
2018-11-09 23:34:50,658 INFO  [SoapUITestCaseRunner] Running SoapUI testcase [BankDetails_Verify_Invalid_AccountNumber_For_US]
2018-11-09 23:34:50,658 INFO  [SoapUITestCaseRunner] running step [SetProperty_CC_US_LOCAL]
2018-11-09 23:34:50,690 INFO  [SoapUITestCaseRunner] running step [BankDetails_18-digitAccountNo]
2018-11-09 23:34:50,739 INFO  [SoapUITestCaseRunner] Assertion [Valid HTTP Status Codes] has status VALID
2018-11-09 23:34:50,740 INFO  [SoapUITestCaseRunner] Assertion [Contains] has status VALID
2018-11-09 23:34:50,740 INFO  [SoapUITestCaseRunner] running step [SetProperty_CC_US_SWIFT]
2018-11-09 23:34:50,772 INFO  [SoapUITestCaseRunner] running step [BankDetails_18-digitAccountNo 1]
2018-11-09 23:34:50,829 INFO  [SoapUITestCaseRunner] Assertion [Valid HTTP Status Codes] has status VALID
2018-11-09 23:34:50,829 INFO  [SoapUITestCaseRunner] Assertion [Contains] has status VALID
2018-11-09 23:34:50,830 INFO  [SoapUITestCaseRunner] Finished running SoapUI testcase [BankDetails_Verify_Invalid_AccountNumber_For_US], time taken: 160ms, status: FINISHED
2018-11-09 23:34:50,850 INFO  [SoapUITestCaseRunner] Running SoapUI testcase [BankDetails_Verify_AccoutNumber_is_Manadatory_CC_AU]
2018-11-09 23:34:50,851 INFO  [SoapUITestCaseRunner] running step [SetProperty_Logic_PM_LOCAL_AU]
2018-11-09 23:34:50,916 INFO  [SoapUITestCaseRunner] running step [BankDetails_PM_LOCAL_AU]
2018-11-09 23:34:50,976 INFO  [SoapUITestCaseRunner] Assertion [Valid HTTP Status Codes] has status VALID
2018-11-09 23:34:50,977 INFO  [SoapUITestCaseRunner] Assertion [Contains] has status VALID
2018-11-09 23:34:50,977 INFO  [SoapUITestCaseRunner] running step [SetProperty_Logic_PM_SWIFT_AU]
2018-11-09 23:34:51,056 INFO  [SoapUITestCaseRunner] running step [BankDetails_PM_SWIFT_AU]
2018-11-09 23:34:51,115 INFO  [SoapUITestCaseRunner] Assertion [Valid HTTP Status Codes] has status VALID
2018-11-09 23:34:51,116 INFO  [SoapUITestCaseRunner] Assertion [Contains] has status VALID
2018-11-09 23:34:51,116 INFO  [SoapUITestCaseRunner] Finished running SoapUI testcase [BankDetails_Verify_AccoutNumber_is_Manadatory_CC_AU], time taken: 246ms, status: FINISHED
2018-11-09 23:34:51,145 INFO  [SoapUITestCaseRunner] Running SoapUI testcase [BankDetails_Verify_AccountNumber_is_Mandatory_CC_CN]
2018-11-09 23:34:51,146 INFO  [SoapUITestCaseRunner] running step [SetProperty_PM_LOCAL_CN]
2018-11-09 23:34:51,177 INFO  [SoapUITestCaseRunner] running step [BankDetails_PM_LOCAL_CN]
2018-11-09 23:34:51,244 INFO  [SoapUITestCaseRunner] Assertion [Valid HTTP Status Codes] has status VALID
2018-11-09 23:34:51,245 INFO  [SoapUITestCaseRunner] Assertion [Contains] has status VALID
2018-11-09 23:34:51,247 INFO  [SoapUITestCaseRunner] running step [SetProperty_Logic_PM_SWIFT_CN]
2018-11-09 23:34:51,389 INFO  [SoapUITestCaseRunner] running step [BankDetails_PM_SWIFT_CN]
2018-11-09 23:34:51,461 INFO  [SoapUITestCaseRunner] Assertion [Valid HTTP Status Codes] has status VALID
2018-11-09 23:34:51,462 INFO  [SoapUITestCaseRunner] Assertion [Contains] has status VALID
2018-11-09 23:34:51,463 INFO  [SoapUITestCaseRunner] Finished running SoapUI testcase [BankDetails_Verify_AccountNumber_is_Mandatory_CC_CN], time taken: 284ms, status: FINISHED
2018-11-09 23:34:51,504 INFO  [SoapUITestCaseRunner] Running SoapUI testcase [BankDetails_Verify_AccountNumber_is_Mandatory_CC_US]
2018-11-09 23:34:51,505 INFO  [SoapUITestCaseRunner] running step [SetProperty_PM_LOCAL_US]
2018-11-09 23:34:51,578 INFO  [SoapUITestCaseRunner] running step [BankDetails_PM_LOCAL_US]
2018-11-09 23:34:51,635 INFO  [SoapUITestCaseRunner] Assertion [Valid HTTP Status Codes] has status VALID
2018-11-09 23:34:51,640 INFO  [SoapUITestCaseRunner] Assertion [Contains] has status VALID
2018-11-09 23:34:51,643 INFO  [SoapUITestCaseRunner] running step [SetProperty_Logic_PM_SWIFT_US]
2018-11-09 23:34:51,784 INFO  [SoapUITestCaseRunner] running step [BankDetails_PM_SWIFT_US]
2018-11-09 23:34:51,850 INFO  [SoapUITestCaseRunner] Assertion [Valid HTTP Status Codes] has status VALID
2018-11-09 23:34:51,851 INFO  [SoapUITestCaseRunner] Assertion [Contains] has status VALID
2018-11-09 23:34:51,852 INFO  [SoapUITestCaseRunner] Finished running SoapUI testcase [BankDetails_Verify_AccountNumber_is_Mandatory_CC_US], time taken: 315ms, status: FINISHED
2018-11-09 23:34:51,862 INFO  [SoapUITestCaseRunner] Running SoapUI testcase [BankDetails_Verify_Valid_AccountName_For_CC_US]
2018-11-09 23:34:51,863 INFO  [SoapUITestCaseRunner] running step [SetProperty_Logic_PM_Local_CC_US]
2018-11-09 23:34:51,891 INFO  [SoapUITestCaseRunner] running step [BankDetails_With_2Char]
2018-11-09 23:34:51,943 INFO  [SoapUITestCaseRunner] Assertion [Valid HTTP Status Codes] has status VALID
2018-11-09 23:34:51,943 INFO  [SoapUITestCaseRunner] Assertion [Contains] has status VALID
2018-11-09 23:34:51,944 INFO  [SoapUITestCaseRunner] running step [BankDetails_With_3Char]
2018-11-09 23:34:52,004 INFO  [SoapUITestCaseRunner] Assertion [Valid HTTP Status Codes] has status VALID
2018-11-09 23:34:52,006 INFO  [SoapUITestCaseRunner] Assertion [Contains] has status VALID
2018-11-09 23:34:52,008 INFO  [SoapUITestCaseRunner] running step [BankDetails_With_4Char]
2018-11-09 23:34:52,076 INFO  [SoapUITestCaseRunner] Assertion [Valid HTTP Status Codes] has status VALID
2018-11-09 23:34:52,077 INFO  [SoapUITestCaseRunner] Assertion [Contains] has status VALID
2018-11-09 23:34:52,079 INFO  [SoapUITestCaseRunner] running step [BankDetails_With_5Char]
2018-11-09 23:34:52,151 INFO  [SoapUITestCaseRunner] Assertion [Valid HTTP Status Codes] has status VALID
2018-11-09 23:34:52,152 INFO  [SoapUITestCaseRunner] Assertion [Contains] has status VALID
2018-11-09 23:34:52,153 INFO  [SoapUITestCaseRunner] running step [BankDetails_With_6Char]
2018-11-09 23:34:52,230 INFO  [SoapUITestCaseRunner] Assertion [Valid HTTP Status Codes] has status VALID
2018-11-09 23:34:52,231 INFO  [SoapUITestCaseRunner] Assertion [Contains] has status VALID
2018-11-09 23:34:52,232 INFO  [SoapUITestCaseRunner] running step [BankDetails_With_7Char]
2018-11-09 23:34:52,277 INFO  [SoapUITestCaseRunner] Assertion [Valid HTTP Status Codes] has status VALID
2018-11-09 23:34:52,278 INFO  [SoapUITestCaseRunner] Assertion [Contains] has status VALID
2018-11-09 23:34:52,279 INFO  [SoapUITestCaseRunner] running step [BankDetails_With_8Char]
2018-11-09 23:34:52,339 INFO  [SoapUITestCaseRunner] Assertion [Valid HTTP Status Codes] has status VALID
2018-11-09 23:34:52,340 INFO  [SoapUITestCaseRunner] Assertion [Contains] has status VALID
2018-11-09 23:34:52,340 INFO  [SoapUITestCaseRunner] running step [BankDetails_With_9Char]
2018-11-09 23:34:52,380 INFO  [SoapUITestCaseRunner] Assertion [Valid HTTP Status Codes] has status VALID
2018-11-09 23:34:52,382 INFO  [SoapUITestCaseRunner] Assertion [Contains] has status VALID
2018-11-09 23:34:52,382 INFO  [SoapUITestCaseRunner] running step [BankDetails_With_10Char]
2018-11-09 23:34:52,441 INFO  [SoapUITestCaseRunner] Assertion [Valid HTTP Status Codes] has status VALID
2018-11-09 23:34:52,442 INFO  [SoapUITestCaseRunner] Assertion [Contains] has status VALID
2018-11-09 23:34:52,443 INFO  [SoapUITestCaseRunner] running step [SetProperty_Logic_PM_SWIFT_CC_US]
2018-11-09 23:34:52,498 INFO  [SoapUITestCaseRunner] running step [BankDetails_With_2Char 1]
2018-11-09 23:34:52,564 INFO  [SoapUITestCaseRunner] Assertion [Valid HTTP Status Codes] has status VALID
2018-11-09 23:34:52,565 INFO  [SoapUITestCaseRunner] Assertion [Contains] has status VALID
2018-11-09 23:34:52,585 INFO  [SoapUITestCaseRunner] running step [BankDetails_With_3Char 1]
2018-11-09 23:34:52,670 INFO  [SoapUITestCaseRunner] Assertion [Valid HTTP Status Codes] has status VALID
2018-11-09 23:34:52,670 INFO  [SoapUITestCaseRunner] Assertion [Contains] has status VALID
2018-11-09 23:34:52,672 INFO  [SoapUITestCaseRunner] running step [BankDetails_With_4Char 1]
2018-11-09 23:34:52,741 INFO  [SoapUITestCaseRunner] Assertion [Valid HTTP Status Codes] has status VALID
2018-11-09 23:34:52,742 INFO  [SoapUITestCaseRunner] Assertion [Contains] has status VALID
2018-11-09 23:34:52,743 INFO  [SoapUITestCaseRunner] running step [BankDetails_With_5Char 1]
2018-11-09 23:34:52,795 INFO  [SoapUITestCaseRunner] Assertion [Valid HTTP Status Codes] has status VALID
2018-11-09 23:34:52,796 INFO  [SoapUITestCaseRunner] Assertion [Contains] has status VALID
2018-11-09 23:34:52,798 INFO  [SoapUITestCaseRunner] running step [BankDetails_With_6Char 1]
2018-11-09 23:34:52,866 INFO  [SoapUITestCaseRunner] Assertion [Valid HTTP Status Codes] has status VALID
2018-11-09 23:34:52,867 INFO  [SoapUITestCaseRunner] Assertion [Contains] has status VALID
2018-11-09 23:34:52,868 INFO  [SoapUITestCaseRunner] running step [BankDetails_With_7Char 1]
2018-11-09 23:34:52,941 INFO  [SoapUITestCaseRunner] Assertion [Valid HTTP Status Codes] has status VALID
2018-11-09 23:34:52,941 INFO  [SoapUITestCaseRunner] Assertion [Contains] has status VALID
2018-11-09 23:34:52,943 INFO  [SoapUITestCaseRunner] running step [BankDetails_With_8Char 1]
2018-11-09 23:34:53,000 INFO  [SoapUITestCaseRunner] Assertion [Valid HTTP Status Codes] has status VALID
2018-11-09 23:34:53,001 INFO  [SoapUITestCaseRunner] Assertion [Contains] has status VALID
2018-11-09 23:34:53,002 INFO  [SoapUITestCaseRunner] running step [BankDetails_With_9Char 1]
2018-11-09 23:34:53,074 INFO  [SoapUITestCaseRunner] Assertion [Valid HTTP Status Codes] has status VALID
2018-11-09 23:34:53,076 INFO  [SoapUITestCaseRunner] Assertion [Contains] has status VALID
2018-11-09 23:34:53,077 INFO  [SoapUITestCaseRunner] running step [BankDetails_With_10Char 1]
2018-11-09 23:34:53,150 INFO  [SoapUITestCaseRunner] Assertion [Valid HTTP Status Codes] has status VALID
2018-11-09 23:34:53,151 INFO  [SoapUITestCaseRunner] Assertion [Contains] has status VALID
2018-11-09 23:34:53,153 INFO  [SoapUITestCaseRunner] Finished running SoapUI testcase [BankDetails_Verify_Valid_AccountName_For_CC_US], time taken: 1071ms, status: FINISHED
2018-11-09 23:34:53,200 INFO  [SoapUITestCaseRunner] Running SoapUI testcase [BankDetails_Verify_Valid_AccountName_For_CC_CN]
2018-11-09 23:34:53,201 INFO  [SoapUITestCaseRunner] running step [SetProperty_Logic_PM_Local_CC_CN]
2018-11-09 23:34:53,333 INFO  [SoapUITestCaseRunner] running step [BankDetails_With_2Char]
2018-11-09 23:34:53,776 INFO  [SoapUITestCaseRunner] Assertion [Valid HTTP Status Codes] has status VALID
2018-11-09 23:34:53,777 INFO  [SoapUITestCaseRunner] Assertion [Contains] has status VALID
2018-11-09 23:34:53,779 INFO  [SoapUITestCaseRunner] running step [BankDetails_With_3Char]
2018-11-09 23:34:53,849 INFO  [SoapUITestCaseRunner] Assertion [Valid HTTP Status Codes] has status VALID
2018-11-09 23:34:53,849 INFO  [SoapUITestCaseRunner] Assertion [Contains] has status VALID
2018-11-09 23:34:53,850 INFO  [SoapUITestCaseRunner] running step [BankDetails_With_4Char]
2018-11-09 23:34:53,920 INFO  [SoapUITestCaseRunner] Assertion [Valid HTTP Status Codes] has status VALID
2018-11-09 23:34:53,922 INFO  [SoapUITestCaseRunner] Assertion [Contains] has status VALID
2018-11-09 23:34:53,922 INFO  [SoapUITestCaseRunner] running step [BankDetails_With_5Char]
2018-11-09 23:34:53,993 INFO  [SoapUITestCaseRunner] Assertion [Valid HTTP Status Codes] has status VALID
2018-11-09 23:34:53,994 INFO  [SoapUITestCaseRunner] Assertion [Contains] has status VALID
2018-11-09 23:34:53,997 INFO  [SoapUITestCaseRunner] running step [BankDetails_With_6Char]
2018-11-09 23:34:54,066 INFO  [SoapUITestCaseRunner] Assertion [Valid HTTP Status Codes] has status VALID
2018-11-09 23:34:54,067 INFO  [SoapUITestCaseRunner] Assertion [Contains] has status VALID
2018-11-09 23:34:54,069 INFO  [SoapUITestCaseRunner] running step [BankDetails_With_7Char]
2018-11-09 23:34:54,125 INFO  [SoapUITestCaseRunner] Assertion [Valid HTTP Status Codes] has status VALID
2018-11-09 23:34:54,126 INFO  [SoapUITestCaseRunner] Assertion [Contains] has status VALID
2018-11-09 23:34:54,127 INFO  [SoapUITestCaseRunner] running step [BankDetails_With_8Char]
2018-11-09 23:34:54,201 INFO  [SoapUITestCaseRunner] Assertion [Valid HTTP Status Codes] has status VALID
2018-11-09 23:34:54,202 INFO  [SoapUITestCaseRunner] Assertion [Contains] has status VALID
2018-11-09 23:34:54,203 INFO  [SoapUITestCaseRunner] running step [BankDetails_With_9Char]
2018-11-09 23:34:54,278 INFO  [SoapUITestCaseRunner] Assertion [Valid HTTP Status Codes] has status VALID
2018-11-09 23:34:54,278 INFO  [SoapUITestCaseRunner] Assertion [Contains] has status VALID
2018-11-09 23:34:54,280 INFO  [SoapUITestCaseRunner] running step [BankDetails_With_10Char]
2018-11-09 23:34:54,352 INFO  [SoapUITestCaseRunner] Assertion [Valid HTTP Status Codes] has status VALID
2018-11-09 23:34:54,353 INFO  [SoapUITestCaseRunner] Assertion [Contains] has status VALID
2018-11-09 23:34:54,354 INFO  [SoapUITestCaseRunner] running step [SetProperty_Logic_PM_SWIFT_CC_CN]
2018-11-09 23:34:54,477 INFO  [SoapUITestCaseRunner] running step [BankDetails_With_2Char 1]
2018-11-09 23:34:54,535 INFO  [SoapUITestCaseRunner] Assertion [Valid HTTP Status Codes] has status VALID
2018-11-09 23:34:54,536 INFO  [SoapUITestCaseRunner] Assertion [Contains] has status VALID
2018-11-09 23:34:54,537 INFO  [SoapUITestCaseRunner] running step [BankDetails_With_3Char 1]
2018-11-09 23:34:54,609 INFO  [SoapUITestCaseRunner] Assertion [Valid HTTP Status Codes] has status VALID
2018-11-09 23:34:54,610 INFO  [SoapUITestCaseRunner] Assertion [Contains] has status VALID
2018-11-09 23:34:54,611 INFO  [SoapUITestCaseRunner] running step [BankDetails_With_4Char 1]
2018-11-09 23:34:54,683 INFO  [SoapUITestCaseRunner] Assertion [Valid HTTP Status Codes] has status VALID
2018-11-09 23:34:54,708 INFO  [SoapUITestCaseRunner] Assertion [Contains] has status VALID
2018-11-09 23:34:54,717 INFO  [SoapUITestCaseRunner] running step [BankDetails_With_5Char 1]
2018-11-09 23:34:54,786 INFO  [SoapUITestCaseRunner] Assertion [Valid HTTP Status Codes] has status VALID
2018-11-09 23:34:54,787 INFO  [SoapUITestCaseRunner] Assertion [Contains] has status VALID
2018-11-09 23:34:54,788 INFO  [SoapUITestCaseRunner] running step [BankDetails_With_6Char 1]
2018-11-09 23:34:54,841 INFO  [SoapUITestCaseRunner] Assertion [Valid HTTP Status Codes] has status VALID
2018-11-09 23:34:54,842 INFO  [SoapUITestCaseRunner] Assertion [Contains] has status VALID
2018-11-09 23:34:54,843 INFO  [SoapUITestCaseRunner] running step [BankDetails_With_7Char 1]
2018-11-09 23:34:54,916 INFO  [SoapUITestCaseRunner] Assertion [Valid HTTP Status Codes] has status VALID
2018-11-09 23:34:54,917 INFO  [SoapUITestCaseRunner] Assertion [Contains] has status VALID
2018-11-09 23:34:54,919 INFO  [SoapUITestCaseRunner] running step [BankDetails_With_8Char 1]
2018-11-09 23:34:54,992 INFO  [SoapUITestCaseRunner] Assertion [Valid HTTP Status Codes] has status VALID
2018-11-09 23:34:54,992 INFO  [SoapUITestCaseRunner] Assertion [Contains] has status VALID
2018-11-09 23:34:54,994 INFO  [SoapUITestCaseRunner] running step [BankDetails_With_9Char 1]
2018-11-09 23:34:55,050 INFO  [SoapUITestCaseRunner] Assertion [Valid HTTP Status Codes] has status VALID
2018-11-09 23:34:55,051 INFO  [SoapUITestCaseRunner] Assertion [Contains] has status VALID
2018-11-09 23:34:55,053 INFO  [SoapUITestCaseRunner] running step [BankDetails_With_10Char 1]
2018-11-09 23:34:55,123 INFO  [SoapUITestCaseRunner] Assertion [Valid HTTP Status Codes] has status VALID
2018-11-09 23:34:55,124 INFO  [SoapUITestCaseRunner] Assertion [Contains] has status VALID
2018-11-09 23:34:55,125 INFO  [SoapUITestCaseRunner] Finished running SoapUI testcase [BankDetails_Verify_Valid_AccountName_For_CC_CN], time taken: 1675ms, status: FINISHED
2018-11-09 23:34:55,181 INFO  [SoapUITestCaseRunner] Running SoapUI testcase [BankDetails_Verify_Valid_AccountName_For_CC_AU]
2018-11-09 23:34:55,182 INFO  [SoapUITestCaseRunner] running step [SetProperty_Logic_PM_LOCAL_CC_AU]
2018-11-09 23:34:55,306 INFO  [SoapUITestCaseRunner] running step [BankDetails_With_2Char]
2018-11-09 23:34:55,356 INFO  [SoapUITestCaseRunner] Assertion [Valid HTTP Status Codes] has status VALID
2018-11-09 23:34:55,357 INFO  [SoapUITestCaseRunner] Assertion [Contains] has status VALID
2018-11-09 23:34:55,359 INFO  [SoapUITestCaseRunner] running step [BankDetails_With_3Char]
2018-11-09 23:34:55,434 INFO  [SoapUITestCaseRunner] Assertion [Valid HTTP Status Codes] has status VALID
2018-11-09 23:34:55,435 INFO  [SoapUITestCaseRunner] Assertion [Contains] has status VALID
2018-11-09 23:34:55,436 INFO  [SoapUITestCaseRunner] running step [BankDetails_With_4Char]
2018-11-09 23:34:55,507 INFO  [SoapUITestCaseRunner] Assertion [Valid HTTP Status Codes] has status VALID
2018-11-09 23:34:55,507 INFO  [SoapUITestCaseRunner] Assertion [Contains] has status VALID
2018-11-09 23:34:55,509 INFO  [SoapUITestCaseRunner] running step [BankDetails_With_5Char]
2018-11-09 23:34:55,560 INFO  [SoapUITestCaseRunner] Assertion [Valid HTTP Status Codes] has status VALID
2018-11-09 23:34:55,561 INFO  [SoapUITestCaseRunner] Assertion [Contains] has status VALID
2018-11-09 23:34:55,564 INFO  [SoapUITestCaseRunner] running step [BankDetails_With_6Char]
2018-11-09 23:34:55,636 INFO  [SoapUITestCaseRunner] Assertion [Valid HTTP Status Codes] has status VALID
2018-11-09 23:34:55,636 INFO  [SoapUITestCaseRunner] Assertion [Contains] has status VALID
2018-11-09 23:34:55,637 INFO  [SoapUITestCaseRunner] running step [BankDetails_With_7Char]
2018-11-09 23:34:55,719 INFO  [SoapUITestCaseRunner] Assertion [Valid HTTP Status Codes] has status VALID
2018-11-09 23:34:55,721 INFO  [SoapUITestCaseRunner] Assertion [Contains] has status VALID
2018-11-09 23:34:55,723 INFO  [SoapUITestCaseRunner] running step [BankDetails_With_8Char]
2018-11-09 23:34:55,799 INFO  [SoapUITestCaseRunner] Assertion [Valid HTTP Status Codes] has status VALID
2018-11-09 23:34:55,800 INFO  [SoapUITestCaseRunner] Assertion [Contains] has status VALID
2018-11-09 23:34:55,801 INFO  [SoapUITestCaseRunner] running step [BankDetails_With_9Char]
2018-11-09 23:34:55,866 INFO  [SoapUITestCaseRunner] Assertion [Valid HTTP Status Codes] has status VALID
2018-11-09 23:34:55,867 INFO  [SoapUITestCaseRunner] Assertion [Contains] has status VALID
2018-11-09 23:34:55,868 INFO  [SoapUITestCaseRunner] running step [BankDetails_With_10Char]
2018-11-09 23:34:55,939 INFO  [SoapUITestCaseRunner] Assertion [Valid HTTP Status Codes] has status VALID
2018-11-09 23:34:55,940 INFO  [SoapUITestCaseRunner] Assertion [Contains] has status VALID
2018-11-09 23:34:55,941 INFO  [SoapUITestCaseRunner] running step [SetProperty_Logic_PM_SWIFT_CC_AU]
2018-11-09 23:34:56,099 INFO  [SoapUITestCaseRunner] running step [BankDetails_With_2Char 1]
2018-11-09 23:34:56,534 INFO  [SoapUITestCaseRunner] Assertion [Valid HTTP Status Codes] has status VALID
2018-11-09 23:34:56,535 INFO  [SoapUITestCaseRunner] Assertion [Contains] has status VALID
2018-11-09 23:34:56,536 INFO  [SoapUITestCaseRunner] running step [BankDetails_With_3Char 1]
2018-11-09 23:34:56,578 INFO  [SoapUITestCaseRunner] Assertion [Valid HTTP Status Codes] has status VALID
2018-11-09 23:34:56,578 INFO  [SoapUITestCaseRunner] Assertion [Contains] has status VALID
2018-11-09 23:34:56,581 INFO  [SoapUITestCaseRunner] running step [BankDetails_With_4Char 1]
2018-11-09 23:34:56,649 INFO  [SoapUITestCaseRunner] Assertion [Valid HTTP Status Codes] has status VALID
2018-11-09 23:34:56,649 INFO  [SoapUITestCaseRunner] Assertion [Contains] has status VALID
2018-11-09 23:34:56,650 INFO  [SoapUITestCaseRunner] running step [BankDetails_With_5Char 1]
2018-11-09 23:34:56,721 INFO  [SoapUITestCaseRunner] Assertion [Valid HTTP Status Codes] has status VALID
2018-11-09 23:34:56,722 INFO  [SoapUITestCaseRunner] Assertion [Contains] has status VALID
2018-11-09 23:34:56,723 INFO  [SoapUITestCaseRunner] running step [BankDetails_With_6Char 1]
2018-11-09 23:34:56,788 INFO  [SoapUITestCaseRunner] Assertion [Valid HTTP Status Codes] has status VALID
2018-11-09 23:34:56,789 INFO  [SoapUITestCaseRunner] Assertion [Contains] has status VALID
2018-11-09 23:34:56,789 INFO  [SoapUITestCaseRunner] running step [BankDetails_With_7Char 1]
2018-11-09 23:34:56,862 INFO  [SoapUITestCaseRunner] Assertion [Valid HTTP Status Codes] has status VALID
2018-11-09 23:34:56,863 INFO  [SoapUITestCaseRunner] Assertion [Contains] has status VALID
2018-11-09 23:34:56,864 INFO  [SoapUITestCaseRunner] running step [BankDetails_With_8Char 1]
2018-11-09 23:34:56,933 INFO  [SoapUITestCaseRunner] Assertion [Valid HTTP Status Codes] has status VALID
2018-11-09 23:34:56,934 INFO  [SoapUITestCaseRunner] Assertion [Contains] has status VALID
2018-11-09 23:34:56,935 INFO  [SoapUITestCaseRunner] running step [BankDetails_With_9Char 1]
2018-11-09 23:34:56,992 INFO  [SoapUITestCaseRunner] Assertion [Valid HTTP Status Codes] has status VALID
2018-11-09 23:34:56,993 INFO  [SoapUITestCaseRunner] Assertion [Contains] has status VALID
2018-11-09 23:34:56,995 INFO  [SoapUITestCaseRunner] running step [BankDetails_With_10Char 1]
2018-11-09 23:34:57,064 INFO  [SoapUITestCaseRunner] Assertion [Valid HTTP Status Codes] has status VALID
2018-11-09 23:34:57,065 INFO  [SoapUITestCaseRunner] Assertion [Contains] has status VALID
2018-11-09 23:34:57,067 INFO  [SoapUITestCaseRunner] Finished running SoapUI testcase [BankDetails_Verify_Valid_AccountName_For_CC_AU], time taken: 1663ms, status: FINISHED
2018-11-09 23:34:57,133 INFO  [SoapUITestCaseRunner] Running SoapUI testcase [BankDetails_Verify_Invalid_AccountName_CC_US]
2018-11-09 23:34:57,135 INFO  [SoapUITestCaseRunner] running step [SetProperty_Logic_PM_Local_CC_US]
2018-11-09 23:34:57,267 INFO  [SoapUITestCaseRunner] running step [BankDetails_With_1Char]
2018-11-09 23:34:57,334 INFO  [SoapUITestCaseRunner] Assertion [Valid HTTP Status Codes] has status VALID
2018-11-09 23:34:57,335 INFO  [SoapUITestCaseRunner] Assertion [Contains] has status VALID
2018-11-09 23:34:57,336 INFO  [SoapUITestCaseRunner] running step [BankDetails_With_11Char]
2018-11-09 23:34:57,403 INFO  [SoapUITestCaseRunner] Assertion [Valid HTTP Status Codes] has status VALID
2018-11-09 23:34:57,404 INFO  [SoapUITestCaseRunner] Assertion [Contains] has status VALID
2018-11-09 23:34:57,405 INFO  [SoapUITestCaseRunner] running step [SetProperty_Logic_PM_SWIFT_CC_US]
2018-11-09 23:34:57,548 INFO  [SoapUITestCaseRunner] running step [BankDetails_With_1Char 1]
2018-11-09 23:34:57,606 INFO  [SoapUITestCaseRunner] Assertion [Valid HTTP Status Codes] has status VALID
2018-11-09 23:34:57,607 INFO  [SoapUITestCaseRunner] Assertion [Contains] has status VALID
2018-11-09 23:34:57,608 INFO  [SoapUITestCaseRunner] running step [BankDetails_With_11Char 1]
2018-11-09 23:34:57,676 INFO  [SoapUITestCaseRunner] Assertion [Valid HTTP Status Codes] has status VALID
2018-11-09 23:34:57,678 INFO  [SoapUITestCaseRunner] Assertion [Contains] has status VALID
2018-11-09 23:34:57,683 INFO  [SoapUITestCaseRunner] Finished running SoapUI testcase [BankDetails_Verify_Invalid_AccountName_CC_US], time taken: 496ms, status: FINISHED
2018-11-09 23:34:57,737 INFO  [SoapUITestCaseRunner] Running SoapUI testcase [BankDetails_Verify_Invalid_AccountName_CC_CN]
2018-11-09 23:34:57,739 INFO  [SoapUITestCaseRunner] running step [SetProperty_Logic_PM_Local_CC_CN]
2018-11-09 23:34:57,779 INFO  [SoapUITestCaseRunner] running step [BankDetails_With_1Char]
2018-11-09 23:34:57,833 INFO  [SoapUITestCaseRunner] Assertion [Valid HTTP Status Codes] has status VALID
2018-11-09 23:34:57,833 INFO  [SoapUITestCaseRunner] Assertion [Contains] has status VALID
2018-11-09 23:34:57,834 INFO  [SoapUITestCaseRunner] running step [BankDetails_With_11Char]
2018-11-09 23:34:57,892 INFO  [SoapUITestCaseRunner] Assertion [Valid HTTP Status Codes] has status VALID
2018-11-09 23:34:57,893 INFO  [SoapUITestCaseRunner] Assertion [Contains] has status VALID
2018-11-09 23:34:57,894 INFO  [SoapUITestCaseRunner] running step [SetProperty_Logic_PM_SWIFT_CC_US]
2018-11-09 23:34:58,019 INFO  [SoapUITestCaseRunner] running step [BankDetails_With_1Char 1]
2018-11-09 23:34:58,088 INFO  [SoapUITestCaseRunner] Assertion [Valid HTTP Status Codes] has status VALID
2018-11-09 23:34:58,089 INFO  [SoapUITestCaseRunner] Assertion [Contains] has status VALID
2018-11-09 23:34:58,091 INFO  [SoapUITestCaseRunner] running step [BankDetails_With_11Char 1]
2018-11-09 23:34:58,160 INFO  [SoapUITestCaseRunner] Assertion [Valid HTTP Status Codes] has status VALID
2018-11-09 23:34:58,162 INFO  [SoapUITestCaseRunner] Assertion [Contains] has status VALID
2018-11-09 23:34:58,165 INFO  [SoapUITestCaseRunner] Finished running SoapUI testcase [BankDetails_Verify_Invalid_AccountName_CC_CN], time taken: 386ms, status: FINISHED
2018-11-09 23:34:58,225 INFO  [SoapUITestCaseRunner] Running SoapUI testcase [BankDetails_Verify_Invalid_AccountName_For_CC_AU]
2018-11-09 23:34:58,228 INFO  [SoapUITestCaseRunner] running step [SetProperty_Logic_PM_LOCAL_CC_AU]
2018-11-09 23:34:58,353 INFO  [SoapUITestCaseRunner] running step [BankDetails_With_1Char]
2018-11-09 23:34:58,767 INFO  [SoapUITestCaseRunner] Assertion [Valid HTTP Status Codes] has status VALID
2018-11-09 23:34:58,768 INFO  [SoapUITestCaseRunner] Assertion [Contains] has status FAILED
2018-11-09 23:34:58,770 ERROR [SoapUITestCaseRunner] ASSERTION FAILED -> Missing token [Length of account_name should be between 2 and 10] in Response
2018-11-09 23:34:58,772 ERROR [SoapUITestCaseRunner] BankDetails_With_1Char failed, exporting to [C:\CodeChallenge\Results\TestCustomerBankDetails-BankDetails_Verify_Invalid_AccountName_For_CC_AU-BankDetails_With_1Char-0-FAILED.txt]
2018-11-09 23:34:58,805 INFO  [SoapUITestCaseRunner] Finished running SoapUI testcase [BankDetails_Verify_Invalid_AccountName_For_CC_AU], time taken: 180ms, status: FAILED
2018-11-09 23:34:58,867 INFO  [SoapUITestCaseRunner] Running SoapUI testcase [BankDetails_Verify_AccountName_is_Mandatory_CC_US]
2018-11-09 23:34:58,868 INFO  [SoapUITestCaseRunner] running step [SetProperty_Logic_PM_Local_CC_US]
2018-11-09 23:34:59,012 INFO  [SoapUITestCaseRunner] running step [BankDetails_PM_Local]
2018-11-09 23:34:59,080 INFO  [SoapUITestCaseRunner] Assertion [Valid HTTP Status Codes] has status VALID
2018-11-09 23:34:59,082 INFO  [SoapUITestCaseRunner] Assertion [Contains] has status VALID
2018-11-09 23:34:59,082 INFO  [SoapUITestCaseRunner] running step [SetProperty_Logic_PM_SWIFT_CC_US]
2018-11-09 23:34:59,200 INFO  [SoapUITestCaseRunner] running step [BankDetails_PM_SWIFT]
2018-11-09 23:34:59,279 INFO  [SoapUITestCaseRunner] Assertion [Valid HTTP Status Codes] has status VALID
2018-11-09 23:34:59,279 INFO  [SoapUITestCaseRunner] Assertion [Contains] has status VALID
2018-11-09 23:34:59,281 INFO  [SoapUITestCaseRunner] Finished running SoapUI testcase [BankDetails_Verify_AccountName_is_Mandatory_CC_US], time taken: 373ms, status: FINISHED
2018-11-09 23:34:59,337 INFO  [SoapUITestCaseRunner] Running SoapUI testcase [BankDetails_Verify_AccountName_is_Mandatory_CC_CN]
2018-11-09 23:34:59,338 INFO  [SoapUITestCaseRunner] running step [SetProperty_Logic_PM_Local_CC_CN]
2018-11-09 23:34:59,463 INFO  [SoapUITestCaseRunner] running step [BankDetails_PM_Local]
2018-11-09 23:34:59,547 INFO  [SoapUITestCaseRunner] Assertion [Valid HTTP Status Codes] has status VALID
2018-11-09 23:34:59,548 INFO  [SoapUITestCaseRunner] Assertion [Contains] has status VALID
2018-11-09 23:34:59,549 INFO  [SoapUITestCaseRunner] running step [SetProperty_Logic_PM_SWIFT_CC_CN]
2018-11-09 23:34:59,618 INFO  [SoapUITestCaseRunner] running step [BankDetails_PM_SWIFT]
2018-11-09 23:34:59,682 INFO  [SoapUITestCaseRunner] Assertion [Valid HTTP Status Codes] has status VALID
2018-11-09 23:34:59,683 INFO  [SoapUITestCaseRunner] Assertion [Contains] has status VALID
2018-11-09 23:34:59,685 INFO  [SoapUITestCaseRunner] Finished running SoapUI testcase [BankDetails_Verify_AccountName_is_Mandatory_CC_CN], time taken: 317ms, status: FINISHED
2018-11-09 23:34:59,751 INFO  [SoapUITestCaseRunner] Running SoapUI testcase [BankDetails_Verify_AccountName_is_Mandatory_CC_AU]
2018-11-09 23:34:59,752 INFO  [SoapUITestCaseRunner] running step [SetProperty_Logic_PM_LOCAL_CC_AU]
2018-11-09 23:34:59,854 INFO  [SoapUITestCaseRunner] running step [BankDetails_PM_Local]
2018-11-09 23:34:59,921 INFO  [SoapUITestCaseRunner] Assertion [Valid HTTP Status Codes] has status VALID
2018-11-09 23:34:59,922 INFO  [SoapUITestCaseRunner] Assertion [Contains] has status FAILED
2018-11-09 23:34:59,922 ERROR [SoapUITestCaseRunner] ASSERTION FAILED -> Missing token [Length of account_name should be between 2 and 10] in Response
2018-11-09 23:34:59,922 ERROR [SoapUITestCaseRunner] BankDetails_PM_Local failed, exporting to [C:\CodeChallenge\Results\TestCustomerBankDetails-BankDetails_Verify_AccountName_is_Mandatory_CC_AU-BankDetails_PM_Local-0-FAILED.txt]
2018-11-09 23:34:59,933 INFO  [SoapUITestCaseRunner] Finished running SoapUI testcase [BankDetails_Verify_AccountName_is_Mandatory_CC_AU], time taken: 155ms, status: FAILED
2018-11-09 23:34:59,946 INFO  [SoapUITestCaseRunner] Project [AirWallexTest] finished with status [FAILED] in 18609ms
2018-11-09 23:34:59,965 ERROR [SoapUITestCaseRunner] java.lang.Exception: Valid HTTP Status Codes in [BankDetails_Duplicate] failed;
[Response status code:200 is not in acceptable list of status codes]
Status: FAILED
Time Taken: 39
Size: 32
Timestamp: Fri Nov 09 23:34:42 AEDT 2018
TestStep: BankDetails_Duplicate

----------------- Messages ------------------------------
[Valid HTTP Status Codes] Response status code:200 is not in acceptable list of status codes
[Contains] Missing token [Bank details already registered] in Response

----------------- Properties ------------------------------
HTTP Version: HTTP/1.1
Endpoint: http://preview.airwallex.com:30001
Encoding: UTF-8
Method: POST
StatusCode: 200
URL: http://preview.airwallex.com:30001/bank

---------------- Request ---------------------------
Connection: [Keep-Alive]
User-Agent: [Apache-HttpClient/4.1.1 (java 1.5)]
Host: [preview.airwallex.com:30001]
Accept-Encoding: [gzip,deflate]
Content-Length: [167]
Content-Type: [application/json;charset=UTF-8]

POST http://preview.airwallex.com:30001/bank HTTP/1.1
Accept-Encoding: gzip,deflate
Content-Type: application/json;charset=UTF-8
Content-Length: 167
Host: preview.airwallex.com:30001
Connection: Keep-Alive
User-Agent: Apache-HttpClient/4.1.1 (java 1.5)

{"payment_method": "SWIFT", 
"bank_country_code": "US", 
"account_name": "AUTO JO299", 
"account_number": "42470686", 
"swift_code": "AANEUSRD5", 
"aba": "515273848" }

---------------- Response --------------------------
Access-Control-Allow-Origin: [*]
ETag: [W/"20-RSynxcE0cLbM1GvqyRovjufvmXw"]
Connection: [keep-alive]
#status#: [HTTP/1.1 200 OK]
Content-Length: [32]
Access-Control-Allow-Headers: [Origin, X-Requested-With, Content-Type, Accept]
Date: [Fri, 09 Nov 2018 12:34:39 GMT]
X-Powered-By: [Express]
Content-Type: [application/json; charset=utf-8]

{"success":"Bank details saved"}
Contains in [BankDetails_Duplicate] failed;
[Missing token [Bank details already registered] in Response]
Status: FAILED
Time Taken: 39
Size: 32
Timestamp: Fri Nov 09 23:34:42 AEDT 2018
TestStep: BankDetails_Duplicate

----------------- Messages ------------------------------
[Valid HTTP Status Codes] Response status code:200 is not in acceptable list of status codes
[Contains] Missing token [Bank details already registered] in Response

----------------- Properties ------------------------------
HTTP Version: HTTP/1.1
Endpoint: http://preview.airwallex.com:30001
Encoding: UTF-8
Method: POST
StatusCode: 200
URL: http://preview.airwallex.com:30001/bank

---------------- Request ---------------------------
Connection: [Keep-Alive]
User-Agent: [Apache-HttpClient/4.1.1 (java 1.5)]
Host: [preview.airwallex.com:30001]
Accept-Encoding: [gzip,deflate]
Content-Length: [167]
Content-Type: [application/json;charset=UTF-8]

POST http://preview.airwallex.com:30001/bank HTTP/1.1
Accept-Encoding: gzip,deflate
Content-Type: application/json;charset=UTF-8
Content-Length: 167
Host: preview.airwallex.com:30001
Connection: Keep-Alive
User-Agent: Apache-HttpClient/4.1.1 (java 1.5)

{"payment_method": "SWIFT", 
"bank_country_code": "US", 
"account_name": "AUTO JO299", 
"account_number": "42470686", 
"swift_code": "AANEUSRD5", 
"aba": "515273848" }

---------------- Response --------------------------
Access-Control-Allow-Origin: [*]
ETag: [W/"20-RSynxcE0cLbM1GvqyRovjufvmXw"]
Connection: [keep-alive]
#status#: [HTTP/1.1 200 OK]
Content-Length: [32]
Access-Control-Allow-Headers: [Origin, X-Requested-With, Content-Type, Accept]
Date: [Fri, 09 Nov 2018 12:34:39 GMT]
X-Powered-By: [Express]
Content-Type: [application/json; charset=utf-8]

{"success":"Bank details saved"}
Valid HTTP Status Codes in [BankDetails_CC_AU] failed;
[Response status code:200 is not in acceptable list of status codes]
Status: FAILED
Time Taken: 44
Size: 32
Timestamp: Fri Nov 09 23:34:45 AEDT 2018
TestStep: BankDetails_CC_AU

----------------- Messages ------------------------------
[Valid HTTP Status Codes] Response status code:200 is not in acceptable list of status codes
[Contains] Missing token [The swift code is not valid for the given bank country code: AU] in Response

----------------- Properties ------------------------------
HTTP Version: HTTP/1.1
Endpoint: http://preview.airwallex.com:30001
Encoding: UTF-8
Method: POST
StatusCode: 200
URL: http://preview.airwallex.com:30001/bank

---------------- Request ---------------------------
Connection: [Keep-Alive]
User-Agent: [Apache-HttpClient/4.1.1 (java 1.5)]
Host: [preview.airwallex.com:30001]
Accept-Encoding: [gzip,deflate]
Content-Length: [164]
Content-Type: [application/json;charset=UTF-8]

POST http://preview.airwallex.com:30001/bank HTTP/1.1
Accept-Encoding: gzip,deflate
Content-Type: application/json;charset=UTF-8
Content-Length: 164
Host: preview.airwallex.com:30001
Connection: Keep-Alive
User-Agent: Apache-HttpClient/4.1.1 (java 1.5)

{"payment_method": "SWIFT", 
"bank_country_code": "AU", 
"account_name": "AUTO TPN3L", 
"account_number": "28865131", 
"swift_code": "##GIAUZ27", 
"bsb": "223433" }

---------------- Response --------------------------
Access-Control-Allow-Origin: [*]
ETag: [W/"20-RSynxcE0cLbM1GvqyRovjufvmXw"]
Connection: [keep-alive]
#status#: [HTTP/1.1 200 OK]
Content-Length: [32]
Access-Control-Allow-Headers: [Origin, X-Requested-With, Content-Type, Accept]
Date: [Fri, 09 Nov 2018 12:34:42 GMT]
X-Powered-By: [Express]
Content-Type: [application/json; charset=utf-8]

{"success":"Bank details saved"}
Contains in [BankDetails_CC_AU] failed;
[Missing token [The swift code is not valid for the given bank country code: AU] in Response]
Status: FAILED
Time Taken: 44
Size: 32
Timestamp: Fri Nov 09 23:34:45 AEDT 2018
TestStep: BankDetails_CC_AU

----------------- Messages ------------------------------
[Valid HTTP Status Codes] Response status code:200 is not in acceptable list of status codes
[Contains] Missing token [The swift code is not valid for the given bank country code: AU] in Response

----------------- Properties ------------------------------
HTTP Version: HTTP/1.1
Endpoint: http://preview.airwallex.com:30001
Encoding: UTF-8
Method: POST
StatusCode: 200
URL: http://preview.airwallex.com:30001/bank

---------------- Request ---------------------------
Connection: [Keep-Alive]
User-Agent: [Apache-HttpClient/4.1.1 (java 1.5)]
Host: [preview.airwallex.com:30001]
Accept-Encoding: [gzip,deflate]
Content-Length: [164]
Content-Type: [application/json;charset=UTF-8]

POST http://preview.airwallex.com:30001/bank HTTP/1.1
Accept-Encoding: gzip,deflate
Content-Type: application/json;charset=UTF-8
Content-Length: 164
Host: preview.airwallex.com:30001
Connection: Keep-Alive
User-Agent: Apache-HttpClient/4.1.1 (java 1.5)

{"payment_method": "SWIFT", 
"bank_country_code": "AU", 
"account_name": "AUTO TPN3L", 
"account_number": "28865131", 
"swift_code": "##GIAUZ27", 
"bsb": "223433" }

---------------- Response --------------------------
Access-Control-Allow-Origin: [*]
ETag: [W/"20-RSynxcE0cLbM1GvqyRovjufvmXw"]
Connection: [keep-alive]
#status#: [HTTP/1.1 200 OK]
Content-Length: [32]
Access-Control-Allow-Headers: [Origin, X-Requested-With, Content-Type, Accept]
Date: [Fri, 09 Nov 2018 12:34:42 GMT]
X-Powered-By: [Express]
Content-Type: [application/json; charset=utf-8]

{"success":"Bank details saved"}
Valid HTTP Status Codes in [BankDetails] failed;
[Response status code:200 is not in acceptable list of status codes]
Status: FAILED
Time Taken: 38
Size: 32
Timestamp: Fri Nov 09 23:34:45 AEDT 2018
TestStep: BankDetails

----------------- Messages ------------------------------
[Valid HTTP Status Codes] Response status code:200 is not in acceptable list of status codes
[Contains] Missing token [Invalid 'bsb' for country code: AU] in Response

----------------- Properties ------------------------------
HTTP Version: HTTP/1.1
Endpoint: http://preview.airwallex.com:30001
Encoding: UTF-8
Method: POST
StatusCode: 200
URL: http://preview.airwallex.com:30001/bank

---------------- Request ---------------------------
Connection: [Keep-Alive]
User-Agent: [Apache-HttpClient/4.1.1 (java 1.5)]
Host: [preview.airwallex.com:30001]
Accept-Encoding: [gzip,deflate]
Content-Length: [164]
Content-Type: [application/json;charset=UTF-8]

POST http://preview.airwallex.com:30001/bank HTTP/1.1
Accept-Encoding: gzip,deflate
Content-Type: application/json;charset=UTF-8
Content-Length: 164
Host: preview.airwallex.com:30001
Connection: Keep-Alive
User-Agent: Apache-HttpClient/4.1.1 (java 1.5)

{"payment_method": "SWIFT", 
"bank_country_code": "AU", 
"account_name": "AUTO ZAKHN", 
"account_number": "05300752", 
"swift_code": "ND0KAUPEF", 
"bsb": "#71404" }

---------------- Response --------------------------
Access-Control-Allow-Origin: [*]
ETag: [W/"20-RSynxcE0cLbM1GvqyRovjufvmXw"]
Connection: [keep-alive]
#status#: [HTTP/1.1 200 OK]
Content-Length: [32]
Access-Control-Allow-Headers: [Origin, X-Requested-With, Content-Type, Accept]
Date: [Fri, 09 Nov 2018 12:34:43 GMT]
X-Powered-By: [Express]
Content-Type: [application/json; charset=utf-8]

{"success":"Bank details saved"}
Contains in [BankDetails] failed;
[Missing token [Invalid 'bsb' for country code: AU] in Response]
Status: FAILED
Time Taken: 38
Size: 32
Timestamp: Fri Nov 09 23:34:45 AEDT 2018
TestStep: BankDetails

----------------- Messages ------------------------------
[Valid HTTP Status Codes] Response status code:200 is not in acceptable list of status codes
[Contains] Missing token [Invalid 'bsb' for country code: AU] in Response

----------------- Properties ------------------------------
HTTP Version: HTTP/1.1
Endpoint: http://preview.airwallex.com:30001
Encoding: UTF-8
Method: POST
StatusCode: 200
URL: http://preview.airwallex.com:30001/bank

---------------- Request ---------------------------
Connection: [Keep-Alive]
User-Agent: [Apache-HttpClient/4.1.1 (java 1.5)]
Host: [preview.airwallex.com:30001]
Accept-Encoding: [gzip,deflate]
Content-Length: [164]
Content-Type: [application/json;charset=UTF-8]

POST http://preview.airwallex.com:30001/bank HTTP/1.1
Accept-Encoding: gzip,deflate
Content-Type: application/json;charset=UTF-8
Content-Length: 164
Host: preview.airwallex.com:30001
Connection: Keep-Alive
User-Agent: Apache-HttpClient/4.1.1 (java 1.5)

{"payment_method": "SWIFT", 
"bank_country_code": "AU", 
"account_name": "AUTO ZAKHN", 
"account_number": "05300752", 
"swift_code": "ND0KAUPEF", 
"bsb": "#71404" }

---------------- Response --------------------------
Access-Control-Allow-Origin: [*]
ETag: [W/"20-RSynxcE0cLbM1GvqyRovjufvmXw"]
Connection: [keep-alive]
#status#: [HTTP/1.1 200 OK]
Content-Length: [32]
Access-Control-Allow-Headers: [Origin, X-Requested-With, Content-Type, Accept]
Date: [Fri, 09 Nov 2018 12:34:43 GMT]
X-Powered-By: [Express]
Content-Type: [application/json; charset=utf-8]

{"success":"Bank details saved"}
Valid HTTP Status Codes in [BankDetails_CC_US_PM_LOCAL] failed;
[Response status code:200 is not in acceptable list of status codes]
Status: FAILED
Time Taken: 50
Size: 32
Timestamp: Fri Nov 09 23:34:46 AEDT 2018
TestStep: BankDetails_CC_US_PM_LOCAL

----------------- Messages ------------------------------
[Valid HTTP Status Codes] Response status code:200 is not in acceptable list of status codes
[Contains] Missing token [Invalid 'aba' for country code 'US'] in Response

----------------- Properties ------------------------------
HTTP Version: HTTP/1.1
Endpoint: http://preview.airwallex.com:30001
Encoding: UTF-8
Method: POST
StatusCode: 200
URL: http://preview.airwallex.com:30001/bank

---------------- Request ---------------------------
Connection: [Keep-Alive]
User-Agent: [Apache-HttpClient/4.1.1 (java 1.5)]
Host: [preview.airwallex.com:30001]
Accept-Encoding: [gzip,deflate]
Content-Length: [158]
Content-Type: [application/json;charset=UTF-8]

POST http://preview.airwallex.com:30001/bank HTTP/1.1
Accept-Encoding: gzip,deflate
Content-Type: application/json;charset=UTF-8
Content-Length: 158
Host: preview.airwallex.com:30001
Connection: Keep-Alive
User-Agent: Apache-HttpClient/4.1.1 (java 1.5)

{"payment_method": "LOCAL", 
"bank_country_code": "US", 
"account_name": "AUTO JNW21", 
"account_number": "52761268", 
"swift_code": "", 
"aba": "328736#@#" }

---------------- Response --------------------------
Access-Control-Allow-Origin: [*]
ETag: [W/"20-RSynxcE0cLbM1GvqyRovjufvmXw"]
Connection: [keep-alive]
#status#: [HTTP/1.1 200 OK]
Content-Length: [32]
Access-Control-Allow-Headers: [Origin, X-Requested-With, Content-Type, Accept]
Date: [Fri, 09 Nov 2018 12:34:43 GMT]
X-Powered-By: [Express]
Content-Type: [application/json; charset=utf-8]

{"success":"Bank details saved"}
Contains in [BankDetails_CC_US_PM_LOCAL] failed;
[Missing token [Invalid 'aba' for country code 'US'] in Response]
Status: FAILED
Time Taken: 50
Size: 32
Timestamp: Fri Nov 09 23:34:46 AEDT 2018
TestStep: BankDetails_CC_US_PM_LOCAL

----------------- Messages ------------------------------
[Valid HTTP Status Codes] Response status code:200 is not in acceptable list of status codes
[Contains] Missing token [Invalid 'aba' for country code 'US'] in Response

----------------- Properties ------------------------------
HTTP Version: HTTP/1.1
Endpoint: http://preview.airwallex.com:30001
Encoding: UTF-8
Method: POST
StatusCode: 200
URL: http://preview.airwallex.com:30001/bank

---------------- Request ---------------------------
Connection: [Keep-Alive]
User-Agent: [Apache-HttpClient/4.1.1 (java 1.5)]
Host: [preview.airwallex.com:30001]
Accept-Encoding: [gzip,deflate]
Content-Length: [158]
Content-Type: [application/json;charset=UTF-8]

POST http://preview.airwallex.com:30001/bank HTTP/1.1
Accept-Encoding: gzip,deflate
Content-Type: application/json;charset=UTF-8
Content-Length: 158
Host: preview.airwallex.com:30001
Connection: Keep-Alive
User-Agent: Apache-HttpClient/4.1.1 (java 1.5)

{"payment_method": "LOCAL", 
"bank_country_code": "US", 
"account_name": "AUTO JNW21", 
"account_number": "52761268", 
"swift_code": "", 
"aba": "328736#@#" }

---------------- Response --------------------------
Access-Control-Allow-Origin: [*]
ETag: [W/"20-RSynxcE0cLbM1GvqyRovjufvmXw"]
Connection: [keep-alive]
#status#: [HTTP/1.1 200 OK]
Content-Length: [32]
Access-Control-Allow-Headers: [Origin, X-Requested-With, Content-Type, Accept]
Date: [Fri, 09 Nov 2018 12:34:43 GMT]
X-Powered-By: [Express]
Content-Type: [application/json; charset=utf-8]

{"success":"Bank details saved"}
Valid HTTP Status Codes in [BankDetails_CC_US_PM_LOCAL] failed;
[Response status code:200 is not in acceptable list of status codes]
Status: FAILED
Time Taken: 55
Size: 32
Timestamp: Fri Nov 09 23:34:46 AEDT 2018
TestStep: BankDetails_CC_US_PM_LOCAL

----------------- Messages ------------------------------
[Valid HTTP Status Codes] Response status code:200 is not in acceptable list of status codes
[Contains] Missing token [‘aba’ is required when the country code is: US] in Response

----------------- Properties ------------------------------
HTTP Version: HTTP/1.1
Endpoint: http://preview.airwallex.com:30001
Encoding: UTF-8
Method: POST
StatusCode: 200
URL: http://preview.airwallex.com:30001/bank

---------------- Request ---------------------------
Connection: [Keep-Alive]
User-Agent: [Apache-HttpClient/4.1.1 (java 1.5)]
Host: [preview.airwallex.com:30001]
Accept-Encoding: [gzip,deflate]
Content-Length: [149]
Content-Type: [application/json;charset=UTF-8]

POST http://preview.airwallex.com:30001/bank HTTP/1.1
Accept-Encoding: gzip,deflate
Content-Type: application/json;charset=UTF-8
Content-Length: 149
Host: preview.airwallex.com:30001
Connection: Keep-Alive
User-Agent: Apache-HttpClient/4.1.1 (java 1.5)

{"payment_method": "LOCAL", 
"bank_country_code": "US", 
"account_name": "AUTO KICT2", 
"account_number": "82743645", 
"swift_code": "", 
"aba": "" }

---------------- Response --------------------------
Access-Control-Allow-Origin: [*]
ETag: [W/"20-RSynxcE0cLbM1GvqyRovjufvmXw"]
Connection: [keep-alive]
#status#: [HTTP/1.1 200 OK]
Content-Length: [32]
Access-Control-Allow-Headers: [Origin, X-Requested-With, Content-Type, Accept]
Date: [Fri, 09 Nov 2018 12:34:44 GMT]
X-Powered-By: [Express]
Content-Type: [application/json; charset=utf-8]

{"success":"Bank details saved"}
Contains in [BankDetails_CC_US_PM_LOCAL] failed;
[Missing token [‘aba’ is required when the country code is: US] in Response]
Status: FAILED
Time Taken: 55
Size: 32
Timestamp: Fri Nov 09 23:34:46 AEDT 2018
TestStep: BankDetails_CC_US_PM_LOCAL

----------------- Messages ------------------------------
[Valid HTTP Status Codes] Response status code:200 is not in acceptable list of status codes
[Contains] Missing token [‘aba’ is required when the country code is: US] in Response

----------------- Properties ------------------------------
HTTP Version: HTTP/1.1
Endpoint: http://preview.airwallex.com:30001
Encoding: UTF-8
Method: POST
StatusCode: 200
URL: http://preview.airwallex.com:30001/bank

---------------- Request ---------------------------
Connection: [Keep-Alive]
User-Agent: [Apache-HttpClient/4.1.1 (java 1.5)]
Host: [preview.airwallex.com:30001]
Accept-Encoding: [gzip,deflate]
Content-Length: [149]
Content-Type: [application/json;charset=UTF-8]

POST http://preview.airwallex.com:30001/bank HTTP/1.1
Accept-Encoding: gzip,deflate
Content-Type: application/json;charset=UTF-8
Content-Length: 149
Host: preview.airwallex.com:30001
Connection: Keep-Alive
User-Agent: Apache-HttpClient/4.1.1 (java 1.5)

{"payment_method": "LOCAL", 
"bank_country_code": "US", 
"account_name": "AUTO KICT2", 
"account_number": "82743645", 
"swift_code": "", 
"aba": "" }

---------------- Response --------------------------
Access-Control-Allow-Origin: [*]
ETag: [W/"20-RSynxcE0cLbM1GvqyRovjufvmXw"]
Connection: [keep-alive]
#status#: [HTTP/1.1 200 OK]
Content-Length: [32]
Access-Control-Allow-Headers: [Origin, X-Requested-With, Content-Type, Accept]
Date: [Fri, 09 Nov 2018 12:34:44 GMT]
X-Powered-By: [Express]
Content-Type: [application/json; charset=utf-8]

{"success":"Bank details saved"}
Valid HTTP Status Codes in [BankDetails_AU_LOCAL] failed;
[Response status code:200 is not in acceptable list of status codes]
Status: FAILED
Time Taken: 28
Size: 32
Timestamp: Fri Nov 09 23:34:47 AEDT 2018
TestStep: BankDetails_AU_LOCAL

----------------- Messages ------------------------------
[Valid HTTP Status Codes] Response status code:200 is not in acceptable list of status codes
[Contains] Missing token [Invalid account number] in Response

----------------- Properties ------------------------------
HTTP Version: HTTP/1.1
Endpoint: http://preview.airwallex.com:30001
Encoding: UTF-8
Method: POST
StatusCode: 200
URL: http://preview.airwallex.com:30001/bank

---------------- Request ---------------------------
Connection: [Keep-Alive]
User-Agent: [Apache-HttpClient/4.1.1 (java 1.5)]
Host: [preview.airwallex.com:30001]
Accept-Encoding: [gzip,deflate]
Content-Length: [155]
Content-Type: [application/json;charset=UTF-8]

POST http://preview.airwallex.com:30001/bank HTTP/1.1
Accept-Encoding: gzip,deflate
Content-Type: application/json;charset=UTF-8
Content-Length: 155
Host: preview.airwallex.com:30001
Connection: Keep-Alive
User-Agent: Apache-HttpClient/4.1.1 (java 1.5)

{"payment_method": "LOCAL", 
"bank_country_code": "AU", 
"account_name": "AUTO HCICS", 
"account_number": "4050662#", 
"swift_code": "", 
"bsb": "828821" }

---------------- Response --------------------------
Access-Control-Allow-Origin: [*]
ETag: [W/"20-RSynxcE0cLbM1GvqyRovjufvmXw"]
Connection: [keep-alive]
#status#: [HTTP/1.1 200 OK]
Content-Length: [32]
Access-Control-Allow-Headers: [Origin, X-Requested-With, Content-Type, Accept]
Date: [Fri, 09 Nov 2018 12:34:44 GMT]
X-Powered-By: [Express]
Content-Type: [application/json; charset=utf-8]

{"success":"Bank details saved"}
Contains in [BankDetails_AU_LOCAL] failed;
[Missing token [Invalid account number] in Response]
Status: FAILED
Time Taken: 28
Size: 32
Timestamp: Fri Nov 09 23:34:47 AEDT 2018
TestStep: BankDetails_AU_LOCAL

----------------- Messages ------------------------------
[Valid HTTP Status Codes] Response status code:200 is not in acceptable list of status codes
[Contains] Missing token [Invalid account number] in Response

----------------- Properties ------------------------------
HTTP Version: HTTP/1.1
Endpoint: http://preview.airwallex.com:30001
Encoding: UTF-8
Method: POST
StatusCode: 200
URL: http://preview.airwallex.com:30001/bank

---------------- Request ---------------------------
Connection: [Keep-Alive]
User-Agent: [Apache-HttpClient/4.1.1 (java 1.5)]
Host: [preview.airwallex.com:30001]
Accept-Encoding: [gzip,deflate]
Content-Length: [155]
Content-Type: [application/json;charset=UTF-8]

POST http://preview.airwallex.com:30001/bank HTTP/1.1
Accept-Encoding: gzip,deflate
Content-Type: application/json;charset=UTF-8
Content-Length: 155
Host: preview.airwallex.com:30001
Connection: Keep-Alive
User-Agent: Apache-HttpClient/4.1.1 (java 1.5)

{"payment_method": "LOCAL", 
"bank_country_code": "AU", 
"account_name": "AUTO HCICS", 
"account_number": "4050662#", 
"swift_code": "", 
"bsb": "828821" }

---------------- Response --------------------------
Access-Control-Allow-Origin: [*]
ETag: [W/"20-RSynxcE0cLbM1GvqyRovjufvmXw"]
Connection: [keep-alive]
#status#: [HTTP/1.1 200 OK]
Content-Length: [32]
Access-Control-Allow-Headers: [Origin, X-Requested-With, Content-Type, Accept]
Date: [Fri, 09 Nov 2018 12:34:44 GMT]
X-Powered-By: [Express]
Content-Type: [application/json; charset=utf-8]

{"success":"Bank details saved"}
Contains in [BankDetails_AU_5-digit_AcctNo] failed;
[Missing token [Length of account_number should be between 6 and 9 when bank_country_code is 'AU'] in Response]
Status: FAILED
Time Taken: 52
Size: 94
Timestamp: Fri Nov 09 23:34:47 AEDT 2018
TestStep: BankDetails_AU_5-digit_AcctNo

----------------- Messages ------------------------------
[Contains] Missing token [Length of account_number should be between 6 and 9 when bank_country_code is 'AU'] in Response

----------------- Properties ------------------------------
HTTP Version: HTTP/1.1
Endpoint: http://preview.airwallex.com:30001
Encoding: UTF-8
Method: POST
StatusCode: 400
URL: http://preview.airwallex.com:30001/bank

---------------- Request ---------------------------
Connection: [Keep-Alive]
User-Agent: [Apache-HttpClient/4.1.1 (java 1.5)]
Host: [preview.airwallex.com:30001]
Accept-Encoding: [gzip,deflate]
Content-Length: [152]
Content-Type: [application/json;charset=UTF-8]

POST http://preview.airwallex.com:30001/bank HTTP/1.1
Accept-Encoding: gzip,deflate
Content-Type: application/json;charset=UTF-8
Content-Length: 152
Host: preview.airwallex.com:30001
Connection: Keep-Alive
User-Agent: Apache-HttpClient/4.1.1 (java 1.5)

{"payment_method": "LOCAL", 
"bank_country_code": "AU", 
"account_name": "AUTO VDEYD", 
"account_number": "64615", 
"swift_code": "", 
"bsb": "812416" }

---------------- Response --------------------------
Access-Control-Allow-Origin: [*]
ETag: [W/"5e-YVuagmznE6odyYw/9inHioZLp0Q"]
Connection: [keep-alive]
#status#: [HTTP/1.1 400 Bad Request]
Content-Length: [94]
Access-Control-Allow-Headers: [Origin, X-Requested-With, Content-Type, Accept]
Date: [Fri, 09 Nov 2018 12:34:45 GMT]
X-Powered-By: [Express]
Content-Type: [application/json; charset=utf-8]

{"error":"Length of account_number should be between 7 and 11 when bank_country_code is 'US'"}
Valid HTTP Status Codes in [BankDetails_CC_CN_10-digitAcctNo] failed;
[Response status code:400 is not in acceptable list of status codes]
Status: FAILED
Time Taken: 48
Size: 94
Timestamp: Fri Nov 09 23:34:48 AEDT 2018
TestStep: BankDetails_CC_CN_10-digitAcctNo

----------------- Messages ------------------------------
[Valid HTTP Status Codes] Response status code:400 is not in acceptable list of status codes
[Contains] Missing token [Bank details saved] in Response

----------------- Properties ------------------------------
HTTP Version: HTTP/1.1
Endpoint: http://preview.airwallex.com:30001
Encoding: UTF-8
Method: POST
StatusCode: 400
URL: http://preview.airwallex.com:30001/bank

---------------- Request ---------------------------
Connection: [Keep-Alive]
User-Agent: [Apache-HttpClient/4.1.1 (java 1.5)]
Host: [preview.airwallex.com:30001]
Accept-Encoding: [gzip,deflate]
Content-Length: [160]
Content-Type: [application/json;charset=UTF-8]

POST http://preview.airwallex.com:30001/bank HTTP/1.1
Accept-Encoding: gzip,deflate
Content-Type: application/json;charset=UTF-8
Content-Length: 160
Host: preview.airwallex.com:30001
Connection: Keep-Alive
User-Agent: Apache-HttpClient/4.1.1 (java 1.5)

{"payment_method": "LOCAL", 
"bank_country_code": "CN", 
"account_name": "AUTO 38EHH", 
"account_number": "5421003576", 
"swift_code": "", 
"aba": "04238885K" }

---------------- Response --------------------------
Access-Control-Allow-Origin: [*]
ETag: [W/"5e-YVuagmznE6odyYw/9inHioZLp0Q"]
Connection: [keep-alive]
#status#: [HTTP/1.1 400 Bad Request]
Content-Length: [94]
Access-Control-Allow-Headers: [Origin, X-Requested-With, Content-Type, Accept]
Date: [Fri, 09 Nov 2018 12:34:45 GMT]
X-Powered-By: [Express]
Content-Type: [application/json; charset=utf-8]

{"error":"Length of account_number should be between 7 and 11 when bank_country_code is 'US'"}
Contains in [BankDetails_CC_CN_10-digitAcctNo] failed;
[Missing token [Bank details saved] in Response]
Status: FAILED
Time Taken: 48
Size: 94
Timestamp: Fri Nov 09 23:34:48 AEDT 2018
TestStep: BankDetails_CC_CN_10-digitAcctNo

----------------- Messages ------------------------------
[Valid HTTP Status Codes] Response status code:400 is not in acceptable list of status codes
[Contains] Missing token [Bank details saved] in Response

----------------- Properties ------------------------------
HTTP Version: HTTP/1.1
Endpoint: http://preview.airwallex.com:30001
Encoding: UTF-8
Method: POST
StatusCode: 400
URL: http://preview.airwallex.com:30001/bank

---------------- Request ---------------------------
Connection: [Keep-Alive]
User-Agent: [Apache-HttpClient/4.1.1 (java 1.5)]
Host: [preview.airwallex.com:30001]
Accept-Encoding: [gzip,deflate]
Content-Length: [160]
Content-Type: [application/json;charset=UTF-8]

POST http://preview.airwallex.com:30001/bank HTTP/1.1
Accept-Encoding: gzip,deflate
Content-Type: application/json;charset=UTF-8
Content-Length: 160
Host: preview.airwallex.com:30001
Connection: Keep-Alive
User-Agent: Apache-HttpClient/4.1.1 (java 1.5)

{"payment_method": "LOCAL", 
"bank_country_code": "CN", 
"account_name": "AUTO 38EHH", 
"account_number": "5421003576", 
"swift_code": "", 
"aba": "04238885K" }

---------------- Response --------------------------
Access-Control-Allow-Origin: [*]
ETag: [W/"5e-YVuagmznE6odyYw/9inHioZLp0Q"]
Connection: [keep-alive]
#status#: [HTTP/1.1 400 Bad Request]
Content-Length: [94]
Access-Control-Allow-Headers: [Origin, X-Requested-With, Content-Type, Accept]
Date: [Fri, 09 Nov 2018 12:34:45 GMT]
X-Powered-By: [Express]
Content-Type: [application/json; charset=utf-8]

{"error":"Length of account_number should be between 7 and 11 when bank_country_code is 'US'"}
Valid HTTP Status Codes in [BankDetails_CC_CN_7-digitAcctNo] failed;
[Response status code:200 is not in acceptable list of status codes]
Status: FAILED
Time Taken: 51
Size: 32
Timestamp: Fri Nov 09 23:34:48 AEDT 2018
TestStep: BankDetails_CC_CN_7-digitAcctNo

----------------- Messages ------------------------------
[Valid HTTP Status Codes] Response status code:200 is not in acceptable list of status codes
[Contains] Missing token ["Length of account_number should be between 8 and 20 when bank_country_code is 'CN'] in Response

----------------- Properties ------------------------------
HTTP Version: HTTP/1.1
Endpoint: http://preview.airwallex.com:30001
Encoding: UTF-8
Method: POST
StatusCode: 200
URL: http://preview.airwallex.com:30001/bank

---------------- Request ---------------------------
Connection: [Keep-Alive]
User-Agent: [Apache-HttpClient/4.1.1 (java 1.5)]
Host: [preview.airwallex.com:30001]
Accept-Encoding: [gzip,deflate]
Content-Length: [157]
Content-Type: [application/json;charset=UTF-8]

POST http://preview.airwallex.com:30001/bank HTTP/1.1
Accept-Encoding: gzip,deflate
Content-Type: application/json;charset=UTF-8
Content-Length: 157
Host: preview.airwallex.com:30001
Connection: Keep-Alive
User-Agent: Apache-HttpClient/4.1.1 (java 1.5)

{"payment_method": "LOCAL", 
"bank_country_code": "CN", 
"account_name": "AUTO XZM6Q", 
"account_number": "7105055", 
"swift_code": "", 
"aba": "42370788W" }

---------------- Response --------------------------
Access-Control-Allow-Origin: [*]
ETag: [W/"20-RSynxcE0cLbM1GvqyRovjufvmXw"]
Connection: [keep-alive]
#status#: [HTTP/1.1 200 OK]
Content-Length: [32]
Access-Control-Allow-Headers: [Origin, X-Requested-With, Content-Type, Accept]
Date: [Fri, 09 Nov 2018 12:34:45 GMT]
X-Powered-By: [Express]
Content-Type: [application/json; charset=utf-8]

{"success":"Bank details saved"}
Contains in [BankDetails_CC_CN_7-digitAcctNo] failed;
[Missing token ["Length of account_number should be between 8 and 20 when bank_country_code is 'CN'] in Response]
Status: FAILED
Time Taken: 51
Size: 32
Timestamp: Fri Nov 09 23:34:48 AEDT 2018
TestStep: BankDetails_CC_CN_7-digitAcctNo

----------------- Messages ------------------------------
[Valid HTTP Status Codes] Response status code:200 is not in acceptable list of status codes
[Contains] Missing token ["Length of account_number should be between 8 and 20 when bank_country_code is 'CN'] in Response

----------------- Properties ------------------------------
HTTP Version: HTTP/1.1
Endpoint: http://preview.airwallex.com:30001
Encoding: UTF-8
Method: POST
StatusCode: 200
URL: http://preview.airwallex.com:30001/bank

---------------- Request ---------------------------
Connection: [Keep-Alive]
User-Agent: [Apache-HttpClient/4.1.1 (java 1.5)]
Host: [preview.airwallex.com:30001]
Accept-Encoding: [gzip,deflate]
Content-Length: [157]
Content-Type: [application/json;charset=UTF-8]

POST http://preview.airwallex.com:30001/bank HTTP/1.1
Accept-Encoding: gzip,deflate
Content-Type: application/json;charset=UTF-8
Content-Length: 157
Host: preview.airwallex.com:30001
Connection: Keep-Alive
User-Agent: Apache-HttpClient/4.1.1 (java 1.5)

{"payment_method": "LOCAL", 
"bank_country_code": "CN", 
"account_name": "AUTO XZM6Q", 
"account_number": "7105055", 
"swift_code": "", 
"aba": "42370788W" }

---------------- Response --------------------------
Access-Control-Allow-Origin: [*]
ETag: [W/"20-RSynxcE0cLbM1GvqyRovjufvmXw"]
Connection: [keep-alive]
#status#: [HTTP/1.1 200 OK]
Content-Length: [32]
Access-Control-Allow-Headers: [Origin, X-Requested-With, Content-Type, Accept]
Date: [Fri, 09 Nov 2018 12:34:45 GMT]
X-Powered-By: [Express]
Content-Type: [application/json; charset=utf-8]

{"success":"Bank details saved"}
Contains in [BankDetails_With_1Char] failed;
[Missing token [Length of account_name should be between 2 and 10] in Response]
Status: FAILED
Time Taken: 58
Size: 834
Timestamp: Fri Nov 09 23:34:58 AEDT 2018
TestStep: BankDetails_With_1Char

----------------- Messages ------------------------------
[Contains] Missing token [Length of account_name should be between 2 and 10] in Response

----------------- Properties ------------------------------
HTTP Version: HTTP/1.1
Endpoint: http://preview.airwallex.com:30001
Encoding: UTF-8
Method: POST
StatusCode: 400
URL: http://preview.airwallex.com:30001/bank

---------------- Request ---------------------------
Connection: [Keep-Alive]
User-Agent: [Apache-HttpClient/4.1.1 (java 1.5)]
Host: [preview.airwallex.com:30001]
Accept-Encoding: [gzip,deflate]
Content-Length: [144]
Content-Type: [application/json;charset=UTF-8]

POST http://preview.airwallex.com:30001/bank HTTP/1.1
Accept-Encoding: gzip,deflate
Content-Type: application/json;charset=UTF-8
Content-Length: 144
Host: preview.airwallex.com:30001
Connection: Keep-Alive
User-Agent: Apache-HttpClient/4.1.1 (java 1.5)

{"payment_method": "LOCAL", 
"bank_country_code": "AU", 
"account_number": "46838703", 
"account_name": "Q", 
"swift_code": "", 
"bsb": "341716"

---------------- Response --------------------------
X-Content-Type-Options: [nosniff]
Content-Security-Policy: [default-src 'self']
Connection: [keep-alive]
#status#: [HTTP/1.1 400 Bad Request]
Content-Length: [834]
Date: [Fri, 09 Nov 2018 12:34:55 GMT]
X-Powered-By: [Express]
Content-Type: [text/html; charset=utf-8]

<!DOCTYPE html>
<html lang="en">
<head>
<meta charset="utf-8">
<title>Error</title>
</head>
<body>
<pre>SyntaxError: Unexpected end of JSON input<br> &nbsp; &nbsp;at JSON.parse (&lt;anonymous&gt;)<br> &nbsp; &nbsp;at parse (/srv/node/node_modules/body-parser/lib/types/json.js:89:19)<br> &nbsp; &nbsp;at /srv/node/node_modules/body-parser/lib/read.js:116:18<br> &nbsp; &nbsp;at invokeCallback (/srv/node/node_modules/raw-body/index.js:224:16)<br> &nbsp; &nbsp;at done (/srv/node/node_modules/raw-body/index.js:213:7)<br> &nbsp; &nbsp;at IncomingMessage.onEnd (/srv/node/node_modules/raw-body/index.js:273:7)<br> &nbsp; &nbsp;at IncomingMessage.emit (events.js:182:13)<br> &nbsp; &nbsp;at endReadableNT (_stream_readable.js:1085:12)<br> &nbsp; &nbsp;at process._tickCallback (internal/process/next_tick.js:63:19)</pre>
</body>
</html>

Contains in [BankDetails_PM_Local] failed;
[Missing token [Length of account_name should be between 2 and 10] in Response]
Status: FAILED
Time Taken: 58
Size: 834
Timestamp: Fri Nov 09 23:34:59 AEDT 2018
TestStep: BankDetails_PM_Local

----------------- Messages ------------------------------
[Contains] Missing token [Length of account_name should be between 2 and 10] in Response

----------------- Properties ------------------------------
HTTP Version: HTTP/1.1
Endpoint: http://preview.airwallex.com:30001
Encoding: UTF-8
Method: POST
StatusCode: 400
URL: http://preview.airwallex.com:30001/bank

---------------- Request ---------------------------
Connection: [Keep-Alive]
User-Agent: [Apache-HttpClient/4.1.1 (java 1.5)]
Host: [preview.airwallex.com:30001]
Accept-Encoding: [gzip,deflate]
Content-Length: [143]
Content-Type: [application/json;charset=UTF-8]

POST http://preview.airwallex.com:30001/bank HTTP/1.1
Accept-Encoding: gzip,deflate
Content-Type: application/json;charset=UTF-8
Content-Length: 143
Host: preview.airwallex.com:30001
Connection: Keep-Alive
User-Agent: Apache-HttpClient/4.1.1 (java 1.5)

{"payment_method": "LOCAL", 
"bank_country_code": "AU", 
"account_number": "65525701", 
"account_name": "", 
"swift_code": "", 
"bsb": "507630"

---------------- Response --------------------------
X-Content-Type-Options: [nosniff]
Content-Security-Policy: [default-src 'self']
Connection: [keep-alive]
#status#: [HTTP/1.1 400 Bad Request]
Content-Length: [834]
Date: [Fri, 09 Nov 2018 12:34:57 GMT]
X-Powered-By: [Express]
Content-Type: [text/html; charset=utf-8]

<!DOCTYPE html>
<html lang="en">
<head>
<meta charset="utf-8">
<title>Error</title>
</head>
<body>
<pre>SyntaxError: Unexpected end of JSON input<br> &nbsp; &nbsp;at JSON.parse (&lt;anonymous&gt;)<br> &nbsp; &nbsp;at parse (/srv/node/node_modules/body-parser/lib/types/json.js:89:19)<br> &nbsp; &nbsp;at /srv/node/node_modules/body-parser/lib/read.js:116:18<br> &nbsp; &nbsp;at invokeCallback (/srv/node/node_modules/raw-body/index.js:224:16)<br> &nbsp; &nbsp;at done (/srv/node/node_modules/raw-body/index.js:213:7)<br> &nbsp; &nbsp;at IncomingMessage.onEnd (/srv/node/node_modules/raw-body/index.js:273:7)<br> &nbsp; &nbsp;at IncomingMessage.emit (events.js:182:13)<br> &nbsp; &nbsp;at endReadableNT (_stream_readable.js:1085:12)<br> &nbsp; &nbsp;at process._tickCallback (internal/process/next_tick.js:63:19)</pre>
</body>
</html>


2018-11-09 23:34:59,997 ERROR [SoapUI] An error occurred [Valid HTTP Status Codes in [BankDetails_Duplicate] failed;
[Response status code:200 is not in acceptable list of status codes]
Status: FAILED
Time Taken: 39
Size: 32
Timestamp: Fri Nov 09 23:34:42 AEDT 2018
TestStep: BankDetails_Duplicate

----------------- Messages ------------------------------
[Valid HTTP Status Codes] Response status code:200 is not in acceptable list of status codes
[Contains] Missing token [Bank details already registered] in Response

----------------- Properties ------------------------------
HTTP Version: HTTP/1.1
Endpoint: http://preview.airwallex.com:30001
Encoding: UTF-8
Method: POST
StatusCode: 200
URL: http://preview.airwallex.com:30001/bank

---------------- Request ---------------------------
Connection: [Keep-Alive]
User-Agent: [Apache-HttpClient/4.1.1 (java 1.5)]
Host: [preview.airwallex.com:30001]
Accept-Encoding: [gzip,deflate]
Content-Length: [167]
Content-Type: [application/json;charset=UTF-8]

POST http://preview.airwallex.com:30001/bank HTTP/1.1
Accept-Encoding: gzip,deflate
Content-Type: application/json;charset=UTF-8
Content-Length: 167
Host: preview.airwallex.com:30001
Connection: Keep-Alive
User-Agent: Apache-HttpClient/4.1.1 (java 1.5)

{"payment_method": "SWIFT", 
"bank_country_code": "US", 
"account_name": "AUTO JO299", 
"account_number": "42470686", 
"swift_code": "AANEUSRD5", 
"aba": "515273848" }

---------------- Response --------------------------
Access-Control-Allow-Origin: [*]
ETag: [W/"20-RSynxcE0cLbM1GvqyRovjufvmXw"]
Connection: [keep-alive]
#status#: [HTTP/1.1 200 OK]
Content-Length: [32]
Access-Control-Allow-Headers: [Origin, X-Requested-With, Content-Type, Accept]
Date: [Fri, 09 Nov 2018 12:34:39 GMT]
X-Powered-By: [Express]
Content-Type: [application/json; charset=utf-8]

{"success":"Bank details saved"}
Contains in [BankDetails_Duplicate] failed;
[Missing token [Bank details already registered] in Response]
Status: FAILED
Time Taken: 39
Size: 32
Timestamp: Fri Nov 09 23:34:42 AEDT 2018
TestStep: BankDetails_Duplicate

----------------- Messages ------------------------------
[Valid HTTP Status Codes] Response status code:200 is not in acceptable list of status codes
[Contains] Missing token [Bank details already registered] in Response

----------------- Properties ------------------------------
HTTP Version: HTTP/1.1
Endpoint: http://preview.airwallex.com:30001
Encoding: UTF-8
Method: POST
StatusCode: 200
URL: http://preview.airwallex.com:30001/bank

---------------- Request ---------------------------
Connection: [Keep-Alive]
User-Agent: [Apache-HttpClient/4.1.1 (java 1.5)]
Host: [preview.airwallex.com:30001]
Accept-Encoding: [gzip,deflate]
Content-Length: [167]
Content-Type: [application/json;charset=UTF-8]

POST http://preview.airwallex.com:30001/bank HTTP/1.1
Accept-Encoding: gzip,deflate
Content-Type: application/json;charset=UTF-8
Content-Length: 167
Host: preview.airwallex.com:30001
Connection: Keep-Alive
User-Agent: Apache-HttpClient/4.1.1 (java 1.5)

{"payment_method": "SWIFT", 
"bank_country_code": "US", 
"account_name": "AUTO JO299", 
"account_number": "42470686", 
"swift_code": "AANEUSRD5", 
"aba": "515273848" }

---------------- Response --------------------------
Access-Control-Allow-Origin: [*]
ETag: [W/"20-RSynxcE0cLbM1GvqyRovjufvmXw"]
Connection: [keep-alive]
#status#: [HTTP/1.1 200 OK]
Content-Length: [32]
Access-Control-Allow-Headers: [Origin, X-Requested-With, Content-Type, Accept]
Date: [Fri, 09 Nov 2018 12:34:39 GMT]
X-Powered-By: [Express]
Content-Type: [application/json; charset=utf-8]

{"success":"Bank details saved"}
Valid HTTP Status Codes in [BankDetails_CC_AU] failed;
[Response status code:200 is not in acceptable list of status codes]
Status: FAILED
Time Taken: 44
Size: 32
Timestamp: Fri Nov 09 23:34:45 AEDT 2018
TestStep: BankDetails_CC_AU

----------------- Messages ------------------------------
[Valid HTTP Status Codes] Response status code:200 is not in acceptable list of status codes
[Contains] Missing token [The swift code is not valid for the given bank country code: AU] in Response

----------------- Properties ------------------------------
HTTP Version: HTTP/1.1
Endpoint: http://preview.airwallex.com:30001
Encoding: UTF-8
Method: POST
StatusCode: 200
URL: http://preview.airwallex.com:30001/bank

---------------- Request ---------------------------
Connection: [Keep-Alive]
User-Agent: [Apache-HttpClient/4.1.1 (java 1.5)]
Host: [preview.airwallex.com:30001]
Accept-Encoding: [gzip,deflate]
Content-Length: [164]
Content-Type: [application/json;charset=UTF-8]

POST http://preview.airwallex.com:30001/bank HTTP/1.1
Accept-Encoding: gzip,deflate
Content-Type: application/json;charset=UTF-8
Content-Length: 164
Host: preview.airwallex.com:30001
Connection: Keep-Alive
User-Agent: Apache-HttpClient/4.1.1 (java 1.5)

{"payment_method": "SWIFT", 
"bank_country_code": "AU", 
"account_name": "AUTO TPN3L", 
"account_number": "28865131", 
"swift_code": "##GIAUZ27", 
"bsb": "223433" }

---------------- Response --------------------------
Access-Control-Allow-Origin: [*]
ETag: [W/"20-RSynxcE0cLbM1GvqyRovjufvmXw"]
Connection: [keep-alive]
#status#: [HTTP/1.1 200 OK]
Content-Length: [32]
Access-Control-Allow-Headers: [Origin, X-Requested-With, Content-Type, Accept]
Date: [Fri, 09 Nov 2018 12:34:42 GMT]
X-Powered-By: [Express]
Content-Type: [application/json; charset=utf-8]

{"success":"Bank details saved"}
Contains in [BankDetails_CC_AU] failed;
[Missing token [The swift code is not valid for the given bank country code: AU] in Response]
Status: FAILED
Time Taken: 44
Size: 32
Timestamp: Fri Nov 09 23:34:45 AEDT 2018
TestStep: BankDetails_CC_AU

----------------- Messages ------------------------------
[Valid HTTP Status Codes] Response status code:200 is not in acceptable list of status codes
[Contains] Missing token [The swift code is not valid for the given bank country code: AU] in Response

----------------- Properties ------------------------------
HTTP Version: HTTP/1.1
Endpoint: http://preview.airwallex.com:30001
Encoding: UTF-8
Method: POST
StatusCode: 200
URL: http://preview.airwallex.com:30001/bank

---------------- Request ---------------------------
Connection: [Keep-Alive]
User-Agent: [Apache-HttpClient/4.1.1 (java 1.5)]
Host: [preview.airwallex.com:30001]
Accept-Encoding: [gzip,deflate]
Content-Length: [164]
Content-Type: [application/json;charset=UTF-8]

POST http://preview.airwallex.com:30001/bank HTTP/1.1
Accept-Encoding: gzip,deflate
Content-Type: application/json;charset=UTF-8
Content-Length: 164
Host: preview.airwallex.com:30001
Connection: Keep-Alive
User-Agent: Apache-HttpClient/4.1.1 (java 1.5)

{"payment_method": "SWIFT", 
"bank_country_code": "AU", 
"account_name": "AUTO TPN3L", 
"account_number": "28865131", 
"swift_code": "##GIAUZ27", 
"bsb": "223433" }

---------------- Response --------------------------
Access-Control-Allow-Origin: [*]
ETag: [W/"20-RSynxcE0cLbM1GvqyRovjufvmXw"]
Connection: [keep-alive]
#status#: [HTTP/1.1 200 OK]
Content-Length: [32]
Access-Control-Allow-Headers: [Origin, X-Requested-With, Content-Type, Accept]
Date: [Fri, 09 Nov 2018 12:34:42 GMT]
X-Powered-By: [Express]
Content-Type: [application/json; charset=utf-8]

{"success":"Bank details saved"}
Valid HTTP Status Codes in [BankDetails] failed;
[Response status code:200 is not in acceptable list of status codes]
Status: FAILED
Time Taken: 38
Size: 32
Timestamp: Fri Nov 09 23:34:45 AEDT 2018
TestStep: BankDetails

----------------- Messages ------------------------------
[Valid HTTP Status Codes] Response status code:200 is not in acceptable list of status codes
[Contains] Missing token [Invalid 'bsb' for country code: AU] in Response

----------------- Properties ------------------------------
HTTP Version: HTTP/1.1
Endpoint: http://preview.airwallex.com:30001
Encoding: UTF-8
Method: POST
StatusCode: 200
URL: http://preview.airwallex.com:30001/bank

---------------- Request ---------------------------
Connection: [Keep-Alive]
User-Agent: [Apache-HttpClient/4.1.1 (java 1.5)]
Host: [preview.airwallex.com:30001]
Accept-Encoding: [gzip,deflate]
Content-Length: [164]
Content-Type: [application/json;charset=UTF-8]

POST http://preview.airwallex.com:30001/bank HTTP/1.1
Accept-Encoding: gzip,deflate
Content-Type: application/json;charset=UTF-8
Content-Length: 164
Host: preview.airwallex.com:30001
Connection: Keep-Alive
User-Agent: Apache-HttpClient/4.1.1 (java 1.5)

{"payment_method": "SWIFT", 
"bank_country_code": "AU", 
"account_name": "AUTO ZAKHN", 
"account_number": "05300752", 
"swift_code": "ND0KAUPEF", 
"bsb": "#71404" }

---------------- Response --------------------------
Access-Control-Allow-Origin: [*]
ETag: [W/"20-RSynxcE0cLbM1GvqyRovjufvmXw"]
Connection: [keep-alive]
#status#: [HTTP/1.1 200 OK]
Content-Length: [32]
Access-Control-Allow-Headers: [Origin, X-Requested-With, Content-Type, Accept]
Date: [Fri, 09 Nov 2018 12:34:43 GMT]
X-Powered-By: [Express]
Content-Type: [application/json; charset=utf-8]

{"success":"Bank details saved"}
Contains in [BankDetails] failed;
[Missing token [Invalid 'bsb' for country code: AU] in Response]
Status: FAILED
Time Taken: 38
Size: 32
Timestamp: Fri Nov 09 23:34:45 AEDT 2018
TestStep: BankDetails

----------------- Messages ------------------------------
[Valid HTTP Status Codes] Response status code:200 is not in acceptable list of status codes
[Contains] Missing token [Invalid 'bsb' for country code: AU] in Response

----------------- Properties ------------------------------
HTTP Version: HTTP/1.1
Endpoint: http://preview.airwallex.com:30001
Encoding: UTF-8
Method: POST
StatusCode: 200
URL: http://preview.airwallex.com:30001/bank

---------------- Request ---------------------------
Connection: [Keep-Alive]
User-Agent: [Apache-HttpClient/4.1.1 (java 1.5)]
Host: [preview.airwallex.com:30001]
Accept-Encoding: [gzip,deflate]
Content-Length: [164]
Content-Type: [application/json;charset=UTF-8]

POST http://preview.airwallex.com:30001/bank HTTP/1.1
Accept-Encoding: gzip,deflate
Content-Type: application/json;charset=UTF-8
Content-Length: 164
Host: preview.airwallex.com:30001
Connection: Keep-Alive
User-Agent: Apache-HttpClient/4.1.1 (java 1.5)

{"payment_method": "SWIFT", 
"bank_country_code": "AU", 
"account_name": "AUTO ZAKHN", 
"account_number": "05300752", 
"swift_code": "ND0KAUPEF", 
"bsb": "#71404" }

---------------- Response --------------------------
Access-Control-Allow-Origin: [*]
ETag: [W/"20-RSynxcE0cLbM1GvqyRovjufvmXw"]
Connection: [keep-alive]
#status#: [HTTP/1.1 200 OK]
Content-Length: [32]
Access-Control-Allow-Headers: [Origin, X-Requested-With, Content-Type, Accept]
Date: [Fri, 09 Nov 2018 12:34:43 GMT]
X-Powered-By: [Express]
Content-Type: [application/json; charset=utf-8]

{"success":"Bank details saved"}
Valid HTTP Status Codes in [BankDetails_CC_US_PM_LOCAL] failed;
[Response status code:200 is not in acceptable list of status codes]
Status: FAILED
Time Taken: 50
Size: 32
Timestamp: Fri Nov 09 23:34:46 AEDT 2018
TestStep: BankDetails_CC_US_PM_LOCAL

----------------- Messages ------------------------------
[Valid HTTP Status Codes] Response status code:200 is not in acceptable list of status codes
[Contains] Missing token [Invalid 'aba' for country code 'US'] in Response

----------------- Properties ------------------------------
HTTP Version: HTTP/1.1
Endpoint: http://preview.airwallex.com:30001
Encoding: UTF-8
Method: POST
StatusCode: 200
URL: http://preview.airwallex.com:30001/bank

---------------- Request ---------------------------
Connection: [Keep-Alive]
User-Agent: [Apache-HttpClient/4.1.1 (java 1.5)]
Host: [preview.airwallex.com:30001]
Accept-Encoding: [gzip,deflate]
Content-Length: [158]
Content-Type: [application/json;charset=UTF-8]

POST http://preview.airwallex.com:30001/bank HTTP/1.1
Accept-Encoding: gzip,deflate
Content-Type: application/json;charset=UTF-8
Content-Length: 158
Host: preview.airwallex.com:30001
Connection: Keep-Alive
User-Agent: Apache-HttpClient/4.1.1 (java 1.5)

{"payment_method": "LOCAL", 
"bank_country_code": "US", 
"account_name": "AUTO JNW21", 
"account_number": "52761268", 
"swift_code": "", 
"aba": "328736#@#" }

---------------- Response --------------------------
Access-Control-Allow-Origin: [*]
ETag: [W/"20-RSynxcE0cLbM1GvqyRovjufvmXw"]
Connection: [keep-alive]
#status#: [HTTP/1.1 200 OK]
Content-Length: [32]
Access-Control-Allow-Headers: [Origin, X-Requested-With, Content-Type, Accept]
Date: [Fri, 09 Nov 2018 12:34:43 GMT]
X-Powered-By: [Express]
Content-Type: [application/json; charset=utf-8]

{"success":"Bank details saved"}
Contains in [BankDetails_CC_US_PM_LOCAL] failed;
[Missing token [Invalid 'aba' for country code 'US'] in Response]
Status: FAILED
Time Taken: 50
Size: 32
Timestamp: Fri Nov 09 23:34:46 AEDT 2018
TestStep: BankDetails_CC_US_PM_LOCAL

----------------- Messages ------------------------------
[Valid HTTP Status Codes] Response status code:200 is not in acceptable list of status codes
[Contains] Missing token [Invalid 'aba' for country code 'US'] in Response

----------------- Properties ------------------------------
HTTP Version: HTTP/1.1
Endpoint: http://preview.airwallex.com:30001
Encoding: UTF-8
Method: POST
StatusCode: 200
URL: http://preview.airwallex.com:30001/bank

---------------- Request ---------------------------
Connection: [Keep-Alive]
User-Agent: [Apache-HttpClient/4.1.1 (java 1.5)]
Host: [preview.airwallex.com:30001]
Accept-Encoding: [gzip,deflate]
Content-Length: [158]
Content-Type: [application/json;charset=UTF-8]

POST http://preview.airwallex.com:30001/bank HTTP/1.1
Accept-Encoding: gzip,deflate
Content-Type: application/json;charset=UTF-8
Content-Length: 158
Host: preview.airwallex.com:30001
Connection: Keep-Alive
User-Agent: Apache-HttpClient/4.1.1 (java 1.5)

{"payment_method": "LOCAL", 
"bank_country_code": "US", 
"account_name": "AUTO JNW21", 
"account_number": "52761268", 
"swift_code": "", 
"aba": "328736#@#" }

---------------- Response --------------------------
Access-Control-Allow-Origin: [*]
ETag: [W/"20-RSynxcE0cLbM1GvqyRovjufvmXw"]
Connection: [keep-alive]
#status#: [HTTP/1.1 200 OK]
Content-Length: [32]
Access-Control-Allow-Headers: [Origin, X-Requested-With, Content-Type, Accept]
Date: [Fri, 09 Nov 2018 12:34:43 GMT]
X-Powered-By: [Express]
Content-Type: [application/json; charset=utf-8]

{"success":"Bank details saved"}
Valid HTTP Status Codes in [BankDetails_CC_US_PM_LOCAL] failed;
[Response status code:200 is not in acceptable list of status codes]
Status: FAILED
Time Taken: 55
Size: 32
Timestamp: Fri Nov 09 23:34:46 AEDT 2018
TestStep: BankDetails_CC_US_PM_LOCAL

----------------- Messages ------------------------------
[Valid HTTP Status Codes] Response status code:200 is not in acceptable list of status codes
[Contains] Missing token [‘aba’ is required when the country code is: US] in Response

----------------- Properties ------------------------------
HTTP Version: HTTP/1.1
Endpoint: http://preview.airwallex.com:30001
Encoding: UTF-8
Method: POST
StatusCode: 200
URL: http://preview.airwallex.com:30001/bank

---------------- Request ---------------------------
Connection: [Keep-Alive]
User-Agent: [Apache-HttpClient/4.1.1 (java 1.5)]
Host: [preview.airwallex.com:30001]
Accept-Encoding: [gzip,deflate]
Content-Length: [149]
Content-Type: [application/json;charset=UTF-8]

POST http://preview.airwallex.com:30001/bank HTTP/1.1
Accept-Encoding: gzip,deflate
Content-Type: application/json;charset=UTF-8
Content-Length: 149
Host: preview.airwallex.com:30001
Connection: Keep-Alive
User-Agent: Apache-HttpClient/4.1.1 (java 1.5)

{"payment_method": "LOCAL", 
"bank_country_code": "US", 
"account_name": "AUTO KICT2", 
"account_number": "82743645", 
"swift_code": "", 
"aba": "" }

---------------- Response --------------------------
Access-Control-Allow-Origin: [*]
ETag: [W/"20-RSynxcE0cLbM1GvqyRovjufvmXw"]
Connection: [keep-alive]
#status#: [HTTP/1.1 200 OK]
Content-Length: [32]
Access-Control-Allow-Headers: [Origin, X-Requested-With, Content-Type, Accept]
Date: [Fri, 09 Nov 2018 12:34:44 GMT]
X-Powered-By: [Express]
Content-Type: [application/json; charset=utf-8]

{"success":"Bank details saved"}
Contains in [BankDetails_CC_US_PM_LOCAL] failed;
[Missing token [‘aba’ is required when the country code is: US] in Response]
Status: FAILED
Time Taken: 55
Size: 32
Timestamp: Fri Nov 09 23:34:46 AEDT 2018
TestStep: BankDetails_CC_US_PM_LOCAL

----------------- Messages ------------------------------
[Valid HTTP Status Codes] Response status code:200 is not in acceptable list of status codes
[Contains] Missing token [‘aba’ is required when the country code is: US] in Response

----------------- Properties ------------------------------
HTTP Version: HTTP/1.1
Endpoint: http://preview.airwallex.com:30001
Encoding: UTF-8
Method: POST
StatusCode: 200
URL: http://preview.airwallex.com:30001/bank

---------------- Request ---------------------------
Connection: [Keep-Alive]
User-Agent: [Apache-HttpClient/4.1.1 (java 1.5)]
Host: [preview.airwallex.com:30001]
Accept-Encoding: [gzip,deflate]
Content-Length: [149]
Content-Type: [application/json;charset=UTF-8]

POST http://preview.airwallex.com:30001/bank HTTP/1.1
Accept-Encoding: gzip,deflate
Content-Type: application/json;charset=UTF-8
Content-Length: 149
Host: preview.airwallex.com:30001
Connection: Keep-Alive
User-Agent: Apache-HttpClient/4.1.1 (java 1.5)

{"payment_method": "LOCAL", 
"bank_country_code": "US", 
"account_name": "AUTO KICT2", 
"account_number": "82743645", 
"swift_code": "", 
"aba": "" }

---------------- Response --------------------------
Access-Control-Allow-Origin: [*]
ETag: [W/"20-RSynxcE0cLbM1GvqyRovjufvmXw"]
Connection: [keep-alive]
#status#: [HTTP/1.1 200 OK]
Content-Length: [32]
Access-Control-Allow-Headers: [Origin, X-Requested-With, Content-Type, Accept]
Date: [Fri, 09 Nov 2018 12:34:44 GMT]
X-Powered-By: [Express]
Content-Type: [application/json; charset=utf-8]

{"success":"Bank details saved"}
Valid HTTP Status Codes in [BankDetails_AU_LOCAL] failed;
[Response status code:200 is not in acceptable list of status codes]
Status: FAILED
Time Taken: 28
Size: 32
Timestamp: Fri Nov 09 23:34:47 AEDT 2018
TestStep: BankDetails_AU_LOCAL

----------------- Messages ------------------------------
[Valid HTTP Status Codes] Response status code:200 is not in acceptable list of status codes
[Contains] Missing token [Invalid account number] in Response

----------------- Properties ------------------------------
HTTP Version: HTTP/1.1
Endpoint: http://preview.airwallex.com:30001
Encoding: UTF-8
Method: POST
StatusCode: 200
URL: http://preview.airwallex.com:30001/bank

---------------- Request ---------------------------
Connection: [Keep-Alive]
User-Agent: [Apache-HttpClient/4.1.1 (java 1.5)]
Host: [preview.airwallex.com:30001]
Accept-Encoding: [gzip,deflate]
Content-Length: [155]
Content-Type: [application/json;charset=UTF-8]

POST http://preview.airwallex.com:30001/bank HTTP/1.1
Accept-Encoding: gzip,deflate
Content-Type: application/json;charset=UTF-8
Content-Length: 155
Host: preview.airwallex.com:30001
Connection: Keep-Alive
User-Agent: Apache-HttpClient/4.1.1 (java 1.5)

{"payment_method": "LOCAL", 
"bank_country_code": "AU", 
"account_name": "AUTO HCICS", 
"account_number": "4050662#", 
"swift_code": "", 
"bsb": "828821" }

---------------- Response --------------------------
Access-Control-Allow-Origin: [*]
ETag: [W/"20-RSynxcE0cLbM1GvqyRovjufvmXw"]
Connection: [keep-alive]
#status#: [HTTP/1.1 200 OK]
Content-Length: [32]
Access-Control-Allow-Headers: [Origin, X-Requested-With, Content-Type, Accept]
Date: [Fri, 09 Nov 2018 12:34:44 GMT]
X-Powered-By: [Express]
Content-Type: [application/json; charset=utf-8]

{"success":"Bank details saved"}
Contains in [BankDetails_AU_LOCAL] failed;
[Missing token [Invalid account number] in Response]
Status: FAILED
Time Taken: 28
Size: 32
Timestamp: Fri Nov 09 23:34:47 AEDT 2018
TestStep: BankDetails_AU_LOCAL

----------------- Messages ------------------------------
[Valid HTTP Status Codes] Response status code:200 is not in acceptable list of status codes
[Contains] Missing token [Invalid account number] in Response

----------------- Properties ------------------------------
HTTP Version: HTTP/1.1
Endpoint: http://preview.airwallex.com:30001
Encoding: UTF-8
Method: POST
StatusCode: 200
URL: http://preview.airwallex.com:30001/bank

---------------- Request ---------------------------
Connection: [Keep-Alive]
User-Agent: [Apache-HttpClient/4.1.1 (java 1.5)]
Host: [preview.airwallex.com:30001]
Accept-Encoding: [gzip,deflate]
Content-Length: [155]
Content-Type: [application/json;charset=UTF-8]

POST http://preview.airwallex.com:30001/bank HTTP/1.1
Accept-Encoding: gzip,deflate
Content-Type: application/json;charset=UTF-8
Content-Length: 155
Host: preview.airwallex.com:30001
Connection: Keep-Alive
User-Agent: Apache-HttpClient/4.1.1 (java 1.5)

{"payment_method": "LOCAL", 
"bank_country_code": "AU", 
"account_name": "AUTO HCICS", 
"account_number": "4050662#", 
"swift_code": "", 
"bsb": "828821" }

---------------- Response --------------------------
Access-Control-Allow-Origin: [*]
ETag: [W/"20-RSynxcE0cLbM1GvqyRovjufvmXw"]
Connection: [keep-alive]
#status#: [HTTP/1.1 200 OK]
Content-Length: [32]
Access-Control-Allow-Headers: [Origin, X-Requested-With, Content-Type, Accept]
Date: [Fri, 09 Nov 2018 12:34:44 GMT]
X-Powered-By: [Express]
Content-Type: [application/json; charset=utf-8]

{"success":"Bank details saved"}
Contains in [BankDetails_AU_5-digit_AcctNo] failed;
[Missing token [Length of account_number should be between 6 and 9 when bank_country_code is 'AU'] in Response]
Status: FAILED
Time Taken: 52
Size: 94
Timestamp: Fri Nov 09 23:34:47 AEDT 2018
TestStep: BankDetails_AU_5-digit_AcctNo

----------------- Messages ------------------------------
[Contains] Missing token [Length of account_number should be between 6 and 9 when bank_country_code is 'AU'] in Response

----------------- Properties ------------------------------
HTTP Version: HTTP/1.1
Endpoint: http://preview.airwallex.com:30001
Encoding: UTF-8
Method: POST
StatusCode: 400
URL: http://preview.airwallex.com:30001/bank

---------------- Request ---------------------------
Connection: [Keep-Alive]
User-Agent: [Apache-HttpClient/4.1.1 (java 1.5)]
Host: [preview.airwallex.com:30001]
Accept-Encoding: [gzip,deflate]
Content-Length: [152]
Content-Type: [application/json;charset=UTF-8]

POST http://preview.airwallex.com:30001/bank HTTP/1.1
Accept-Encoding: gzip,deflate
Content-Type: application/json;charset=UTF-8
Content-Length: 152
Host: preview.airwallex.com:30001
Connection: Keep-Alive
User-Agent: Apache-HttpClient/4.1.1 (java 1.5)

{"payment_method": "LOCAL", 
"bank_country_code": "AU", 
"account_name": "AUTO VDEYD", 
"account_number": "64615", 
"swift_code": "", 
"bsb": "812416" }

---------------- Response --------------------------
Access-Control-Allow-Origin: [*]
ETag: [W/"5e-YVuagmznE6odyYw/9inHioZLp0Q"]
Connection: [keep-alive]
#status#: [HTTP/1.1 400 Bad Request]
Content-Length: [94]
Access-Control-Allow-Headers: [Origin, X-Requested-With, Content-Type, Accept]
Date: [Fri, 09 Nov 2018 12:34:45 GMT]
X-Powered-By: [Express]
Content-Type: [application/json; charset=utf-8]

{"error":"Length of account_number should be between 7 and 11 when bank_country_code is 'US'"}
Valid HTTP Status Codes in [BankDetails_CC_CN_10-digitAcctNo] failed;
[Response status code:400 is not in acceptable list of status codes]
Status: FAILED
Time Taken: 48
Size: 94
Timestamp: Fri Nov 09 23:34:48 AEDT 2018
TestStep: BankDetails_CC_CN_10-digitAcctNo

----------------- Messages ------------------------------
[Valid HTTP Status Codes] Response status code:400 is not in acceptable list of status codes
[Contains] Missing token [Bank details saved] in Response

----------------- Properties ------------------------------
HTTP Version: HTTP/1.1
Endpoint: http://preview.airwallex.com:30001
Encoding: UTF-8
Method: POST
StatusCode: 400
URL: http://preview.airwallex.com:30001/bank

---------------- Request ---------------------------
Connection: [Keep-Alive]
User-Agent: [Apache-HttpClient/4.1.1 (java 1.5)]
Host: [preview.airwallex.com:30001]
Accept-Encoding: [gzip,deflate]
Content-Length: [160]
Content-Type: [application/json;charset=UTF-8]

POST http://preview.airwallex.com:30001/bank HTTP/1.1
Accept-Encoding: gzip,deflate
Content-Type: application/json;charset=UTF-8
Content-Length: 160
Host: preview.airwallex.com:30001
Connection: Keep-Alive
User-Agent: Apache-HttpClient/4.1.1 (java 1.5)

{"payment_method": "LOCAL", 
"bank_country_code": "CN", 
"account_name": "AUTO 38EHH", 
"account_number": "5421003576", 
"swift_code": "", 
"aba": "04238885K" }

---------------- Response --------------------------
Access-Control-Allow-Origin: [*]
ETag: [W/"5e-YVuagmznE6odyYw/9inHioZLp0Q"]
Connection: [keep-alive]
#status#: [HTTP/1.1 400 Bad Request]
Content-Length: [94]
Access-Control-Allow-Headers: [Origin, X-Requested-With, Content-Type, Accept]
Date: [Fri, 09 Nov 2018 12:34:45 GMT]
X-Powered-By: [Express]
Content-Type: [application/json; charset=utf-8]

{"error":"Length of account_number should be between 7 and 11 when bank_country_code is 'US'"}
Contains in [BankDetails_CC_CN_10-digitAcctNo] failed;
[Missing token [Bank details saved] in Response]
Status: FAILED
Time Taken: 48
Size: 94
Timestamp: Fri Nov 09 23:34:48 AEDT 2018
TestStep: BankDetails_CC_CN_10-digitAcctNo

----------------- Messages ------------------------------
[Valid HTTP Status Codes] Response status code:400 is not in acceptable list of status codes
[Contains] Missing token [Bank details saved] in Response

----------------- Properties ------------------------------
HTTP Version: HTTP/1.1
Endpoint: http://preview.airwallex.com:30001
Encoding: UTF-8
Method: POST
StatusCode: 400
URL: http://preview.airwallex.com:30001/bank

---------------- Request ---------------------------
Connection: [Keep-Alive]
User-Agent: [Apache-HttpClient/4.1.1 (java 1.5)]
Host: [preview.airwallex.com:30001]
Accept-Encoding: [gzip,deflate]
Content-Length: [160]
Content-Type: [application/json;charset=UTF-8]

POST http://preview.airwallex.com:30001/bank HTTP/1.1
Accept-Encoding: gzip,deflate
Content-Type: application/json;charset=UTF-8
Content-Length: 160
Host: preview.airwallex.com:30001
Connection: Keep-Alive
User-Agent: Apache-HttpClient/4.1.1 (java 1.5)

{"payment_method": "LOCAL", 
"bank_country_code": "CN", 
"account_name": "AUTO 38EHH", 
"account_number": "5421003576", 
"swift_code": "", 
"aba": "04238885K" }

---------------- Response --------------------------
Access-Control-Allow-Origin: [*]
ETag: [W/"5e-YVuagmznE6odyYw/9inHioZLp0Q"]
Connection: [keep-alive]
#status#: [HTTP/1.1 400 Bad Request]
Content-Length: [94]
Access-Control-Allow-Headers: [Origin, X-Requested-With, Content-Type, Accept]
Date: [Fri, 09 Nov 2018 12:34:45 GMT]
X-Powered-By: [Express]
Content-Type: [application/json; charset=utf-8]

{"error":"Length of account_number should be between 7 and 11 when bank_country_code is 'US'"}
Valid HTTP Status Codes in [BankDetails_CC_CN_7-digitAcctNo] failed;
[Response status code:200 is not in acceptable list of status codes]
Status: FAILED
Time Taken: 51
Size: 32
Timestamp: Fri Nov 09 23:34:48 AEDT 2018
TestStep: BankDetails_CC_CN_7-digitAcctNo

----------------- Messages ------------------------------
[Valid HTTP Status Codes] Response status code:200 is not in acceptable list of status codes
[Contains] Missing token ["Length of account_number should be between 8 and 20 when bank_country_code is 'CN'] in Response

----------------- Properties ------------------------------
HTTP Version: HTTP/1.1
Endpoint: http://preview.airwallex.com:30001
Encoding: UTF-8
Method: POST
StatusCode: 200
URL: http://preview.airwallex.com:30001/bank

---------------- Request ---------------------------
Connection: [Keep-Alive]
User-Agent: [Apache-HttpClient/4.1.1 (java 1.5)]
Host: [preview.airwallex.com:30001]
Accept-Encoding: [gzip,deflate]
Content-Length: [157]
Content-Type: [application/json;charset=UTF-8]

POST http://preview.airwallex.com:30001/bank HTTP/1.1
Accept-Encoding: gzip,deflate
Content-Type: application/json;charset=UTF-8
Content-Length: 157
Host: preview.airwallex.com:30001
Connection: Keep-Alive
User-Agent: Apache-HttpClient/4.1.1 (java 1.5)

{"payment_method": "LOCAL", 
"bank_country_code": "CN", 
"account_name": "AUTO XZM6Q", 
"account_number": "7105055", 
"swift_code": "", 
"aba": "42370788W" }

---------------- Response --------------------------
Access-Control-Allow-Origin: [*]
ETag: [W/"20-RSynxcE0cLbM1GvqyRovjufvmXw"]
Connection: [keep-alive]
#status#: [HTTP/1.1 200 OK]
Content-Length: [32]
Access-Control-Allow-Headers: [Origin, X-Requested-With, Content-Type, Accept]
Date: [Fri, 09 Nov 2018 12:34:45 GMT]
X-Powered-By: [Express]
Content-Type: [application/json; charset=utf-8]

{"success":"Bank details saved"}
Contains in [BankDetails_CC_CN_7-digitAcctNo] failed;
[Missing token ["Length of account_number should be between 8 and 20 when bank_country_code is 'CN'] in Response]
Status: FAILED
Time Taken: 51
Size: 32
Timestamp: Fri Nov 09 23:34:48 AEDT 2018
TestStep: BankDetails_CC_CN_7-digitAcctNo

----------------- Messages ------------------------------
[Valid HTTP Status Codes] Response status code:200 is not in acceptable list of status codes
[Contains] Missing token ["Length of account_number should be between 8 and 20 when bank_country_code is 'CN'] in Response

----------------- Properties ------------------------------
HTTP Version: HTTP/1.1
Endpoint: http://preview.airwallex.com:30001
Encoding: UTF-8
Method: POST
StatusCode: 200
URL: http://preview.airwallex.com:30001/bank

---------------- Request ---------------------------
Connection: [Keep-Alive]
User-Agent: [Apache-HttpClient/4.1.1 (java 1.5)]
Host: [preview.airwallex.com:30001]
Accept-Encoding: [gzip,deflate]
Content-Length: [157]
Content-Type: [application/json;charset=UTF-8]

POST http://preview.airwallex.com:30001/bank HTTP/1.1
Accept-Encoding: gzip,deflate
Content-Type: application/json;charset=UTF-8
Content-Length: 157
Host: preview.airwallex.com:30001
Connection: Keep-Alive
User-Agent: Apache-HttpClient/4.1.1 (java 1.5)

{"payment_method": "LOCAL", 
"bank_country_code": "CN", 
"account_name": "AUTO XZM6Q", 
"account_number": "7105055", 
"swift_code": "", 
"aba": "42370788W" }

---------------- Response --------------------------
Access-Control-Allow-Origin: [*]
ETag: [W/"20-RSynxcE0cLbM1GvqyRovjufvmXw"]
Connection: [keep-alive]
#status#: [HTTP/1.1 200 OK]
Content-Length: [32]
Access-Control-Allow-Headers: [Origin, X-Requested-With, Content-Type, Accept]
Date: [Fri, 09 Nov 2018 12:34:45 GMT]
X-Powered-By: [Express]
Content-Type: [application/json; charset=utf-8]

{"success":"Bank details saved"}
Contains in [BankDetails_With_1Char] failed;
[Missing token [Length of account_name should be between 2 and 10] in Response]
Status: FAILED
Time Taken: 58
Size: 834
Timestamp: Fri Nov 09 23:34:58 AEDT 2018
TestStep: BankDetails_With_1Char

----------------- Messages ------------------------------
[Contains] Missing token [Length of account_name should be between 2 and 10] in Response

----------------- Properties ------------------------------
HTTP Version: HTTP/1.1
Endpoint: http://preview.airwallex.com:30001
Encoding: UTF-8
Method: POST
StatusCode: 400
URL: http://preview.airwallex.com:30001/bank

---------------- Request ---------------------------
Connection: [Keep-Alive]
User-Agent: [Apache-HttpClient/4.1.1 (java 1.5)]
Host: [preview.airwallex.com:30001]
Accept-Encoding: [gzip,deflate]
Content-Length: [144]
Content-Type: [application/json;charset=UTF-8]

POST http://preview.airwallex.com:30001/bank HTTP/1.1
Accept-Encoding: gzip,deflate
Content-Type: application/json;charset=UTF-8
Content-Length: 144
Host: preview.airwallex.com:30001
Connection: Keep-Alive
User-Agent: Apache-HttpClient/4.1.1 (java 1.5)

{"payment_method": "LOCAL", 
"bank_country_code": "AU", 
"account_number": "46838703", 
"account_name": "Q", 
"swift_code": "", 
"bsb": "341716"

---------------- Response --------------------------
X-Content-Type-Options: [nosniff]
Content-Security-Policy: [default-src 'self']
Connection: [keep-alive]
#status#: [HTTP/1.1 400 Bad Request]
Content-Length: [834]
Date: [Fri, 09 Nov 2018 12:34:55 GMT]
X-Powered-By: [Express]
Content-Type: [text/html; charset=utf-8]

<!DOCTYPE html>
<html lang="en">
<head>
<meta charset="utf-8">
<title>Error</title>
</head>
<body>
<pre>SyntaxError: Unexpected end of JSON input<br> &nbsp; &nbsp;at JSON.parse (&lt;anonymous&gt;)<br> &nbsp; &nbsp;at parse (/srv/node/node_modules/body-parser/lib/types/json.js:89:19)<br> &nbsp; &nbsp;at /srv/node/node_modules/body-parser/lib/read.js:116:18<br> &nbsp; &nbsp;at invokeCallback (/srv/node/node_modules/raw-body/index.js:224:16)<br> &nbsp; &nbsp;at done (/srv/node/node_modules/raw-body/index.js:213:7)<br> &nbsp; &nbsp;at IncomingMessage.onEnd (/srv/node/node_modules/raw-body/index.js:273:7)<br> &nbsp; &nbsp;at IncomingMessage.emit (events.js:182:13)<br> &nbsp; &nbsp;at endReadableNT (_stream_readable.js:1085:12)<br> &nbsp; &nbsp;at process._tickCallback (internal/process/next_tick.js:63:19)</pre>
</body>
</html>

Contains in [BankDetails_PM_Local] failed;
[Missing token [Length of account_name should be between 2 and 10] in Response]
Status: FAILED
Time Taken: 58
Size: 834
Timestamp: Fri Nov 09 23:34:59 AEDT 2018
TestStep: BankDetails_PM_Local

----------------- Messages ------------------------------
[Contains] Missing token [Length of account_name should be between 2 and 10] in Response

----------------- Properties ------------------------------
HTTP Version: HTTP/1.1
Endpoint: http://preview.airwallex.com:30001
Encoding: UTF-8
Method: POST
StatusCode: 400
URL: http://preview.airwallex.com:30001/bank

---------------- Request ---------------------------
Connection: [Keep-Alive]
User-Agent: [Apache-HttpClient/4.1.1 (java 1.5)]
Host: [preview.airwallex.com:30001]
Accept-Encoding: [gzip,deflate]
Content-Length: [143]
Content-Type: [application/json;charset=UTF-8]

POST http://preview.airwallex.com:30001/bank HTTP/1.1
Accept-Encoding: gzip,deflate
Content-Type: application/json;charset=UTF-8
Content-Length: 143
Host: preview.airwallex.com:30001
Connection: Keep-Alive
User-Agent: Apache-HttpClient/4.1.1 (java 1.5)

{"payment_method": "LOCAL", 
"bank_country_code": "AU", 
"account_number": "65525701", 
"account_name": "", 
"swift_code": "", 
"bsb": "507630"

---------------- Response --------------------------
X-Content-Type-Options: [nosniff]
Content-Security-Policy: [default-src 'self']
Connection: [keep-alive]
#status#: [HTTP/1.1 400 Bad Request]
Content-Length: [834]
Date: [Fri, 09 Nov 2018 12:34:57 GMT]
X-Powered-By: [Express]
Content-Type: [text/html; charset=utf-8]

<!DOCTYPE html>
<html lang="en">
<head>
<meta charset="utf-8">
<title>Error</title>
</head>
<body>
<pre>SyntaxError: Unexpected end of JSON input<br> &nbsp; &nbsp;at JSON.parse (&lt;anonymous&gt;)<br> &nbsp; &nbsp;at parse (/srv/node/node_modules/body-parser/lib/types/json.js:89:19)<br> &nbsp; &nbsp;at /srv/node/node_modules/body-parser/lib/read.js:116:18<br> &nbsp; &nbsp;at invokeCallback (/srv/node/node_modules/raw-body/index.js:224:16)<br> &nbsp; &nbsp;at done (/srv/node/node_modules/raw-body/index.js:213:7)<br> &nbsp; &nbsp;at IncomingMessage.onEnd (/srv/node/node_modules/raw-body/index.js:273:7)<br> &nbsp; &nbsp;at IncomingMessage.emit (events.js:182:13)<br> &nbsp; &nbsp;at endReadableNT (_stream_readable.js:1085:12)<br> &nbsp; &nbsp;at process._tickCallback (internal/process/next_tick.js:63:19)</pre>
</body>
</html>

], see error log for details
2018-11-09 23:35:00,064 ERROR [errorlog] java.lang.Exception: Valid HTTP Status Codes in [BankDetails_Duplicate] failed;
[Response status code:200 is not in acceptable list of status codes]
Status: FAILED
Time Taken: 39
Size: 32
Timestamp: Fri Nov 09 23:34:42 AEDT 2018
TestStep: BankDetails_Duplicate

----------------- Messages ------------------------------
[Valid HTTP Status Codes] Response status code:200 is not in acceptable list of status codes
[Contains] Missing token [Bank details already registered] in Response

----------------- Properties ------------------------------
HTTP Version: HTTP/1.1
Endpoint: http://preview.airwallex.com:30001
Encoding: UTF-8
Method: POST
StatusCode: 200
URL: http://preview.airwallex.com:30001/bank

---------------- Request ---------------------------
Connection: [Keep-Alive]
User-Agent: [Apache-HttpClient/4.1.1 (java 1.5)]
Host: [preview.airwallex.com:30001]
Accept-Encoding: [gzip,deflate]
Content-Length: [167]
Content-Type: [application/json;charset=UTF-8]

POST http://preview.airwallex.com:30001/bank HTTP/1.1
Accept-Encoding: gzip,deflate
Content-Type: application/json;charset=UTF-8
Content-Length: 167
Host: preview.airwallex.com:30001
Connection: Keep-Alive
User-Agent: Apache-HttpClient/4.1.1 (java 1.5)

{"payment_method": "SWIFT", 
"bank_country_code": "US", 
"account_name": "AUTO JO299", 
"account_number": "42470686", 
"swift_code": "AANEUSRD5", 
"aba": "515273848" }

---------------- Response --------------------------
Access-Control-Allow-Origin: [*]
ETag: [W/"20-RSynxcE0cLbM1GvqyRovjufvmXw"]
Connection: [keep-alive]
#status#: [HTTP/1.1 200 OK]
Content-Length: [32]
Access-Control-Allow-Headers: [Origin, X-Requested-With, Content-Type, Accept]
Date: [Fri, 09 Nov 2018 12:34:39 GMT]
X-Powered-By: [Express]
Content-Type: [application/json; charset=utf-8]

{"success":"Bank details saved"}
Contains in [BankDetails_Duplicate] failed;
[Missing token [Bank details already registered] in Response]
Status: FAILED
Time Taken: 39
Size: 32
Timestamp: Fri Nov 09 23:34:42 AEDT 2018
TestStep: BankDetails_Duplicate

----------------- Messages ------------------------------
[Valid HTTP Status Codes] Response status code:200 is not in acceptable list of status codes
[Contains] Missing token [Bank details already registered] in Response

----------------- Properties ------------------------------
HTTP Version: HTTP/1.1
Endpoint: http://preview.airwallex.com:30001
Encoding: UTF-8
Method: POST
StatusCode: 200
URL: http://preview.airwallex.com:30001/bank

---------------- Request ---------------------------
Connection: [Keep-Alive]
User-Agent: [Apache-HttpClient/4.1.1 (java 1.5)]
Host: [preview.airwallex.com:30001]
Accept-Encoding: [gzip,deflate]
Content-Length: [167]
Content-Type: [application/json;charset=UTF-8]

POST http://preview.airwallex.com:30001/bank HTTP/1.1
Accept-Encoding: gzip,deflate
Content-Type: application/json;charset=UTF-8
Content-Length: 167
Host: preview.airwallex.com:30001
Connection: Keep-Alive
User-Agent: Apache-HttpClient/4.1.1 (java 1.5)

{"payment_method": "SWIFT", 
"bank_country_code": "US", 
"account_name": "AUTO JO299", 
"account_number": "42470686", 
"swift_code": "AANEUSRD5", 
"aba": "515273848" }

---------------- Response --------------------------
Access-Control-Allow-Origin: [*]
ETag: [W/"20-RSynxcE0cLbM1GvqyRovjufvmXw"]
Connection: [keep-alive]
#status#: [HTTP/1.1 200 OK]
Content-Length: [32]
Access-Control-Allow-Headers: [Origin, X-Requested-With, Content-Type, Accept]
Date: [Fri, 09 Nov 2018 12:34:39 GMT]
X-Powered-By: [Express]
Content-Type: [application/json; charset=utf-8]

{"success":"Bank details saved"}
Valid HTTP Status Codes in [BankDetails_CC_AU] failed;
[Response status code:200 is not in acceptable list of status codes]
Status: FAILED
Time Taken: 44
Size: 32
Timestamp: Fri Nov 09 23:34:45 AEDT 2018
TestStep: BankDetails_CC_AU

----------------- Messages ------------------------------
[Valid HTTP Status Codes] Response status code:200 is not in acceptable list of status codes
[Contains] Missing token [The swift code is not valid for the given bank country code: AU] in Response

----------------- Properties ------------------------------
HTTP Version: HTTP/1.1
Endpoint: http://preview.airwallex.com:30001
Encoding: UTF-8
Method: POST
StatusCode: 200
URL: http://preview.airwallex.com:30001/bank

---------------- Request ---------------------------
Connection: [Keep-Alive]
User-Agent: [Apache-HttpClient/4.1.1 (java 1.5)]
Host: [preview.airwallex.com:30001]
Accept-Encoding: [gzip,deflate]
Content-Length: [164]
Content-Type: [application/json;charset=UTF-8]

POST http://preview.airwallex.com:30001/bank HTTP/1.1
Accept-Encoding: gzip,deflate
Content-Type: application/json;charset=UTF-8
Content-Length: 164
Host: preview.airwallex.com:30001
Connection: Keep-Alive
User-Agent: Apache-HttpClient/4.1.1 (java 1.5)

{"payment_method": "SWIFT", 
"bank_country_code": "AU", 
"account_name": "AUTO TPN3L", 
"account_number": "28865131", 
"swift_code": "##GIAUZ27", 
"bsb": "223433" }

---------------- Response --------------------------
Access-Control-Allow-Origin: [*]
ETag: [W/"20-RSynxcE0cLbM1GvqyRovjufvmXw"]
Connection: [keep-alive]
#status#: [HTTP/1.1 200 OK]
Content-Length: [32]
Access-Control-Allow-Headers: [Origin, X-Requested-With, Content-Type, Accept]
Date: [Fri, 09 Nov 2018 12:34:42 GMT]
X-Powered-By: [Express]
Content-Type: [application/json; charset=utf-8]

{"success":"Bank details saved"}
Contains in [BankDetails_CC_AU] failed;
[Missing token [The swift code is not valid for the given bank country code: AU] in Response]
Status: FAILED
Time Taken: 44
Size: 32
Timestamp: Fri Nov 09 23:34:45 AEDT 2018
TestStep: BankDetails_CC_AU

----------------- Messages ------------------------------
[Valid HTTP Status Codes] Response status code:200 is not in acceptable list of status codes
[Contains] Missing token [The swift code is not valid for the given bank country code: AU] in Response

----------------- Properties ------------------------------
HTTP Version: HTTP/1.1
Endpoint: http://preview.airwallex.com:30001
Encoding: UTF-8
Method: POST
StatusCode: 200
URL: http://preview.airwallex.com:30001/bank

---------------- Request ---------------------------
Connection: [Keep-Alive]
User-Agent: [Apache-HttpClient/4.1.1 (java 1.5)]
Host: [preview.airwallex.com:30001]
Accept-Encoding: [gzip,deflate]
Content-Length: [164]
Content-Type: [application/json;charset=UTF-8]

POST http://preview.airwallex.com:30001/bank HTTP/1.1
Accept-Encoding: gzip,deflate
Content-Type: application/json;charset=UTF-8
Content-Length: 164
Host: preview.airwallex.com:30001
Connection: Keep-Alive
User-Agent: Apache-HttpClient/4.1.1 (java 1.5)

{"payment_method": "SWIFT", 
"bank_country_code": "AU", 
"account_name": "AUTO TPN3L", 
"account_number": "28865131", 
"swift_code": "##GIAUZ27", 
"bsb": "223433" }

---------------- Response --------------------------
Access-Control-Allow-Origin: [*]
ETag: [W/"20-RSynxcE0cLbM1GvqyRovjufvmXw"]
Connection: [keep-alive]
#status#: [HTTP/1.1 200 OK]
Content-Length: [32]
Access-Control-Allow-Headers: [Origin, X-Requested-With, Content-Type, Accept]
Date: [Fri, 09 Nov 2018 12:34:42 GMT]
X-Powered-By: [Express]
Content-Type: [application/json; charset=utf-8]

{"success":"Bank details saved"}
Valid HTTP Status Codes in [BankDetails] failed;
[Response status code:200 is not in acceptable list of status codes]
Status: FAILED
Time Taken: 38
Size: 32
Timestamp: Fri Nov 09 23:34:45 AEDT 2018
TestStep: BankDetails

----------------- Messages ------------------------------
[Valid HTTP Status Codes] Response status code:200 is not in acceptable list of status codes
[Contains] Missing token [Invalid 'bsb' for country code: AU] in Response

----------------- Properties ------------------------------
HTTP Version: HTTP/1.1
Endpoint: http://preview.airwallex.com:30001
Encoding: UTF-8
Method: POST
StatusCode: 200
URL: http://preview.airwallex.com:30001/bank

---------------- Request ---------------------------
Connection: [Keep-Alive]
User-Agent: [Apache-HttpClient/4.1.1 (java 1.5)]
Host: [preview.airwallex.com:30001]
Accept-Encoding: [gzip,deflate]
Content-Length: [164]
Content-Type: [application/json;charset=UTF-8]

POST http://preview.airwallex.com:30001/bank HTTP/1.1
Accept-Encoding: gzip,deflate
Content-Type: application/json;charset=UTF-8
Content-Length: 164
Host: preview.airwallex.com:30001
Connection: Keep-Alive
User-Agent: Apache-HttpClient/4.1.1 (java 1.5)

{"payment_method": "SWIFT", 
"bank_country_code": "AU", 
"account_name": "AUTO ZAKHN", 
"account_number": "05300752", 
"swift_code": "ND0KAUPEF", 
"bsb": "#71404" }

---------------- Response --------------------------
Access-Control-Allow-Origin: [*]
ETag: [W/"20-RSynxcE0cLbM1GvqyRovjufvmXw"]
Connection: [keep-alive]
#status#: [HTTP/1.1 200 OK]
Content-Length: [32]
Access-Control-Allow-Headers: [Origin, X-Requested-With, Content-Type, Accept]
Date: [Fri, 09 Nov 2018 12:34:43 GMT]
X-Powered-By: [Express]
Content-Type: [application/json; charset=utf-8]

{"success":"Bank details saved"}
Contains in [BankDetails] failed;
[Missing token [Invalid 'bsb' for country code: AU] in Response]
Status: FAILED
Time Taken: 38
Size: 32
Timestamp: Fri Nov 09 23:34:45 AEDT 2018
TestStep: BankDetails

----------------- Messages ------------------------------
[Valid HTTP Status Codes] Response status code:200 is not in acceptable list of status codes
[Contains] Missing token [Invalid 'bsb' for country code: AU] in Response

----------------- Properties ------------------------------
HTTP Version: HTTP/1.1
Endpoint: http://preview.airwallex.com:30001
Encoding: UTF-8
Method: POST
StatusCode: 200
URL: http://preview.airwallex.com:30001/bank

---------------- Request ---------------------------
Connection: [Keep-Alive]
User-Agent: [Apache-HttpClient/4.1.1 (java 1.5)]
Host: [preview.airwallex.com:30001]
Accept-Encoding: [gzip,deflate]
Content-Length: [164]
Content-Type: [application/json;charset=UTF-8]

POST http://preview.airwallex.com:30001/bank HTTP/1.1
Accept-Encoding: gzip,deflate
Content-Type: application/json;charset=UTF-8
Content-Length: 164
Host: preview.airwallex.com:30001
Connection: Keep-Alive
User-Agent: Apache-HttpClient/4.1.1 (java 1.5)

{"payment_method": "SWIFT", 
"bank_country_code": "AU", 
"account_name": "AUTO ZAKHN", 
"account_number": "05300752", 
"swift_code": "ND0KAUPEF", 
"bsb": "#71404" }

---------------- Response --------------------------
Access-Control-Allow-Origin: [*]
ETag: [W/"20-RSynxcE0cLbM1GvqyRovjufvmXw"]
Connection: [keep-alive]
#status#: [HTTP/1.1 200 OK]
Content-Length: [32]
Access-Control-Allow-Headers: [Origin, X-Requested-With, Content-Type, Accept]
Date: [Fri, 09 Nov 2018 12:34:43 GMT]
X-Powered-By: [Express]
Content-Type: [application/json; charset=utf-8]

{"success":"Bank details saved"}
Valid HTTP Status Codes in [BankDetails_CC_US_PM_LOCAL] failed;
[Response status code:200 is not in acceptable list of status codes]
Status: FAILED
Time Taken: 50
Size: 32
Timestamp: Fri Nov 09 23:34:46 AEDT 2018
TestStep: BankDetails_CC_US_PM_LOCAL

----------------- Messages ------------------------------
[Valid HTTP Status Codes] Response status code:200 is not in acceptable list of status codes
[Contains] Missing token [Invalid 'aba' for country code 'US'] in Response

----------------- Properties ------------------------------
HTTP Version: HTTP/1.1
Endpoint: http://preview.airwallex.com:30001
Encoding: UTF-8
Method: POST
StatusCode: 200
URL: http://preview.airwallex.com:30001/bank

---------------- Request ---------------------------
Connection: [Keep-Alive]
User-Agent: [Apache-HttpClient/4.1.1 (java 1.5)]
Host: [preview.airwallex.com:30001]
Accept-Encoding: [gzip,deflate]
Content-Length: [158]
Content-Type: [application/json;charset=UTF-8]

POST http://preview.airwallex.com:30001/bank HTTP/1.1
Accept-Encoding: gzip,deflate
Content-Type: application/json;charset=UTF-8
Content-Length: 158
Host: preview.airwallex.com:30001
Connection: Keep-Alive
User-Agent: Apache-HttpClient/4.1.1 (java 1.5)

{"payment_method": "LOCAL", 
"bank_country_code": "US", 
"account_name": "AUTO JNW21", 
"account_number": "52761268", 
"swift_code": "", 
"aba": "328736#@#" }

---------------- Response --------------------------
Access-Control-Allow-Origin: [*]
ETag: [W/"20-RSynxcE0cLbM1GvqyRovjufvmXw"]
Connection: [keep-alive]
#status#: [HTTP/1.1 200 OK]
Content-Length: [32]
Access-Control-Allow-Headers: [Origin, X-Requested-With, Content-Type, Accept]
Date: [Fri, 09 Nov 2018 12:34:43 GMT]
X-Powered-By: [Express]
Content-Type: [application/json; charset=utf-8]

{"success":"Bank details saved"}
Contains in [BankDetails_CC_US_PM_LOCAL] failed;
[Missing token [Invalid 'aba' for country code 'US'] in Response]
Status: FAILED
Time Taken: 50
Size: 32
Timestamp: Fri Nov 09 23:34:46 AEDT 2018
TestStep: BankDetails_CC_US_PM_LOCAL

----------------- Messages ------------------------------
[Valid HTTP Status Codes] Response status code:200 is not in acceptable list of status codes
[Contains] Missing token [Invalid 'aba' for country code 'US'] in Response

----------------- Properties ------------------------------
HTTP Version: HTTP/1.1
Endpoint: http://preview.airwallex.com:30001
Encoding: UTF-8
Method: POST
StatusCode: 200
URL: http://preview.airwallex.com:30001/bank

---------------- Request ---------------------------
Connection: [Keep-Alive]
User-Agent: [Apache-HttpClient/4.1.1 (java 1.5)]
Host: [preview.airwallex.com:30001]
Accept-Encoding: [gzip,deflate]
Content-Length: [158]
Content-Type: [application/json;charset=UTF-8]

POST http://preview.airwallex.com:30001/bank HTTP/1.1
Accept-Encoding: gzip,deflate
Content-Type: application/json;charset=UTF-8
Content-Length: 158
Host: preview.airwallex.com:30001
Connection: Keep-Alive
User-Agent: Apache-HttpClient/4.1.1 (java 1.5)

{"payment_method": "LOCAL", 
"bank_country_code": "US", 
"account_name": "AUTO JNW21", 
"account_number": "52761268", 
"swift_code": "", 
"aba": "328736#@#" }

---------------- Response --------------------------
Access-Control-Allow-Origin: [*]
ETag: [W/"20-RSynxcE0cLbM1GvqyRovjufvmXw"]
Connection: [keep-alive]
#status#: [HTTP/1.1 200 OK]
Content-Length: [32]
Access-Control-Allow-Headers: [Origin, X-Requested-With, Content-Type, Accept]
Date: [Fri, 09 Nov 2018 12:34:43 GMT]
X-Powered-By: [Express]
Content-Type: [application/json; charset=utf-8]

{"success":"Bank details saved"}
Valid HTTP Status Codes in [BankDetails_CC_US_PM_LOCAL] failed;
[Response status code:200 is not in acceptable list of status codes]
Status: FAILED
Time Taken: 55
Size: 32
Timestamp: Fri Nov 09 23:34:46 AEDT 2018
TestStep: BankDetails_CC_US_PM_LOCAL

----------------- Messages ------------------------------
[Valid HTTP Status Codes] Response status code:200 is not in acceptable list of status codes
[Contains] Missing token [‘aba’ is required when the country code is: US] in Response

----------------- Properties ------------------------------
HTTP Version: HTTP/1.1
Endpoint: http://preview.airwallex.com:30001
Encoding: UTF-8
Method: POST
StatusCode: 200
URL: http://preview.airwallex.com:30001/bank

---------------- Request ---------------------------
Connection: [Keep-Alive]
User-Agent: [Apache-HttpClient/4.1.1 (java 1.5)]
Host: [preview.airwallex.com:30001]
Accept-Encoding: [gzip,deflate]
Content-Length: [149]
Content-Type: [application/json;charset=UTF-8]

POST http://preview.airwallex.com:30001/bank HTTP/1.1
Accept-Encoding: gzip,deflate
Content-Type: application/json;charset=UTF-8
Content-Length: 149
Host: preview.airwallex.com:30001
Connection: Keep-Alive
User-Agent: Apache-HttpClient/4.1.1 (java 1.5)

{"payment_method": "LOCAL", 
"bank_country_code": "US", 
"account_name": "AUTO KICT2", 
"account_number": "82743645", 
"swift_code": "", 
"aba": "" }

---------------- Response --------------------------
Access-Control-Allow-Origin: [*]
ETag: [W/"20-RSynxcE0cLbM1GvqyRovjufvmXw"]
Connection: [keep-alive]
#status#: [HTTP/1.1 200 OK]
Content-Length: [32]
Access-Control-Allow-Headers: [Origin, X-Requested-With, Content-Type, Accept]
Date: [Fri, 09 Nov 2018 12:34:44 GMT]
X-Powered-By: [Express]
Content-Type: [application/json; charset=utf-8]

{"success":"Bank details saved"}
Contains in [BankDetails_CC_US_PM_LOCAL] failed;
[Missing token [‘aba’ is required when the country code is: US] in Response]
Status: FAILED
Time Taken: 55
Size: 32
Timestamp: Fri Nov 09 23:34:46 AEDT 2018
TestStep: BankDetails_CC_US_PM_LOCAL

----------------- Messages ------------------------------
[Valid HTTP Status Codes] Response status code:200 is not in acceptable list of status codes
[Contains] Missing token [‘aba’ is required when the country code is: US] in Response

----------------- Properties ------------------------------
HTTP Version: HTTP/1.1
Endpoint: http://preview.airwallex.com:30001
Encoding: UTF-8
Method: POST
StatusCode: 200
URL: http://preview.airwallex.com:30001/bank

---------------- Request ---------------------------
Connection: [Keep-Alive]
User-Agent: [Apache-HttpClient/4.1.1 (java 1.5)]
Host: [preview.airwallex.com:30001]
Accept-Encoding: [gzip,deflate]
Content-Length: [149]
Content-Type: [application/json;charset=UTF-8]

POST http://preview.airwallex.com:30001/bank HTTP/1.1
Accept-Encoding: gzip,deflate
Content-Type: application/json;charset=UTF-8
Content-Length: 149
Host: preview.airwallex.com:30001
Connection: Keep-Alive
User-Agent: Apache-HttpClient/4.1.1 (java 1.5)

{"payment_method": "LOCAL", 
"bank_country_code": "US", 
"account_name": "AUTO KICT2", 
"account_number": "82743645", 
"swift_code": "", 
"aba": "" }

---------------- Response --------------------------
Access-Control-Allow-Origin: [*]
ETag: [W/"20-RSynxcE0cLbM1GvqyRovjufvmXw"]
Connection: [keep-alive]
#status#: [HTTP/1.1 200 OK]
Content-Length: [32]
Access-Control-Allow-Headers: [Origin, X-Requested-With, Content-Type, Accept]
Date: [Fri, 09 Nov 2018 12:34:44 GMT]
X-Powered-By: [Express]
Content-Type: [application/json; charset=utf-8]

{"success":"Bank details saved"}
Valid HTTP Status Codes in [BankDetails_AU_LOCAL] failed;
[Response status code:200 is not in acceptable list of status codes]
Status: FAILED
Time Taken: 28
Size: 32
Timestamp: Fri Nov 09 23:34:47 AEDT 2018
TestStep: BankDetails_AU_LOCAL

----------------- Messages ------------------------------
[Valid HTTP Status Codes] Response status code:200 is not in acceptable list of status codes
[Contains] Missing token [Invalid account number] in Response

----------------- Properties ------------------------------
HTTP Version: HTTP/1.1
Endpoint: http://preview.airwallex.com:30001
Encoding: UTF-8
Method: POST
StatusCode: 200
URL: http://preview.airwallex.com:30001/bank

---------------- Request ---------------------------
Connection: [Keep-Alive]
User-Agent: [Apache-HttpClient/4.1.1 (java 1.5)]
Host: [preview.airwallex.com:30001]
Accept-Encoding: [gzip,deflate]
Content-Length: [155]
Content-Type: [application/json;charset=UTF-8]

POST http://preview.airwallex.com:30001/bank HTTP/1.1
Accept-Encoding: gzip,deflate
Content-Type: application/json;charset=UTF-8
Content-Length: 155
Host: preview.airwallex.com:30001
Connection: Keep-Alive
User-Agent: Apache-HttpClient/4.1.1 (java 1.5)

{"payment_method": "LOCAL", 
"bank_country_code": "AU", 
"account_name": "AUTO HCICS", 
"account_number": "4050662#", 
"swift_code": "", 
"bsb": "828821" }

---------------- Response --------------------------
Access-Control-Allow-Origin: [*]
ETag: [W/"20-RSynxcE0cLbM1GvqyRovjufvmXw"]
Connection: [keep-alive]
#status#: [HTTP/1.1 200 OK]
Content-Length: [32]
Access-Control-Allow-Headers: [Origin, X-Requested-With, Content-Type, Accept]
Date: [Fri, 09 Nov 2018 12:34:44 GMT]
X-Powered-By: [Express]
Content-Type: [application/json; charset=utf-8]

{"success":"Bank details saved"}
Contains in [BankDetails_AU_LOCAL] failed;
[Missing token [Invalid account number] in Response]
Status: FAILED
Time Taken: 28
Size: 32
Timestamp: Fri Nov 09 23:34:47 AEDT 2018
TestStep: BankDetails_AU_LOCAL

----------------- Messages ------------------------------
[Valid HTTP Status Codes] Response status code:200 is not in acceptable list of status codes
[Contains] Missing token [Invalid account number] in Response

----------------- Properties ------------------------------
HTTP Version: HTTP/1.1
Endpoint: http://preview.airwallex.com:30001
Encoding: UTF-8
Method: POST
StatusCode: 200
URL: http://preview.airwallex.com:30001/bank

---------------- Request ---------------------------
Connection: [Keep-Alive]
User-Agent: [Apache-HttpClient/4.1.1 (java 1.5)]
Host: [preview.airwallex.com:30001]
Accept-Encoding: [gzip,deflate]
Content-Length: [155]
Content-Type: [application/json;charset=UTF-8]

POST http://preview.airwallex.com:30001/bank HTTP/1.1
Accept-Encoding: gzip,deflate
Content-Type: application/json;charset=UTF-8
Content-Length: 155
Host: preview.airwallex.com:30001
Connection: Keep-Alive
User-Agent: Apache-HttpClient/4.1.1 (java 1.5)

{"payment_method": "LOCAL", 
"bank_country_code": "AU", 
"account_name": "AUTO HCICS", 
"account_number": "4050662#", 
"swift_code": "", 
"bsb": "828821" }

---------------- Response --------------------------
Access-Control-Allow-Origin: [*]
ETag: [W/"20-RSynxcE0cLbM1GvqyRovjufvmXw"]
Connection: [keep-alive]
#status#: [HTTP/1.1 200 OK]
Content-Length: [32]
Access-Control-Allow-Headers: [Origin, X-Requested-With, Content-Type, Accept]
Date: [Fri, 09 Nov 2018 12:34:44 GMT]
X-Powered-By: [Express]
Content-Type: [application/json; charset=utf-8]

{"success":"Bank details saved"}
Contains in [BankDetails_AU_5-digit_AcctNo] failed;
[Missing token [Length of account_number should be between 6 and 9 when bank_country_code is 'AU'] in Response]
Status: FAILED
Time Taken: 52
Size: 94
Timestamp: Fri Nov 09 23:34:47 AEDT 2018
TestStep: BankDetails_AU_5-digit_AcctNo

----------------- Messages ------------------------------
[Contains] Missing token [Length of account_number should be between 6 and 9 when bank_country_code is 'AU'] in Response

----------------- Properties ------------------------------
HTTP Version: HTTP/1.1
Endpoint: http://preview.airwallex.com:30001
Encoding: UTF-8
Method: POST
StatusCode: 400
URL: http://preview.airwallex.com:30001/bank

---------------- Request ---------------------------
Connection: [Keep-Alive]
User-Agent: [Apache-HttpClient/4.1.1 (java 1.5)]
Host: [preview.airwallex.com:30001]
Accept-Encoding: [gzip,deflate]
Content-Length: [152]
Content-Type: [application/json;charset=UTF-8]

POST http://preview.airwallex.com:30001/bank HTTP/1.1
Accept-Encoding: gzip,deflate
Content-Type: application/json;charset=UTF-8
Content-Length: 152
Host: preview.airwallex.com:30001
Connection: Keep-Alive
User-Agent: Apache-HttpClient/4.1.1 (java 1.5)

{"payment_method": "LOCAL", 
"bank_country_code": "AU", 
"account_name": "AUTO VDEYD", 
"account_number": "64615", 
"swift_code": "", 
"bsb": "812416" }

---------------- Response --------------------------
Access-Control-Allow-Origin: [*]
ETag: [W/"5e-YVuagmznE6odyYw/9inHioZLp0Q"]
Connection: [keep-alive]
#status#: [HTTP/1.1 400 Bad Request]
Content-Length: [94]
Access-Control-Allow-Headers: [Origin, X-Requested-With, Content-Type, Accept]
Date: [Fri, 09 Nov 2018 12:34:45 GMT]
X-Powered-By: [Express]
Content-Type: [application/json; charset=utf-8]

{"error":"Length of account_number should be between 7 and 11 when bank_country_code is 'US'"}
Valid HTTP Status Codes in [BankDetails_CC_CN_10-digitAcctNo] failed;
[Response status code:400 is not in acceptable list of status codes]
Status: FAILED
Time Taken: 48
Size: 94
Timestamp: Fri Nov 09 23:34:48 AEDT 2018
TestStep: BankDetails_CC_CN_10-digitAcctNo

----------------- Messages ------------------------------
[Valid HTTP Status Codes] Response status code:400 is not in acceptable list of status codes
[Contains] Missing token [Bank details saved] in Response

----------------- Properties ------------------------------
HTTP Version: HTTP/1.1
Endpoint: http://preview.airwallex.com:30001
Encoding: UTF-8
Method: POST
StatusCode: 400
URL: http://preview.airwallex.com:30001/bank

---------------- Request ---------------------------
Connection: [Keep-Alive]
User-Agent: [Apache-HttpClient/4.1.1 (java 1.5)]
Host: [preview.airwallex.com:30001]
Accept-Encoding: [gzip,deflate]
Content-Length: [160]
Content-Type: [application/json;charset=UTF-8]

POST http://preview.airwallex.com:30001/bank HTTP/1.1
Accept-Encoding: gzip,deflate
Content-Type: application/json;charset=UTF-8
Content-Length: 160
Host: preview.airwallex.com:30001
Connection: Keep-Alive
User-Agent: Apache-HttpClient/4.1.1 (java 1.5)

{"payment_method": "LOCAL", 
"bank_country_code": "CN", 
"account_name": "AUTO 38EHH", 
"account_number": "5421003576", 
"swift_code": "", 
"aba": "04238885K" }

---------------- Response --------------------------
Access-Control-Allow-Origin: [*]
ETag: [W/"5e-YVuagmznE6odyYw/9inHioZLp0Q"]
Connection: [keep-alive]
#status#: [HTTP/1.1 400 Bad Request]
Content-Length: [94]
Access-Control-Allow-Headers: [Origin, X-Requested-With, Content-Type, Accept]
Date: [Fri, 09 Nov 2018 12:34:45 GMT]
X-Powered-By: [Express]
Content-Type: [application/json; charset=utf-8]

{"error":"Length of account_number should be between 7 and 11 when bank_country_code is 'US'"}
Contains in [BankDetails_CC_CN_10-digitAcctNo] failed;
[Missing token [Bank details saved] in Response]
Status: FAILED
Time Taken: 48
Size: 94
Timestamp: Fri Nov 09 23:34:48 AEDT 2018
TestStep: BankDetails_CC_CN_10-digitAcctNo

----------------- Messages ------------------------------
[Valid HTTP Status Codes] Response status code:400 is not in acceptable list of status codes
[Contains] Missing token [Bank details saved] in Response

----------------- Properties ------------------------------
HTTP Version: HTTP/1.1
Endpoint: http://preview.airwallex.com:30001
Encoding: UTF-8
Method: POST
StatusCode: 400
URL: http://preview.airwallex.com:30001/bank

---------------- Request ---------------------------
Connection: [Keep-Alive]
User-Agent: [Apache-HttpClient/4.1.1 (java 1.5)]
Host: [preview.airwallex.com:30001]
Accept-Encoding: [gzip,deflate]
Content-Length: [160]
Content-Type: [application/json;charset=UTF-8]

POST http://preview.airwallex.com:30001/bank HTTP/1.1
Accept-Encoding: gzip,deflate
Content-Type: application/json;charset=UTF-8
Content-Length: 160
Host: preview.airwallex.com:30001
Connection: Keep-Alive
User-Agent: Apache-HttpClient/4.1.1 (java 1.5)

{"payment_method": "LOCAL", 
"bank_country_code": "CN", 
"account_name": "AUTO 38EHH", 
"account_number": "5421003576", 
"swift_code": "", 
"aba": "04238885K" }

---------------- Response --------------------------
Access-Control-Allow-Origin: [*]
ETag: [W/"5e-YVuagmznE6odyYw/9inHioZLp0Q"]
Connection: [keep-alive]
#status#: [HTTP/1.1 400 Bad Request]
Content-Length: [94]
Access-Control-Allow-Headers: [Origin, X-Requested-With, Content-Type, Accept]
Date: [Fri, 09 Nov 2018 12:34:45 GMT]
X-Powered-By: [Express]
Content-Type: [application/json; charset=utf-8]

{"error":"Length of account_number should be between 7 and 11 when bank_country_code is 'US'"}
Valid HTTP Status Codes in [BankDetails_CC_CN_7-digitAcctNo] failed;
[Response status code:200 is not in acceptable list of status codes]
Status: FAILED
Time Taken: 51
Size: 32
Timestamp: Fri Nov 09 23:34:48 AEDT 2018
TestStep: BankDetails_CC_CN_7-digitAcctNo

----------------- Messages ------------------------------
[Valid HTTP Status Codes] Response status code:200 is not in acceptable list of status codes
[Contains] Missing token ["Length of account_number should be between 8 and 20 when bank_country_code is 'CN'] in Response

----------------- Properties ------------------------------
HTTP Version: HTTP/1.1
Endpoint: http://preview.airwallex.com:30001
Encoding: UTF-8
Method: POST
StatusCode: 200
URL: http://preview.airwallex.com:30001/bank

---------------- Request ---------------------------
Connection: [Keep-Alive]
User-Agent: [Apache-HttpClient/4.1.1 (java 1.5)]
Host: [preview.airwallex.com:30001]
Accept-Encoding: [gzip,deflate]
Content-Length: [157]
Content-Type: [application/json;charset=UTF-8]

POST http://preview.airwallex.com:30001/bank HTTP/1.1
Accept-Encoding: gzip,deflate
Content-Type: application/json;charset=UTF-8
Content-Length: 157
Host: preview.airwallex.com:30001
Connection: Keep-Alive
User-Agent: Apache-HttpClient/4.1.1 (java 1.5)

{"payment_method": "LOCAL", 
"bank_country_code": "CN", 
"account_name": "AUTO XZM6Q", 
"account_number": "7105055", 
"swift_code": "", 
"aba": "42370788W" }

---------------- Response --------------------------
Access-Control-Allow-Origin: [*]
ETag: [W/"20-RSynxcE0cLbM1GvqyRovjufvmXw"]
Connection: [keep-alive]
#status#: [HTTP/1.1 200 OK]
Content-Length: [32]
Access-Control-Allow-Headers: [Origin, X-Requested-With, Content-Type, Accept]
Date: [Fri, 09 Nov 2018 12:34:45 GMT]
X-Powered-By: [Express]
Content-Type: [application/json; charset=utf-8]

{"success":"Bank details saved"}
Contains in [BankDetails_CC_CN_7-digitAcctNo] failed;
[Missing token ["Length of account_number should be between 8 and 20 when bank_country_code is 'CN'] in Response]
Status: FAILED
Time Taken: 51
Size: 32
Timestamp: Fri Nov 09 23:34:48 AEDT 2018
TestStep: BankDetails_CC_CN_7-digitAcctNo

----------------- Messages ------------------------------
[Valid HTTP Status Codes] Response status code:200 is not in acceptable list of status codes
[Contains] Missing token ["Length of account_number should be between 8 and 20 when bank_country_code is 'CN'] in Response

----------------- Properties ------------------------------
HTTP Version: HTTP/1.1
Endpoint: http://preview.airwallex.com:30001
Encoding: UTF-8
Method: POST
StatusCode: 200
URL: http://preview.airwallex.com:30001/bank

---------------- Request ---------------------------
Connection: [Keep-Alive]
User-Agent: [Apache-HttpClient/4.1.1 (java 1.5)]
Host: [preview.airwallex.com:30001]
Accept-Encoding: [gzip,deflate]
Content-Length: [157]
Content-Type: [application/json;charset=UTF-8]

POST http://preview.airwallex.com:30001/bank HTTP/1.1
Accept-Encoding: gzip,deflate
Content-Type: application/json;charset=UTF-8
Content-Length: 157
Host: preview.airwallex.com:30001
Connection: Keep-Alive
User-Agent: Apache-HttpClient/4.1.1 (java 1.5)

{"payment_method": "LOCAL", 
"bank_country_code": "CN", 
"account_name": "AUTO XZM6Q", 
"account_number": "7105055", 
"swift_code": "", 
"aba": "42370788W" }

---------------- Response --------------------------
Access-Control-Allow-Origin: [*]
ETag: [W/"20-RSynxcE0cLbM1GvqyRovjufvmXw"]
Connection: [keep-alive]
#status#: [HTTP/1.1 200 OK]
Content-Length: [32]
Access-Control-Allow-Headers: [Origin, X-Requested-With, Content-Type, Accept]
Date: [Fri, 09 Nov 2018 12:34:45 GMT]
X-Powered-By: [Express]
Content-Type: [application/json; charset=utf-8]

{"success":"Bank details saved"}
Contains in [BankDetails_With_1Char] failed;
[Missing token [Length of account_name should be between 2 and 10] in Response]
Status: FAILED
Time Taken: 58
Size: 834
Timestamp: Fri Nov 09 23:34:58 AEDT 2018
TestStep: BankDetails_With_1Char

----------------- Messages ------------------------------
[Contains] Missing token [Length of account_name should be between 2 and 10] in Response

----------------- Properties ------------------------------
HTTP Version: HTTP/1.1
Endpoint: http://preview.airwallex.com:30001
Encoding: UTF-8
Method: POST
StatusCode: 400
URL: http://preview.airwallex.com:30001/bank

---------------- Request ---------------------------
Connection: [Keep-Alive]
User-Agent: [Apache-HttpClient/4.1.1 (java 1.5)]
Host: [preview.airwallex.com:30001]
Accept-Encoding: [gzip,deflate]
Content-Length: [144]
Content-Type: [application/json;charset=UTF-8]

POST http://preview.airwallex.com:30001/bank HTTP/1.1
Accept-Encoding: gzip,deflate
Content-Type: application/json;charset=UTF-8
Content-Length: 144
Host: preview.airwallex.com:30001
Connection: Keep-Alive
User-Agent: Apache-HttpClient/4.1.1 (java 1.5)

{"payment_method": "LOCAL", 
"bank_country_code": "AU", 
"account_number": "46838703", 
"account_name": "Q", 
"swift_code": "", 
"bsb": "341716"

---------------- Response --------------------------
X-Content-Type-Options: [nosniff]
Content-Security-Policy: [default-src 'self']
Connection: [keep-alive]
#status#: [HTTP/1.1 400 Bad Request]
Content-Length: [834]
Date: [Fri, 09 Nov 2018 12:34:55 GMT]
X-Powered-By: [Express]
Content-Type: [text/html; charset=utf-8]

<!DOCTYPE html>
<html lang="en">
<head>
<meta charset="utf-8">
<title>Error</title>
</head>
<body>
<pre>SyntaxError: Unexpected end of JSON input<br> &nbsp; &nbsp;at JSON.parse (&lt;anonymous&gt;)<br> &nbsp; &nbsp;at parse (/srv/node/node_modules/body-parser/lib/types/json.js:89:19)<br> &nbsp; &nbsp;at /srv/node/node_modules/body-parser/lib/read.js:116:18<br> &nbsp; &nbsp;at invokeCallback (/srv/node/node_modules/raw-body/index.js:224:16)<br> &nbsp; &nbsp;at done (/srv/node/node_modules/raw-body/index.js:213:7)<br> &nbsp; &nbsp;at IncomingMessage.onEnd (/srv/node/node_modules/raw-body/index.js:273:7)<br> &nbsp; &nbsp;at IncomingMessage.emit (events.js:182:13)<br> &nbsp; &nbsp;at endReadableNT (_stream_readable.js:1085:12)<br> &nbsp; &nbsp;at process._tickCallback (internal/process/next_tick.js:63:19)</pre>
</body>
</html>

Contains in [BankDetails_PM_Local] failed;
[Missing token [Length of account_name should be between 2 and 10] in Response]
Status: FAILED
Time Taken: 58
Size: 834
Timestamp: Fri Nov 09 23:34:59 AEDT 2018
TestStep: BankDetails_PM_Local

----------------- Messages ------------------------------
[Contains] Missing token [Length of account_name should be between 2 and 10] in Response

----------------- Properties ------------------------------
HTTP Version: HTTP/1.1
Endpoint: http://preview.airwallex.com:30001
Encoding: UTF-8
Method: POST
StatusCode: 400
URL: http://preview.airwallex.com:30001/bank

---------------- Request ---------------------------
Connection: [Keep-Alive]
User-Agent: [Apache-HttpClient/4.1.1 (java 1.5)]
Host: [preview.airwallex.com:30001]
Accept-Encoding: [gzip,deflate]
Content-Length: [143]
Content-Type: [application/json;charset=UTF-8]

POST http://preview.airwallex.com:30001/bank HTTP/1.1
Accept-Encoding: gzip,deflate
Content-Type: application/json;charset=UTF-8
Content-Length: 143
Host: preview.airwallex.com:30001
Connection: Keep-Alive
User-Agent: Apache-HttpClient/4.1.1 (java 1.5)

{"payment_method": "LOCAL", 
"bank_country_code": "AU", 
"account_number": "65525701", 
"account_name": "", 
"swift_code": "", 
"bsb": "507630"

---------------- Response --------------------------
X-Content-Type-Options: [nosniff]
Content-Security-Policy: [default-src 'self']
Connection: [keep-alive]
#status#: [HTTP/1.1 400 Bad Request]
Content-Length: [834]
Date: [Fri, 09 Nov 2018 12:34:57 GMT]
X-Powered-By: [Express]
Content-Type: [text/html; charset=utf-8]

<!DOCTYPE html>
<html lang="en">
<head>
<meta charset="utf-8">
<title>Error</title>
</head>
<body>
<pre>SyntaxError: Unexpected end of JSON input<br> &nbsp; &nbsp;at JSON.parse (&lt;anonymous&gt;)<br> &nbsp; &nbsp;at parse (/srv/node/node_modules/body-parser/lib/types/json.js:89:19)<br> &nbsp; &nbsp;at /srv/node/node_modules/body-parser/lib/read.js:116:18<br> &nbsp; &nbsp;at invokeCallback (/srv/node/node_modules/raw-body/index.js:224:16)<br> &nbsp; &nbsp;at done (/srv/node/node_modules/raw-body/index.js:213:7)<br> &nbsp; &nbsp;at IncomingMessage.onEnd (/srv/node/node_modules/raw-body/index.js:273:7)<br> &nbsp; &nbsp;at IncomingMessage.emit (events.js:182:13)<br> &nbsp; &nbsp;at endReadableNT (_stream_readable.js:1085:12)<br> &nbsp; &nbsp;at process._tickCallback (internal/process/next_tick.js:63:19)</pre>
</body>
</html>


java.lang.Exception: Valid HTTP Status Codes in [BankDetails_Duplicate] failed;
[Response status code:200 is not in acceptable list of status codes]
Status: FAILED
Time Taken: 39
Size: 32
Timestamp: Fri Nov 09 23:34:42 AEDT 2018
TestStep: BankDetails_Duplicate

----------------- Messages ------------------------------
[Valid HTTP Status Codes] Response status code:200 is not in acceptable list of status codes
[Contains] Missing token [Bank details already registered] in Response

----------------- Properties ------------------------------
HTTP Version: HTTP/1.1
Endpoint: http://preview.airwallex.com:30001
Encoding: UTF-8
Method: POST
StatusCode: 200
URL: http://preview.airwallex.com:30001/bank

---------------- Request ---------------------------
Connection: [Keep-Alive]
User-Agent: [Apache-HttpClient/4.1.1 (java 1.5)]
Host: [preview.airwallex.com:30001]
Accept-Encoding: [gzip,deflate]
Content-Length: [167]
Content-Type: [application/json;charset=UTF-8]

POST http://preview.airwallex.com:30001/bank HTTP/1.1
Accept-Encoding: gzip,deflate
Content-Type: application/json;charset=UTF-8
Content-Length: 167
Host: preview.airwallex.com:30001
Connection: Keep-Alive
User-Agent: Apache-HttpClient/4.1.1 (java 1.5)

{"payment_method": "SWIFT", 
"bank_country_code": "US", 
"account_name": "AUTO JO299", 
"account_number": "42470686", 
"swift_code": "AANEUSRD5", 
"aba": "515273848" }

---------------- Response --------------------------
Access-Control-Allow-Origin: [*]
ETag: [W/"20-RSynxcE0cLbM1GvqyRovjufvmXw"]
Connection: [keep-alive]
#status#: [HTTP/1.1 200 OK]
Content-Length: [32]
Access-Control-Allow-Headers: [Origin, X-Requested-With, Content-Type, Accept]
Date: [Fri, 09 Nov 2018 12:34:39 GMT]
X-Powered-By: [Express]
Content-Type: [application/json; charset=utf-8]

{"success":"Bank details saved"}
Contains in [BankDetails_Duplicate] failed;
[Missing token [Bank details already registered] in Response]
Status: FAILED
Time Taken: 39
Size: 32
Timestamp: Fri Nov 09 23:34:42 AEDT 2018
TestStep: BankDetails_Duplicate

----------------- Messages ------------------------------
[Valid HTTP Status Codes] Response status code:200 is not in acceptable list of status codes
[Contains] Missing token [Bank details already registered] in Response

----------------- Properties ------------------------------
HTTP Version: HTTP/1.1
Endpoint: http://preview.airwallex.com:30001
Encoding: UTF-8
Method: POST
StatusCode: 200
URL: http://preview.airwallex.com:30001/bank

---------------- Request ---------------------------
Connection: [Keep-Alive]
User-Agent: [Apache-HttpClient/4.1.1 (java 1.5)]
Host: [preview.airwallex.com:30001]
Accept-Encoding: [gzip,deflate]
Content-Length: [167]
Content-Type: [application/json;charset=UTF-8]

POST http://preview.airwallex.com:30001/bank HTTP/1.1
Accept-Encoding: gzip,deflate
Content-Type: application/json;charset=UTF-8
Content-Length: 167
Host: preview.airwallex.com:30001
Connection: Keep-Alive
User-Agent: Apache-HttpClient/4.1.1 (java 1.5)

{"payment_method": "SWIFT", 
"bank_country_code": "US", 
"account_name": "AUTO JO299", 
"account_number": "42470686", 
"swift_code": "AANEUSRD5", 
"aba": "515273848" }

---------------- Response --------------------------
Access-Control-Allow-Origin: [*]
ETag: [W/"20-RSynxcE0cLbM1GvqyRovjufvmXw"]
Connection: [keep-alive]
#status#: [HTTP/1.1 200 OK]
Content-Length: [32]
Access-Control-Allow-Headers: [Origin, X-Requested-With, Content-Type, Accept]
Date: [Fri, 09 Nov 2018 12:34:39 GMT]
X-Powered-By: [Express]
Content-Type: [application/json; charset=utf-8]

{"success":"Bank details saved"}
Valid HTTP Status Codes in [BankDetails_CC_AU] failed;
[Response status code:200 is not in acceptable list of status codes]
Status: FAILED
Time Taken: 44
Size: 32
Timestamp: Fri Nov 09 23:34:45 AEDT 2018
TestStep: BankDetails_CC_AU

----------------- Messages ------------------------------
[Valid HTTP Status Codes] Response status code:200 is not in acceptable list of status codes
[Contains] Missing token [The swift code is not valid for the given bank country code: AU] in Response

----------------- Properties ------------------------------
HTTP Version: HTTP/1.1
Endpoint: http://preview.airwallex.com:30001
Encoding: UTF-8
Method: POST
StatusCode: 200
URL: http://preview.airwallex.com:30001/bank

---------------- Request ---------------------------
Connection: [Keep-Alive]
User-Agent: [Apache-HttpClient/4.1.1 (java 1.5)]
Host: [preview.airwallex.com:30001]
Accept-Encoding: [gzip,deflate]
Content-Length: [164]
Content-Type: [application/json;charset=UTF-8]

POST http://preview.airwallex.com:30001/bank HTTP/1.1
Accept-Encoding: gzip,deflate
Content-Type: application/json;charset=UTF-8
Content-Length: 164
Host: preview.airwallex.com:30001
Connection: Keep-Alive
User-Agent: Apache-HttpClient/4.1.1 (java 1.5)

{"payment_method": "SWIFT", 
"bank_country_code": "AU", 
"account_name": "AUTO TPN3L", 
"account_number": "28865131", 
"swift_code": "##GIAUZ27", 
"bsb": "223433" }

---------------- Response --------------------------
Access-Control-Allow-Origin: [*]
ETag: [W/"20-RSynxcE0cLbM1GvqyRovjufvmXw"]
Connection: [keep-alive]
#status#: [HTTP/1.1 200 OK]
Content-Length: [32]
Access-Control-Allow-Headers: [Origin, X-Requested-With, Content-Type, Accept]
Date: [Fri, 09 Nov 2018 12:34:42 GMT]
X-Powered-By: [Express]
Content-Type: [application/json; charset=utf-8]

{"success":"Bank details saved"}
Contains in [BankDetails_CC_AU] failed;
[Missing token [The swift code is not valid for the given bank country code: AU] in Response]
Status: FAILED
Time Taken: 44
Size: 32
Timestamp: Fri Nov 09 23:34:45 AEDT 2018
TestStep: BankDetails_CC_AU

----------------- Messages ------------------------------
[Valid HTTP Status Codes] Response status code:200 is not in acceptable list of status codes
[Contains] Missing token [The swift code is not valid for the given bank country code: AU] in Response

----------------- Properties ------------------------------
HTTP Version: HTTP/1.1
Endpoint: http://preview.airwallex.com:30001
Encoding: UTF-8
Method: POST
StatusCode: 200
URL: http://preview.airwallex.com:30001/bank

---------------- Request ---------------------------
Connection: [Keep-Alive]
User-Agent: [Apache-HttpClient/4.1.1 (java 1.5)]
Host: [preview.airwallex.com:30001]
Accept-Encoding: [gzip,deflate]
Content-Length: [164]
Content-Type: [application/json;charset=UTF-8]

POST http://preview.airwallex.com:30001/bank HTTP/1.1
Accept-Encoding: gzip,deflate
Content-Type: application/json;charset=UTF-8
Content-Length: 164
Host: preview.airwallex.com:30001
Connection: Keep-Alive
User-Agent: Apache-HttpClient/4.1.1 (java 1.5)

{"payment_method": "SWIFT", 
"bank_country_code": "AU", 
"account_name": "AUTO TPN3L", 
"account_number": "28865131", 
"swift_code": "##GIAUZ27", 
"bsb": "223433" }

---------------- Response --------------------------
Access-Control-Allow-Origin: [*]
ETag: [W/"20-RSynxcE0cLbM1GvqyRovjufvmXw"]
Connection: [keep-alive]
#status#: [HTTP/1.1 200 OK]
Content-Length: [32]
Access-Control-Allow-Headers: [Origin, X-Requested-With, Content-Type, Accept]
Date: [Fri, 09 Nov 2018 12:34:42 GMT]
X-Powered-By: [Express]
Content-Type: [application/json; charset=utf-8]

{"success":"Bank details saved"}
Valid HTTP Status Codes in [BankDetails] failed;
[Response status code:200 is not in acceptable list of status codes]
Status: FAILED
Time Taken: 38
Size: 32
Timestamp: Fri Nov 09 23:34:45 AEDT 2018
TestStep: BankDetails

----------------- Messages ------------------------------
[Valid HTTP Status Codes] Response status code:200 is not in acceptable list of status codes
[Contains] Missing token [Invalid 'bsb' for country code: AU] in Response

----------------- Properties ------------------------------
HTTP Version: HTTP/1.1
Endpoint: http://preview.airwallex.com:30001
Encoding: UTF-8
Method: POST
StatusCode: 200
URL: http://preview.airwallex.com:30001/bank

---------------- Request ---------------------------
Connection: [Keep-Alive]
User-Agent: [Apache-HttpClient/4.1.1 (java 1.5)]
Host: [preview.airwallex.com:30001]
Accept-Encoding: [gzip,deflate]
Content-Length: [164]
Content-Type: [application/json;charset=UTF-8]

POST http://preview.airwallex.com:30001/bank HTTP/1.1
Accept-Encoding: gzip,deflate
Content-Type: application/json;charset=UTF-8
Content-Length: 164
Host: preview.airwallex.com:30001
Connection: Keep-Alive
User-Agent: Apache-HttpClient/4.1.1 (java 1.5)

{"payment_method": "SWIFT", 
"bank_country_code": "AU", 
"account_name": "AUTO ZAKHN", 
"account_number": "05300752", 
"swift_code": "ND0KAUPEF", 
"bsb": "#71404" }

---------------- Response --------------------------
Access-Control-Allow-Origin: [*]
ETag: [W/"20-RSynxcE0cLbM1GvqyRovjufvmXw"]
Connection: [keep-alive]
#status#: [HTTP/1.1 200 OK]
Content-Length: [32]
Access-Control-Allow-Headers: [Origin, X-Requested-With, Content-Type, Accept]
Date: [Fri, 09 Nov 2018 12:34:43 GMT]
X-Powered-By: [Express]
Content-Type: [application/json; charset=utf-8]

{"success":"Bank details saved"}
Contains in [BankDetails] failed;
[Missing token [Invalid 'bsb' for country code: AU] in Response]
Status: FAILED
Time Taken: 38
Size: 32
Timestamp: Fri Nov 09 23:34:45 AEDT 2018
TestStep: BankDetails

----------------- Messages ------------------------------
[Valid HTTP Status Codes] Response status code:200 is not in acceptable list of status codes
[Contains] Missing token [Invalid 'bsb' for country code: AU] in Response

----------------- Properties ------------------------------
HTTP Version: HTTP/1.1
Endpoint: http://preview.airwallex.com:30001
Encoding: UTF-8
Method: POST
StatusCode: 200
URL: http://preview.airwallex.com:30001/bank

---------------- Request ---------------------------
Connection: [Keep-Alive]
User-Agent: [Apache-HttpClient/4.1.1 (java 1.5)]
Host: [preview.airwallex.com:30001]
Accept-Encoding: [gzip,deflate]
Content-Length: [164]
Content-Type: [application/json;charset=UTF-8]

POST http://preview.airwallex.com:30001/bank HTTP/1.1
Accept-Encoding: gzip,deflate
Content-Type: application/json;charset=UTF-8
Content-Length: 164
Host: preview.airwallex.com:30001
Connection: Keep-Alive
User-Agent: Apache-HttpClient/4.1.1 (java 1.5)

{"payment_method": "SWIFT", 
"bank_country_code": "AU", 
"account_name": "AUTO ZAKHN", 
"account_number": "05300752", 
"swift_code": "ND0KAUPEF", 
"bsb": "#71404" }

---------------- Response --------------------------
Access-Control-Allow-Origin: [*]
ETag: [W/"20-RSynxcE0cLbM1GvqyRovjufvmXw"]
Connection: [keep-alive]
#status#: [HTTP/1.1 200 OK]
Content-Length: [32]
Access-Control-Allow-Headers: [Origin, X-Requested-With, Content-Type, Accept]
Date: [Fri, 09 Nov 2018 12:34:43 GMT]
X-Powered-By: [Express]
Content-Type: [application/json; charset=utf-8]

{"success":"Bank details saved"}
Valid HTTP Status Codes in [BankDetails_CC_US_PM_LOCAL] failed;
[Response status code:200 is not in acceptable list of status codes]
Status: FAILED
Time Taken: 50
Size: 32
Timestamp: Fri Nov 09 23:34:46 AEDT 2018
TestStep: BankDetails_CC_US_PM_LOCAL

----------------- Messages ------------------------------
[Valid HTTP Status Codes] Response status code:200 is not in acceptable list of status codes
[Contains] Missing token [Invalid 'aba' for country code 'US'] in Response

----------------- Properties ------------------------------
HTTP Version: HTTP/1.1
Endpoint: http://preview.airwallex.com:30001
Encoding: UTF-8
Method: POST
StatusCode: 200
URL: http://preview.airwallex.com:30001/bank

---------------- Request ---------------------------
Connection: [Keep-Alive]
User-Agent: [Apache-HttpClient/4.1.1 (java 1.5)]
Host: [preview.airwallex.com:30001]
Accept-Encoding: [gzip,deflate]
Content-Length: [158]
Content-Type: [application/json;charset=UTF-8]

POST http://preview.airwallex.com:30001/bank HTTP/1.1
Accept-Encoding: gzip,deflate
Content-Type: application/json;charset=UTF-8
Content-Length: 158
Host: preview.airwallex.com:30001
Connection: Keep-Alive
User-Agent: Apache-HttpClient/4.1.1 (java 1.5)

{"payment_method": "LOCAL", 
"bank_country_code": "US", 
"account_name": "AUTO JNW21", 
"account_number": "52761268", 
"swift_code": "", 
"aba": "328736#@#" }

---------------- Response --------------------------
Access-Control-Allow-Origin: [*]
ETag: [W/"20-RSynxcE0cLbM1GvqyRovjufvmXw"]
Connection: [keep-alive]
#status#: [HTTP/1.1 200 OK]
Content-Length: [32]
Access-Control-Allow-Headers: [Origin, X-Requested-With, Content-Type, Accept]
Date: [Fri, 09 Nov 2018 12:34:43 GMT]
X-Powered-By: [Express]
Content-Type: [application/json; charset=utf-8]

{"success":"Bank details saved"}
Contains in [BankDetails_CC_US_PM_LOCAL] failed;
[Missing token [Invalid 'aba' for country code 'US'] in Response]
Status: FAILED
Time Taken: 50
Size: 32
Timestamp: Fri Nov 09 23:34:46 AEDT 2018
TestStep: BankDetails_CC_US_PM_LOCAL

----------------- Messages ------------------------------
[Valid HTTP Status Codes] Response status code:200 is not in acceptable list of status codes
[Contains] Missing token [Invalid 'aba' for country code 'US'] in Response

----------------- Properties ------------------------------
HTTP Version: HTTP/1.1
Endpoint: http://preview.airwallex.com:30001
Encoding: UTF-8
Method: POST
StatusCode: 200
URL: http://preview.airwallex.com:30001/bank

---------------- Request ---------------------------
Connection: [Keep-Alive]
User-Agent: [Apache-HttpClient/4.1.1 (java 1.5)]
Host: [preview.airwallex.com:30001]
Accept-Encoding: [gzip,deflate]
Content-Length: [158]
Content-Type: [application/json;charset=UTF-8]

POST http://preview.airwallex.com:30001/bank HTTP/1.1
Accept-Encoding: gzip,deflate
Content-Type: application/json;charset=UTF-8
Content-Length: 158
Host: preview.airwallex.com:30001
Connection: Keep-Alive
User-Agent: Apache-HttpClient/4.1.1 (java 1.5)

{"payment_method": "LOCAL", 
"bank_country_code": "US", 
"account_name": "AUTO JNW21", 
"account_number": "52761268", 
"swift_code": "", 
"aba": "328736#@#" }

---------------- Response --------------------------
Access-Control-Allow-Origin: [*]
ETag: [W/"20-RSynxcE0cLbM1GvqyRovjufvmXw"]
Connection: [keep-alive]
#status#: [HTTP/1.1 200 OK]
Content-Length: [32]
Access-Control-Allow-Headers: [Origin, X-Requested-With, Content-Type, Accept]
Date: [Fri, 09 Nov 2018 12:34:43 GMT]
X-Powered-By: [Express]
Content-Type: [application/json; charset=utf-8]

{"success":"Bank details saved"}
Valid HTTP Status Codes in [BankDetails_CC_US_PM_LOCAL] failed;
[Response status code:200 is not in acceptable list of status codes]
Status: FAILED
Time Taken: 55
Size: 32
Timestamp: Fri Nov 09 23:34:46 AEDT 2018
TestStep: BankDetails_CC_US_PM_LOCAL

----------------- Messages ------------------------------
[Valid HTTP Status Codes] Response status code:200 is not in acceptable list of status codes
[Contains] Missing token [‘aba’ is required when the country code is: US] in Response

----------------- Properties ------------------------------
HTTP Version: HTTP/1.1
Endpoint: http://preview.airwallex.com:30001
Encoding: UTF-8
Method: POST
StatusCode: 200
URL: http://preview.airwallex.com:30001/bank

---------------- Request ---------------------------
Connection: [Keep-Alive]
User-Agent: [Apache-HttpClient/4.1.1 (java 1.5)]
Host: [preview.airwallex.com:30001]
Accept-Encoding: [gzip,deflate]
Content-Length: [149]
Content-Type: [application/json;charset=UTF-8]

POST http://preview.airwallex.com:30001/bank HTTP/1.1
Accept-Encoding: gzip,deflate
Content-Type: application/json;charset=UTF-8
Content-Length: 149
Host: preview.airwallex.com:30001
Connection: Keep-Alive
User-Agent: Apache-HttpClient/4.1.1 (java 1.5)

{"payment_method": "LOCAL", 
"bank_country_code": "US", 
"account_name": "AUTO KICT2", 
"account_number": "82743645", 
"swift_code": "", 
"aba": "" }

---------------- Response --------------------------
Access-Control-Allow-Origin: [*]
ETag: [W/"20-RSynxcE0cLbM1GvqyRovjufvmXw"]
Connection: [keep-alive]
#status#: [HTTP/1.1 200 OK]
Content-Length: [32]
Access-Control-Allow-Headers: [Origin, X-Requested-With, Content-Type, Accept]
Date: [Fri, 09 Nov 2018 12:34:44 GMT]
X-Powered-By: [Express]
Content-Type: [application/json; charset=utf-8]

{"success":"Bank details saved"}
Contains in [BankDetails_CC_US_PM_LOCAL] failed;
[Missing token [‘aba’ is required when the country code is: US] in Response]
Status: FAILED
Time Taken: 55
Size: 32
Timestamp: Fri Nov 09 23:34:46 AEDT 2018
TestStep: BankDetails_CC_US_PM_LOCAL

----------------- Messages ------------------------------
[Valid HTTP Status Codes] Response status code:200 is not in acceptable list of status codes
[Contains] Missing token [‘aba’ is required when the country code is: US] in Response

----------------- Properties ------------------------------
HTTP Version: HTTP/1.1
Endpoint: http://preview.airwallex.com:30001
Encoding: UTF-8
Method: POST
StatusCode: 200
URL: http://preview.airwallex.com:30001/bank

---------------- Request ---------------------------
Connection: [Keep-Alive]
User-Agent: [Apache-HttpClient/4.1.1 (java 1.5)]
Host: [preview.airwallex.com:30001]
Accept-Encoding: [gzip,deflate]
Content-Length: [149]
Content-Type: [application/json;charset=UTF-8]

POST http://preview.airwallex.com:30001/bank HTTP/1.1
Accept-Encoding: gzip,deflate
Content-Type: application/json;charset=UTF-8
Content-Length: 149
Host: preview.airwallex.com:30001
Connection: Keep-Alive
User-Agent: Apache-HttpClient/4.1.1 (java 1.5)

{"payment_method": "LOCAL", 
"bank_country_code": "US", 
"account_name": "AUTO KICT2", 
"account_number": "82743645", 
"swift_code": "", 
"aba": "" }

---------------- Response --------------------------
Access-Control-Allow-Origin: [*]
ETag: [W/"20-RSynxcE0cLbM1GvqyRovjufvmXw"]
Connection: [keep-alive]
#status#: [HTTP/1.1 200 OK]
Content-Length: [32]
Access-Control-Allow-Headers: [Origin, X-Requested-With, Content-Type, Accept]
Date: [Fri, 09 Nov 2018 12:34:44 GMT]
X-Powered-By: [Express]
Content-Type: [application/json; charset=utf-8]

{"success":"Bank details saved"}
Valid HTTP Status Codes in [BankDetails_AU_LOCAL] failed;
[Response status code:200 is not in acceptable list of status codes]
Status: FAILED
Time Taken: 28
Size: 32
Timestamp: Fri Nov 09 23:34:47 AEDT 2018
TestStep: BankDetails_AU_LOCAL

----------------- Messages ------------------------------
[Valid HTTP Status Codes] Response status code:200 is not in acceptable list of status codes
[Contains] Missing token [Invalid account number] in Response

----------------- Properties ------------------------------
HTTP Version: HTTP/1.1
Endpoint: http://preview.airwallex.com:30001
Encoding: UTF-8
Method: POST
StatusCode: 200
URL: http://preview.airwallex.com:30001/bank

---------------- Request ---------------------------
Connection: [Keep-Alive]
User-Agent: [Apache-HttpClient/4.1.1 (java 1.5)]
Host: [preview.airwallex.com:30001]
Accept-Encoding: [gzip,deflate]
Content-Length: [155]
Content-Type: [application/json;charset=UTF-8]

POST http://preview.airwallex.com:30001/bank HTTP/1.1
Accept-Encoding: gzip,deflate
Content-Type: application/json;charset=UTF-8
Content-Length: 155
Host: preview.airwallex.com:30001
Connection: Keep-Alive
User-Agent: Apache-HttpClient/4.1.1 (java 1.5)

{"payment_method": "LOCAL", 
"bank_country_code": "AU", 
"account_name": "AUTO HCICS", 
"account_number": "4050662#", 
"swift_code": "", 
"bsb": "828821" }

---------------- Response --------------------------
Access-Control-Allow-Origin: [*]
ETag: [W/"20-RSynxcE0cLbM1GvqyRovjufvmXw"]
Connection: [keep-alive]
#status#: [HTTP/1.1 200 OK]
Content-Length: [32]
Access-Control-Allow-Headers: [Origin, X-Requested-With, Content-Type, Accept]
Date: [Fri, 09 Nov 2018 12:34:44 GMT]
X-Powered-By: [Express]
Content-Type: [application/json; charset=utf-8]

{"success":"Bank details saved"}
Contains in [BankDetails_AU_LOCAL] failed;
[Missing token [Invalid account number] in Response]
Status: FAILED
Time Taken: 28
Size: 32
Timestamp: Fri Nov 09 23:34:47 AEDT 2018
TestStep: BankDetails_AU_LOCAL

----------------- Messages ------------------------------
[Valid HTTP Status Codes] Response status code:200 is not in acceptable list of status codes
[Contains] Missing token [Invalid account number] in Response

----------------- Properties ------------------------------
HTTP Version: HTTP/1.1
Endpoint: http://preview.airwallex.com:30001
Encoding: UTF-8
Method: POST
StatusCode: 200
URL: http://preview.airwallex.com:30001/bank

---------------- Request ---------------------------
Connection: [Keep-Alive]
User-Agent: [Apache-HttpClient/4.1.1 (java 1.5)]
Host: [preview.airwallex.com:30001]
Accept-Encoding: [gzip,deflate]
Content-Length: [155]
Content-Type: [application/json;charset=UTF-8]

POST http://preview.airwallex.com:30001/bank HTTP/1.1
Accept-Encoding: gzip,deflate
Content-Type: application/json;charset=UTF-8
Content-Length: 155
Host: preview.airwallex.com:30001
Connection: Keep-Alive
User-Agent: Apache-HttpClient/4.1.1 (java 1.5)

{"payment_method": "LOCAL", 
"bank_country_code": "AU", 
"account_name": "AUTO HCICS", 
"account_number": "4050662#", 
"swift_code": "", 
"bsb": "828821" }

---------------- Response --------------------------
Access-Control-Allow-Origin: [*]
ETag: [W/"20-RSynxcE0cLbM1GvqyRovjufvmXw"]
Connection: [keep-alive]
#status#: [HTTP/1.1 200 OK]
Content-Length: [32]
Access-Control-Allow-Headers: [Origin, X-Requested-With, Content-Type, Accept]
Date: [Fri, 09 Nov 2018 12:34:44 GMT]
X-Powered-By: [Express]
Content-Type: [application/json; charset=utf-8]

{"success":"Bank details saved"}
Contains in [BankDetails_AU_5-digit_AcctNo] failed;
[Missing token [Length of account_number should be between 6 and 9 when bank_country_code is 'AU'] in Response]
Status: FAILED
Time Taken: 52
Size: 94
Timestamp: Fri Nov 09 23:34:47 AEDT 2018
TestStep: BankDetails_AU_5-digit_AcctNo

----------------- Messages ------------------------------
[Contains] Missing token [Length of account_number should be between 6 and 9 when bank_country_code is 'AU'] in Response

----------------- Properties ------------------------------
HTTP Version: HTTP/1.1
Endpoint: http://preview.airwallex.com:30001
Encoding: UTF-8
Method: POST
StatusCode: 400
URL: http://preview.airwallex.com:30001/bank

---------------- Request ---------------------------
Connection: [Keep-Alive]
User-Agent: [Apache-HttpClient/4.1.1 (java 1.5)]
Host: [preview.airwallex.com:30001]
Accept-Encoding: [gzip,deflate]
Content-Length: [152]
Content-Type: [application/json;charset=UTF-8]

POST http://preview.airwallex.com:30001/bank HTTP/1.1
Accept-Encoding: gzip,deflate
Content-Type: application/json;charset=UTF-8
Content-Length: 152
Host: preview.airwallex.com:30001
Connection: Keep-Alive
User-Agent: Apache-HttpClient/4.1.1 (java 1.5)

{"payment_method": "LOCAL", 
"bank_country_code": "AU", 
"account_name": "AUTO VDEYD", 
"account_number": "64615", 
"swift_code": "", 
"bsb": "812416" }

---------------- Response --------------------------
Access-Control-Allow-Origin: [*]
ETag: [W/"5e-YVuagmznE6odyYw/9inHioZLp0Q"]
Connection: [keep-alive]
#status#: [HTTP/1.1 400 Bad Request]
Content-Length: [94]
Access-Control-Allow-Headers: [Origin, X-Requested-With, Content-Type, Accept]
Date: [Fri, 09 Nov 2018 12:34:45 GMT]
X-Powered-By: [Express]
Content-Type: [application/json; charset=utf-8]

{"error":"Length of account_number should be between 7 and 11 when bank_country_code is 'US'"}
Valid HTTP Status Codes in [BankDetails_CC_CN_10-digitAcctNo] failed;
[Response status code:400 is not in acceptable list of status codes]
Status: FAILED
Time Taken: 48
Size: 94
Timestamp: Fri Nov 09 23:34:48 AEDT 2018
TestStep: BankDetails_CC_CN_10-digitAcctNo

----------------- Messages ------------------------------
[Valid HTTP Status Codes] Response status code:400 is not in acceptable list of status codes
[Contains] Missing token [Bank details saved] in Response

----------------- Properties ------------------------------
HTTP Version: HTTP/1.1
Endpoint: http://preview.airwallex.com:30001
Encoding: UTF-8
Method: POST
StatusCode: 400
URL: http://preview.airwallex.com:30001/bank

---------------- Request ---------------------------
Connection: [Keep-Alive]
User-Agent: [Apache-HttpClient/4.1.1 (java 1.5)]
Host: [preview.airwallex.com:30001]
Accept-Encoding: [gzip,deflate]
Content-Length: [160]
Content-Type: [application/json;charset=UTF-8]

POST http://preview.airwallex.com:30001/bank HTTP/1.1
Accept-Encoding: gzip,deflate
Content-Type: application/json;charset=UTF-8
Content-Length: 160
Host: preview.airwallex.com:30001
Connection: Keep-Alive
User-Agent: Apache-HttpClient/4.1.1 (java 1.5)

{"payment_method": "LOCAL", 
"bank_country_code": "CN", 
"account_name": "AUTO 38EHH", 
"account_number": "5421003576", 
"swift_code": "", 
"aba": "04238885K" }

---------------- Response --------------------------
Access-Control-Allow-Origin: [*]
ETag: [W/"5e-YVuagmznE6odyYw/9inHioZLp0Q"]
Connection: [keep-alive]
#status#: [HTTP/1.1 400 Bad Request]
Content-Length: [94]
Access-Control-Allow-Headers: [Origin, X-Requested-With, Content-Type, Accept]
Date: [Fri, 09 Nov 2018 12:34:45 GMT]
X-Powered-By: [Express]
Content-Type: [application/json; charset=utf-8]

{"error":"Length of account_number should be between 7 and 11 when bank_country_code is 'US'"}
Contains in [BankDetails_CC_CN_10-digitAcctNo] failed;
[Missing token [Bank details saved] in Response]
Status: FAILED
Time Taken: 48
Size: 94
Timestamp: Fri Nov 09 23:34:48 AEDT 2018
TestStep: BankDetails_CC_CN_10-digitAcctNo

----------------- Messages ------------------------------
[Valid HTTP Status Codes] Response status code:400 is not in acceptable list of status codes
[Contains] Missing token [Bank details saved] in Response

----------------- Properties ------------------------------
HTTP Version: HTTP/1.1
Endpoint: http://preview.airwallex.com:30001
Encoding: UTF-8
Method: POST
StatusCode: 400
URL: http://preview.airwallex.com:30001/bank

---------------- Request ---------------------------
Connection: [Keep-Alive]
User-Agent: [Apache-HttpClient/4.1.1 (java 1.5)]
Host: [preview.airwallex.com:30001]
Accept-Encoding: [gzip,deflate]
Content-Length: [160]
Content-Type: [application/json;charset=UTF-8]

POST http://preview.airwallex.com:30001/bank HTTP/1.1
Accept-Encoding: gzip,deflate
Content-Type: application/json;charset=UTF-8
Content-Length: 160
Host: preview.airwallex.com:30001
Connection: Keep-Alive
User-Agent: Apache-HttpClient/4.1.1 (java 1.5)

{"payment_method": "LOCAL", 
"bank_country_code": "CN", 
"account_name": "AUTO 38EHH", 
"account_number": "5421003576", 
"swift_code": "", 
"aba": "04238885K" }

---------------- Response --------------------------
Access-Control-Allow-Origin: [*]
ETag: [W/"5e-YVuagmznE6odyYw/9inHioZLp0Q"]
Connection: [keep-alive]
#status#: [HTTP/1.1 400 Bad Request]
Content-Length: [94]
Access-Control-Allow-Headers: [Origin, X-Requested-With, Content-Type, Accept]
Date: [Fri, 09 Nov 2018 12:34:45 GMT]
X-Powered-By: [Express]
Content-Type: [application/json; charset=utf-8]

{"error":"Length of account_number should be between 7 and 11 when bank_country_code is 'US'"}
Valid HTTP Status Codes in [BankDetails_CC_CN_7-digitAcctNo] failed;
[Response status code:200 is not in acceptable list of status codes]
Status: FAILED
Time Taken: 51
Size: 32
Timestamp: Fri Nov 09 23:34:48 AEDT 2018
TestStep: BankDetails_CC_CN_7-digitAcctNo

----------------- Messages ------------------------------
[Valid HTTP Status Codes] Response status code:200 is not in acceptable list of status codes
[Contains] Missing token ["Length of account_number should be between 8 and 20 when bank_country_code is 'CN'] in Response

----------------- Properties ------------------------------
HTTP Version: HTTP/1.1
Endpoint: http://preview.airwallex.com:30001
Encoding: UTF-8
Method: POST
StatusCode: 200
URL: http://preview.airwallex.com:30001/bank

---------------- Request ---------------------------
Connection: [Keep-Alive]
User-Agent: [Apache-HttpClient/4.1.1 (java 1.5)]
Host: [preview.airwallex.com:30001]
Accept-Encoding: [gzip,deflate]
Content-Length: [157]
Content-Type: [application/json;charset=UTF-8]

POST http://preview.airwallex.com:30001/bank HTTP/1.1
Accept-Encoding: gzip,deflate
Content-Type: application/json;charset=UTF-8
Content-Length: 157
Host: preview.airwallex.com:30001
Connection: Keep-Alive
User-Agent: Apache-HttpClient/4.1.1 (java 1.5)

{"payment_method": "LOCAL", 
"bank_country_code": "CN", 
"account_name": "AUTO XZM6Q", 
"account_number": "7105055", 
"swift_code": "", 
"aba": "42370788W" }

---------------- Response --------------------------
Access-Control-Allow-Origin: [*]
ETag: [W/"20-RSynxcE0cLbM1GvqyRovjufvmXw"]
Connection: [keep-alive]
#status#: [HTTP/1.1 200 OK]
Content-Length: [32]
Access-Control-Allow-Headers: [Origin, X-Requested-With, Content-Type, Accept]
Date: [Fri, 09 Nov 2018 12:34:45 GMT]
X-Powered-By: [Express]
Content-Type: [application/json; charset=utf-8]

{"success":"Bank details saved"}
Contains in [BankDetails_CC_CN_7-digitAcctNo] failed;
[Missing token ["Length of account_number should be between 8 and 20 when bank_country_code is 'CN'] in Response]
Status: FAILED
Time Taken: 51
Size: 32
Timestamp: Fri Nov 09 23:34:48 AEDT 2018
TestStep: BankDetails_CC_CN_7-digitAcctNo

----------------- Messages ------------------------------
[Valid HTTP Status Codes] Response status code:200 is not in acceptable list of status codes
[Contains] Missing token ["Length of account_number should be between 8 and 20 when bank_country_code is 'CN'] in Response

----------------- Properties ------------------------------
HTTP Version: HTTP/1.1
Endpoint: http://preview.airwallex.com:30001
Encoding: UTF-8
Method: POST
StatusCode: 200
URL: http://preview.airwallex.com:30001/bank

---------------- Request ---------------------------
Connection: [Keep-Alive]
User-Agent: [Apache-HttpClient/4.1.1 (java 1.5)]
Host: [preview.airwallex.com:30001]
Accept-Encoding: [gzip,deflate]
Content-Length: [157]
Content-Type: [application/json;charset=UTF-8]

POST http://preview.airwallex.com:30001/bank HTTP/1.1
Accept-Encoding: gzip,deflate
Content-Type: application/json;charset=UTF-8
Content-Length: 157
Host: preview.airwallex.com:30001
Connection: Keep-Alive
User-Agent: Apache-HttpClient/4.1.1 (java 1.5)

{"payment_method": "LOCAL", 
"bank_country_code": "CN", 
"account_name": "AUTO XZM6Q", 
"account_number": "7105055", 
"swift_code": "", 
"aba": "42370788W" }

---------------- Response --------------------------
Access-Control-Allow-Origin: [*]
ETag: [W/"20-RSynxcE0cLbM1GvqyRovjufvmXw"]
Connection: [keep-alive]
#status#: [HTTP/1.1 200 OK]
Content-Length: [32]
Access-Control-Allow-Headers: [Origin, X-Requested-With, Content-Type, Accept]
Date: [Fri, 09 Nov 2018 12:34:45 GMT]
X-Powered-By: [Express]
Content-Type: [application/json; charset=utf-8]

{"success":"Bank details saved"}
Contains in [BankDetails_With_1Char] failed;
[Missing token [Length of account_name should be between 2 and 10] in Response]
Status: FAILED
Time Taken: 58
Size: 834
Timestamp: Fri Nov 09 23:34:58 AEDT 2018
TestStep: BankDetails_With_1Char

----------------- Messages ------------------------------
[Contains] Missing token [Length of account_name should be between 2 and 10] in Response

----------------- Properties ------------------------------
HTTP Version: HTTP/1.1
Endpoint: http://preview.airwallex.com:30001
Encoding: UTF-8
Method: POST
StatusCode: 400
URL: http://preview.airwallex.com:30001/bank

---------------- Request ---------------------------
Connection: [Keep-Alive]
User-Agent: [Apache-HttpClient/4.1.1 (java 1.5)]
Host: [preview.airwallex.com:30001]
Accept-Encoding: [gzip,deflate]
Content-Length: [144]
Content-Type: [application/json;charset=UTF-8]

POST http://preview.airwallex.com:30001/bank HTTP/1.1
Accept-Encoding: gzip,deflate
Content-Type: application/json;charset=UTF-8
Content-Length: 144
Host: preview.airwallex.com:30001
Connection: Keep-Alive
User-Agent: Apache-HttpClient/4.1.1 (java 1.5)

{"payment_method": "LOCAL", 
"bank_country_code": "AU", 
"account_number": "46838703", 
"account_name": "Q", 
"swift_code": "", 
"bsb": "341716"

---------------- Response --------------------------
X-Content-Type-Options: [nosniff]
Content-Security-Policy: [default-src 'self']
Connection: [keep-alive]
#status#: [HTTP/1.1 400 Bad Request]
Content-Length: [834]
Date: [Fri, 09 Nov 2018 12:34:55 GMT]
X-Powered-By: [Express]
Content-Type: [text/html; charset=utf-8]

<!DOCTYPE html>
<html lang="en">
<head>
<meta charset="utf-8">
<title>Error</title>
</head>
<body>
<pre>SyntaxError: Unexpected end of JSON input<br> &nbsp; &nbsp;at JSON.parse (&lt;anonymous&gt;)<br> &nbsp; &nbsp;at parse (/srv/node/node_modules/body-parser/lib/types/json.js:89:19)<br> &nbsp; &nbsp;at /srv/node/node_modules/body-parser/lib/read.js:116:18<br> &nbsp; &nbsp;at invokeCallback (/srv/node/node_modules/raw-body/index.js:224:16)<br> &nbsp; &nbsp;at done (/srv/node/node_modules/raw-body/index.js:213:7)<br> &nbsp; &nbsp;at IncomingMessage.onEnd (/srv/node/node_modules/raw-body/index.js:273:7)<br> &nbsp; &nbsp;at IncomingMessage.emit (events.js:182:13)<br> &nbsp; &nbsp;at endReadableNT (_stream_readable.js:1085:12)<br> &nbsp; &nbsp;at process._tickCallback (internal/process/next_tick.js:63:19)</pre>
</body>
</html>

Contains in [BankDetails_PM_Local] failed;
[Missing token [Length of account_name should be between 2 and 10] in Response]
Status: FAILED
Time Taken: 58
Size: 834
Timestamp: Fri Nov 09 23:34:59 AEDT 2018
TestStep: BankDetails_PM_Local

----------------- Messages ------------------------------
[Contains] Missing token [Length of account_name should be between 2 and 10] in Response

----------------- Properties ------------------------------
HTTP Version: HTTP/1.1
Endpoint: http://preview.airwallex.com:30001
Encoding: UTF-8
Method: POST
StatusCode: 400
URL: http://preview.airwallex.com:30001/bank

---------------- Request ---------------------------
Connection: [Keep-Alive]
User-Agent: [Apache-HttpClient/4.1.1 (java 1.5)]
Host: [preview.airwallex.com:30001]
Accept-Encoding: [gzip,deflate]
Content-Length: [143]
Content-Type: [application/json;charset=UTF-8]

POST http://preview.airwallex.com:30001/bank HTTP/1.1
Accept-Encoding: gzip,deflate
Content-Type: application/json;charset=UTF-8
Content-Length: 143
Host: preview.airwallex.com:30001
Connection: Keep-Alive
User-Agent: Apache-HttpClient/4.1.1 (java 1.5)

{"payment_method": "LOCAL", 
"bank_country_code": "AU", 
"account_number": "65525701", 
"account_name": "", 
"swift_code": "", 
"bsb": "507630"

---------------- Response --------------------------
X-Content-Type-Options: [nosniff]
Content-Security-Policy: [default-src 'self']
Connection: [keep-alive]
#status#: [HTTP/1.1 400 Bad Request]
Content-Length: [834]
Date: [Fri, 09 Nov 2018 12:34:57 GMT]
X-Powered-By: [Express]
Content-Type: [text/html; charset=utf-8]

<!DOCTYPE html>
<html lang="en">
<head>
<meta charset="utf-8">
<title>Error</title>
</head>
<body>
<pre>SyntaxError: Unexpected end of JSON input<br> &nbsp; &nbsp;at JSON.parse (&lt;anonymous&gt;)<br> &nbsp; &nbsp;at parse (/srv/node/node_modules/body-parser/lib/types/json.js:89:19)<br> &nbsp; &nbsp;at /srv/node/node_modules/body-parser/lib/read.js:116:18<br> &nbsp; &nbsp;at invokeCallback (/srv/node/node_modules/raw-body/index.js:224:16)<br> &nbsp; &nbsp;at done (/srv/node/node_modules/raw-body/index.js:213:7)<br> &nbsp; &nbsp;at IncomingMessage.onEnd (/srv/node/node_modules/raw-body/index.js:273:7)<br> &nbsp; &nbsp;at IncomingMessage.emit (events.js:182:13)<br> &nbsp; &nbsp;at endReadableNT (_stream_readable.js:1085:12)<br> &nbsp; &nbsp;at process._tickCallback (internal/process/next_tick.js:63:19)</pre>
</body>
</html>


	at com.eviware.soapui.tools.SoapUITestCaseRunner.throwFailureException(SoapUITestCaseRunner.java:519)
	at com.eviware.soapui.tools.SoapUITestCaseRunner.runRunner(SoapUITestCaseRunner.java:435)
	at com.eviware.soapui.tools.AbstractSoapUIRunner.run(AbstractSoapUIRunner.java:202)
	at com.eviware.soapui.tools.AbstractSoapUIRunner.run(AbstractSoapUIRunner.java:137)
	at com.eviware.soapui.tools.AbstractSoapUIRunner.runFromCommandLine(AbstractSoapUIRunner.java:112)
	at com.eviware.soapui.tools.SoapUITestCaseRunner.main(SoapUITestCaseRunner.java:122)
